#
# There is insufficient memory for the Java Runtime Environment to continue.
# Native memory allocation (malloc) failed to allocate 2227376 bytes for Chunk::new
# Possible reasons:
#   The system is out of physical RAM or swap space
#   The process is running with CompressedOops enabled, and the Java Heap may be blocking the growth of the native heap
# Possible solutions:
#   Reduce memory load on the system
#   Increase physical memory or swap space
#   Check if swap backing store is full
#   Decrease Java heap size (-Xmx/-Xms)
#   Decrease number of Java threads
#   Decrease Java thread stack sizes (-Xss)
#   Set larger code cache with -XX:ReservedCodeCacheSize=
#   JVM is running with Unscaled Compressed Oops mode in which the Java heap is
#     placed in the first 4GB address space. The Java Heap base address is the
#     maximum limit for the native heap growth. Please use -XX:HeapBaseMinAddress
#     to set the Java Heap base and to place the Java Heap above 4GB virtual address.
# This output file may be truncated or incomplete.
#
#  Out of Memory Error (arena.cpp:189), pid=13124, tid=5208
#
# JRE version: Java(TM) SE Runtime Environment (17.0.4+11) (build 17.0.4+11-LTS-179)
# Java VM: Java HotSpot(TM) 64-Bit Server VM (17.0.4+11-LTS-179, mixed mode, sharing, tiered, compressed oops, compressed class ptrs, g1 gc, windows-amd64)
# No core dump will be written. Minidumps are not enabled by default on client versions of Windows
#

---------------  S U M M A R Y ------------

Command Line: -XX:MaxMetaspaceSize=512m --add-opens=java.base/java.util=ALL-UNNAMED --add-opens=java.base/java.lang=ALL-UNNAMED --add-opens=java.base/java.lang.invoke=ALL-UNNAMED --add-opens=java.prefs/java.util.prefs=ALL-UNNAMED --add-opens=java.base/java.nio.charset=ALL-UNNAMED --add-opens=java.base/java.net=ALL-UNNAMED --add-opens=java.base/java.util.concurrent.atomic=ALL-UNNAMED -Xmx2048m -Dfile.encoding=windows-1252 -Duser.country=ML -Duser.language=fr -Duser.variant -javaagent:C:\Users\keita\.gradle\wrapper\dists\gradle-8.3-all\6en3ugtfdg5xnpx44z4qbwgas\gradle-8.3\lib\agents\gradle-instrumentation-agent-8.3.jar org.gradle.launcher.daemon.bootstrap.GradleDaemon 8.3

Host: Intel(R) Core(TM) i5-8250U CPU @ 1.60GHz, 8 cores, 7G,  Windows 10 , 64 bit Build 19041 (10.0.19041.3636)
Time: Thu Feb 15 16:00:06 2024 Les Açores elapsed time: 16.647152 seconds (0d 0h 0m 16s)

---------------  T H R E A D  ---------------

Current thread (0x00000221ba8778d0):  JavaThread "C2 CompilerThread0" daemon [_thread_in_native, id=5208, stack(0x000000947fe00000,0x000000947ff00000)]


Current CompileTask:
C2:  16647 9476   !   4       com.sun.beans.TypeResolver::resolve (261 bytes)

Stack: [0x000000947fe00000,0x000000947ff00000]
Native frames: (J=compiled Java code, j=interpreted, Vv=VM code, C=native code)
V  [jvm.dll+0x6723da]
V  [jvm.dll+0x7d1f74]
V  [jvm.dll+0x7d371e]
V  [jvm.dll+0x7d3d83]
V  [jvm.dll+0x242ed5]
V  [jvm.dll+0xaa57b]
V  [jvm.dll+0xaab0c]
V  [jvm.dll+0x3603f2]
V  [jvm.dll+0x32a7e1]
V  [jvm.dll+0x329c8a]
V  [jvm.dll+0x215ff1]
V  [jvm.dll+0x215411]
V  [jvm.dll+0x1a1fcd]
V  [jvm.dll+0x224c78]
V  [jvm.dll+0x222de5]
V  [jvm.dll+0x787a5b]
V  [jvm.dll+0x78201a]
V  [jvm.dll+0x671265]
C  [ucrtbase.dll+0x21bb2]
C  [KERNEL32.DLL+0x17344]
C  [ntdll.dll+0x526b1]


---------------  P R O C E S S  ---------------

Threads class SMR info:
_java_thread_list=0x00000221c33e82a0, length=89, elements={
0x000002219c68b920, 0x00000221ba857b10, 0x00000221ba85a8a0, 0x00000221ba86deb0,
0x00000221ba86e970, 0x00000221ba871340, 0x00000221ba874c20, 0x00000221ba8778d0,
0x00000221ba87b780, 0x00000221ba87c080, 0x00000221ba8451d0, 0x00000221bb5953f0,
0x00000221bcf9d070, 0x00000221bbfd4ee0, 0x00000221bcdfb070, 0x00000221bd3dc850,
0x00000221bd3dcd20, 0x00000221bdc86170, 0x00000221bc7ba630, 0x00000221bd820470,
0x00000221bd820940, 0x00000221bd81f600, 0x00000221bd81ffa0, 0x00000221bd820e10,
0x00000221bd81fad0, 0x00000221bd668d10, 0x00000221bd6679d0, 0x00000221bd666b60,
0x00000221bd667030, 0x00000221bd666690, 0x00000221bd6661c0, 0x00000221bd6691e0,
0x00000221bd6696b0, 0x00000221bd668370, 0x00000221c07c2ac0, 0x00000221c07c5fb0,
0x00000221c07c3930, 0x00000221c07c5140, 0x00000221c07c42d0, 0x00000221c07c3e00,
0x00000221c07c5610, 0x00000221c0f0b1a0, 0x00000221c0f0e690, 0x00000221c0f0dcf0,
0x00000221c0f0e1c0, 0x00000221c0f0d820, 0x00000221c0f0eb60, 0x00000221c0f07310,
0x00000221c0f077e0, 0x00000221c0f07cb0, 0x00000221c0f08180, 0x00000221c0f0c9b0,
0x00000221c0f0a800, 0x00000221c0f08650, 0x00000221bc47e380, 0x00000221c0f08ff0,
0x00000221bc4852e0, 0x00000221c0f09e60, 0x00000221c0f0a330, 0x00000221c0f0b670,
0x00000221c0f0c010, 0x00000221c0f0c4e0, 0x00000221c0f0ce80, 0x00000221c0f0d350,
0x00000221c04debb0, 0x00000221c04e4250, 0x00000221c04e1230, 0x00000221c04e4720,
0x00000221c04dd870, 0x00000221c04e33e0, 0x00000221c04e1700, 0x00000221c04e20a0,
0x00000221c04ddd40, 0x00000221c04e2570, 0x00000221c04e2a40, 0x00000221c04e38b0,
0x00000221c04de210, 0x00000221c04de6e0, 0x00000221c04dfa20, 0x00000221c04e4bf0,
0x00000221c04e0d60, 0x00000221c04e1bd0, 0x00000221c04e2f10, 0x00000221c04df080,
0x00000221c04e3d80, 0x00000221c04df550, 0x00000221c04dfef0, 0x00000221c04e03c0,
0x00000221c04e0890
}

Java Threads: ( => current thread )
  0x000002219c68b920 JavaThread "main" [_thread_blocked, id=14500, stack(0x000000947f100000,0x000000947f200000)]
  0x00000221ba857b10 JavaThread "Reference Handler" daemon [_thread_blocked, id=6860, stack(0x000000947f800000,0x000000947f900000)]
  0x00000221ba85a8a0 JavaThread "Finalizer" daemon [_thread_blocked, id=2972, stack(0x000000947f900000,0x000000947fa00000)]
  0x00000221ba86deb0 JavaThread "Signal Dispatcher" daemon [_thread_blocked, id=2116, stack(0x000000947fa00000,0x000000947fb00000)]
  0x00000221ba86e970 JavaThread "Attach Listener" daemon [_thread_blocked, id=9448, stack(0x000000947fb00000,0x000000947fc00000)]
  0x00000221ba871340 JavaThread "Service Thread" daemon [_thread_blocked, id=5776, stack(0x000000947fc00000,0x000000947fd00000)]
  0x00000221ba874c20 JavaThread "Monitor Deflation Thread" daemon [_thread_blocked, id=5432, stack(0x000000947fd00000,0x000000947fe00000)]
=>0x00000221ba8778d0 JavaThread "C2 CompilerThread0" daemon [_thread_in_native, id=5208, stack(0x000000947fe00000,0x000000947ff00000)]
  0x00000221ba87b780 JavaThread "C1 CompilerThread0" daemon [_thread_blocked, id=14272, stack(0x000000947ff00000,0x0000009480000000)]
  0x00000221ba87c080 JavaThread "Sweeper thread" daemon [_thread_blocked, id=12348, stack(0x0000009400000000,0x0000009400100000)]
  0x00000221ba8451d0 JavaThread "Common-Cleaner" daemon [_thread_blocked, id=12828, stack(0x0000009400100000,0x0000009400200000)]
  0x00000221bb5953f0 JavaThread "Notification Thread" daemon [_thread_blocked, id=3288, stack(0x0000009400200000,0x0000009400300000)]
  0x00000221bcf9d070 JavaThread "Daemon health stats" [_thread_blocked, id=12644, stack(0x0000009400a00000,0x0000009400b00000)]
  0x00000221bbfd4ee0 JavaThread "Incoming local TCP Connector on port 53745" [_thread_in_native, id=14312, stack(0x0000009400500000,0x0000009400600000)]
  0x00000221bcdfb070 JavaThread "Daemon periodic checks" [_thread_blocked, id=11088, stack(0x0000009400b00000,0x0000009400c00000)]
  0x00000221bd3dc850 JavaThread "Daemon" [_thread_blocked, id=14740, stack(0x0000009400c00000,0x0000009400d00000)]
  0x00000221bd3dcd20 JavaThread "Handler for socket connection from /127.0.0.1:53745 to /127.0.0.1:53746" [_thread_in_native, id=8572, stack(0x0000009400d00000,0x0000009400e00000)]
  0x00000221bdc86170 JavaThread "Cancel handler" [_thread_blocked, id=11020, stack(0x0000009400e00000,0x0000009400f00000)]
  0x00000221bc7ba630 JavaThread "Daemon worker" [_thread_in_vm, id=14732, stack(0x0000009400f00000,0x0000009401000000)]
  0x00000221bd820470 JavaThread "Asynchronous log dispatcher for DefaultDaemonConnection: socket connection from /127.0.0.1:53745 to /127.0.0.1:53746" [_thread_blocked, id=6852, stack(0x0000009401000000,0x0000009401100000)]
  0x00000221bd820940 JavaThread "Stdin handler" [_thread_blocked, id=7596, stack(0x0000009401100000,0x0000009401200000)]
  0x00000221bd81f600 JavaThread "Daemon client event forwarder" [_thread_blocked, id=3904, stack(0x0000009401200000,0x0000009401300000)]
  0x00000221bd81ffa0 JavaThread "Cache worker for journal cache (C:\Users\keita\.gradle\caches\journal-1)" [_thread_blocked, id=1332, stack(0x0000009401300000,0x0000009401400000)]
  0x00000221bd820e10 JavaThread "File lock request listener" [_thread_in_native, id=8536, stack(0x0000009401400000,0x0000009401500000)]
  0x00000221bd81fad0 JavaThread "Cache worker for file hash cache (C:\Users\keita\.gradle\caches\8.3\fileHashes)" [_thread_blocked, id=4864, stack(0x0000009401500000,0x0000009401600000)]
  0x00000221bd668d10 JavaThread "File watcher server" daemon [_thread_in_native, id=12236, stack(0x0000009401a00000,0x0000009401b00000)]
  0x00000221bd6679d0 JavaThread "File watcher consumer" daemon [_thread_blocked, id=14220, stack(0x0000009401b00000,0x0000009401c00000)]
  0x00000221bd666b60 JavaThread "Cache worker for checksums cache (D:\keita\project\cours\react-native\Instagram\android\.gradle\8.3\checksums)" [_thread_blocked, id=8136, stack(0x0000009401c00000,0x0000009401d00000)]
  0x00000221bd667030 JavaThread "Cache worker for file hash cache (D:\keita\project\cours\react-native\Instagram\android\.gradle\8.3\fileHashes)" [_thread_blocked, id=4036, stack(0x0000009401d00000,0x0000009401e00000)]
  0x00000221bd666690 JavaThread "Cache worker for cache directory md-supplier (C:\Users\keita\.gradle\caches\8.3\md-supplier)" [_thread_blocked, id=8540, stack(0x0000009401e00000,0x0000009401f00000)]
  0x00000221bd6661c0 JavaThread "Cache worker for file content cache (C:\Users\keita\.gradle\caches\8.3\fileContent)" [_thread_blocked, id=11180, stack(0x0000009401f00000,0x0000009402000000)]
  0x00000221bd6691e0 JavaThread "Cache worker for cache directory md-rule (C:\Users\keita\.gradle\caches\8.3\md-rule)" [_thread_blocked, id=1464, stack(0x0000009402100000,0x0000009402200000)]
  0x00000221bd6696b0 JavaThread "Cache worker for execution history cache (C:\Users\keita\.gradle\caches\8.3\executionHistory)" [_thread_blocked, id=10288, stack(0x0000009402200000,0x0000009402300000)]
  0x00000221bd668370 JavaThread "jar transforms" [_thread_blocked, id=12968, stack(0x0000009402400000,0x0000009402500000)]
  0x00000221c07c2ac0 JavaThread "jar transforms Thread 2" [_thread_blocked, id=4960, stack(0x0000009402500000,0x0000009402600000)]
  0x00000221c07c5fb0 JavaThread "jar transforms Thread 3" [_thread_blocked, id=2008, stack(0x0000009402600000,0x0000009402700000)]
  0x00000221c07c3930 JavaThread "jar transforms Thread 4" [_thread_blocked, id=13936, stack(0x0000009402700000,0x0000009402800000)]
  0x00000221c07c5140 JavaThread "Cache worker for kotlin-dsl (C:\Users\keita\.gradle\caches\8.3\kotlin-dsl)" [_thread_blocked, id=10356, stack(0x0000009402800000,0x0000009402900000)]
  0x00000221c07c42d0 JavaThread "jar transforms Thread 5" [_thread_blocked, id=10252, stack(0x0000009402900000,0x0000009402a00000)]
  0x00000221c07c3e00 JavaThread "jar transforms Thread 6" [_thread_blocked, id=748, stack(0x0000009402a00000,0x0000009402b00000)]
  0x00000221c07c5610 JavaThread "Unconstrained build operations" [_thread_blocked, id=15356, stack(0x0000009400400000,0x0000009400500000)]
  0x00000221c0f0b1a0 JavaThread "Unconstrained build operations Thread 2" [_thread_blocked, id=3464, stack(0x0000009401900000,0x0000009401a00000)]
  0x00000221c0f0e690 JavaThread "jar transforms Thread 7" [_thread_blocked, id=1576, stack(0x0000009402c00000,0x0000009402d00000)]
  0x00000221c0f0dcf0 JavaThread "jar transforms Thread 8" [_thread_blocked, id=6048, stack(0x0000009402d00000,0x0000009402e00000)]
  0x00000221c0f0e1c0 JavaThread "Cache worker for dependencies-accessors (D:\keita\project\cours\react-native\Instagram\android\.gradle\8.3\dependencies-accessors)" [_thread_blocked, id=3364, stack(0x0000009402f00000,0x0000009403000000)]
  0x00000221c0f0d820 JavaThread "Cache worker for Build Output Cleanup Cache (D:\keita\project\cours\react-native\Instagram\node_modules\@react-native\gradle-plugin\.gradle\buildOutputCleanup)" [_thread_blocked, id=9564, stack(0x0000009403100000,0x0000009403200000)]
  0x00000221c0f0eb60 JavaThread "Unconstrained build operations Thread 3" [_thread_blocked, id=13576, stack(0x0000009403200000,0x0000009403300000)]
  0x00000221c0f07310 JavaThread "Unconstrained build operations Thread 4" [_thread_blocked, id=9528, stack(0x0000009403300000,0x0000009403400000)]
  0x00000221c0f077e0 JavaThread "Unconstrained build operations Thread 5" [_thread_blocked, id=9876, stack(0x0000009403400000,0x0000009403500000)]
  0x00000221c0f07cb0 JavaThread "Unconstrained build operations Thread 6" [_thread_blocked, id=12312, stack(0x0000009403500000,0x0000009403600000)]
  0x00000221c0f08180 JavaThread "Unconstrained build operations Thread 7" [_thread_blocked, id=7104, stack(0x0000009403600000,0x0000009403700000)]
  0x00000221c0f0c9b0 JavaThread "Unconstrained build operations Thread 8" [_thread_blocked, id=13132, stack(0x0000009403700000,0x0000009403800000)]
  0x00000221c0f0a800 JavaThread "Unconstrained build operations Thread 9" [_thread_blocked, id=11448, stack(0x0000009403800000,0x0000009403900000)]
  0x00000221c0f08650 JavaThread "Memory manager" [_thread_blocked, id=13080, stack(0x0000009403900000,0x0000009403a00000)]
  0x00000221bc47e380 JavaThread "C2 CompilerThread1" daemon [_thread_blocked, id=9684, stack(0x0000009402e00000,0x0000009402f00000)]
  0x00000221c0f08ff0 JavaThread "Cache worker for Build Output Cleanup Cache (D:\keita\project\cours\react-native\Instagram\android\.gradle\buildOutputCleanup)" [_thread_blocked, id=1568, stack(0x0000009403000000,0x0000009403100000)]
  0x00000221bc4852e0 JavaThread "C2 CompilerThread2" daemon [_thread_in_native, id=14916, stack(0x0000009403a00000,0x0000009403b00000)]
  0x00000221c0f09e60 JavaThread "ForkJoinPool.commonPool-worker-1" daemon [_thread_blocked, id=10984, stack(0x0000009403b00000,0x0000009403c00000)]
  0x00000221c0f0a330 JavaThread "ForkJoinPool.commonPool-worker-2" daemon [_thread_blocked, id=11388, stack(0x0000009403c00000,0x0000009403d00000)]
  0x00000221c0f0b670 JavaThread "ForkJoinPool.commonPool-worker-3" daemon [_thread_blocked, id=9828, stack(0x0000009403d00000,0x0000009403e00000)]
  0x00000221c0f0c010 JavaThread "ForkJoinPool.commonPool-worker-4" daemon [_thread_blocked, id=13544, stack(0x0000009403e00000,0x0000009403f00000)]
  0x00000221c0f0c4e0 JavaThread "ForkJoinPool.commonPool-worker-5" daemon [_thread_blocked, id=13680, stack(0x0000009403f00000,0x0000009404000000)]
  0x00000221c0f0ce80 JavaThread "ForkJoinPool.commonPool-worker-6" daemon [_thread_blocked, id=9432, stack(0x0000009404000000,0x0000009404100000)]
  0x00000221c0f0d350 JavaThread "ForkJoinPool.commonPool-worker-7" daemon [_thread_blocked, id=7212, stack(0x0000009404100000,0x0000009404200000)]
  0x00000221c04debb0 JavaThread "included builds" [_thread_blocked, id=4252, stack(0x0000009404200000,0x0000009404300000)]
  0x00000221c04e4250 JavaThread "Execution worker" [_thread_blocked, id=9280, stack(0x0000009404300000,0x0000009404400000)]
  0x00000221c04e1230 JavaThread "Execution worker Thread 2" [_thread_blocked, id=968, stack(0x0000009404400000,0x0000009404500000)]
  0x00000221c04e4720 JavaThread "Execution worker Thread 3" [_thread_blocked, id=14240, stack(0x0000009404500000,0x0000009404600000)]
  0x00000221c04dd870 JavaThread "Execution worker Thread 4" [_thread_blocked, id=7600, stack(0x0000009404600000,0x0000009404700000)]
  0x00000221c04e33e0 JavaThread "Execution worker Thread 5" [_thread_blocked, id=8652, stack(0x0000009404700000,0x0000009404800000)]
  0x00000221c04e1700 JavaThread "Execution worker Thread 6" [_thread_blocked, id=13252, stack(0x0000009404800000,0x0000009404900000)]
  0x00000221c04e20a0 JavaThread "Execution worker Thread 7" [_thread_blocked, id=5516, stack(0x0000009404900000,0x0000009404a00000)]
  0x00000221c04ddd40 JavaThread "Cache worker for execution history cache (D:\keita\project\cours\react-native\Instagram\node_modules\@react-native\gradle-plugin\.gradle\8.3\executionHistory)" [_thread_blocked, id=1704, stack(0x0000009404a00000,0x0000009404b00000)]
  0x00000221c04e2570 JavaThread "Unconstrained build operations Thread 10" [_thread_blocked, id=3984, stack(0x0000009404b00000,0x0000009404c00000)]
  0x00000221c04e2a40 JavaThread "Unconstrained build operations Thread 11" [_thread_blocked, id=12768, stack(0x0000009404c00000,0x0000009404d00000)]
  0x00000221c04e38b0 JavaThread "Unconstrained build operations Thread 12" [_thread_blocked, id=4044, stack(0x0000009404d00000,0x0000009404e00000)]
  0x00000221c04de210 JavaThread "Unconstrained build operations Thread 13" [_thread_blocked, id=2140, stack(0x0000009404e00000,0x0000009404f00000)]
  0x00000221c04de6e0 JavaThread "Unconstrained build operations Thread 14" [_thread_blocked, id=12448, stack(0x0000009404f00000,0x0000009405000000)]
  0x00000221c04dfa20 JavaThread "Unconstrained build operations Thread 15" [_thread_blocked, id=11756, stack(0x0000009405000000,0x0000009405100000)]
  0x00000221c04e4bf0 JavaThread "Unconstrained build operations Thread 16" [_thread_blocked, id=3272, stack(0x0000009405100000,0x0000009405200000)]
  0x00000221c04e0d60 JavaThread "Unconstrained build operations Thread 17" [_thread_blocked, id=14268, stack(0x0000009405200000,0x0000009405300000)]
  0x00000221c04e1bd0 JavaThread "Unconstrained build operations Thread 18" [_thread_blocked, id=10160, stack(0x0000009405300000,0x0000009405400000)]
  0x00000221c04e2f10 JavaThread "Unconstrained build operations Thread 19" [_thread_blocked, id=13908, stack(0x0000009405400000,0x0000009405500000)]
  0x00000221c04df080 JavaThread "Unconstrained build operations Thread 20" [_thread_blocked, id=13500, stack(0x0000009405500000,0x0000009405600000)]
  0x00000221c04e3d80 JavaThread "Unconstrained build operations Thread 21" [_thread_blocked, id=11564, stack(0x0000009405600000,0x0000009405700000)]
  0x00000221c04df550 JavaThread "Unconstrained build operations Thread 22" [_thread_blocked, id=11248, stack(0x0000009405700000,0x0000009405800000)]
  0x00000221c04dfef0 JavaThread "Unconstrained build operations Thread 23" [_thread_blocked, id=3688, stack(0x0000009405800000,0x0000009405900000)]
  0x00000221c04e03c0 JavaThread "Unconstrained build operations Thread 24" [_thread_blocked, id=10164, stack(0x0000009405900000,0x0000009405a00000)]
  0x00000221c04e0890 JavaThread "Unconstrained build operations Thread 25" [_thread_blocked, id=8772, stack(0x0000009405a00000,0x0000009405b00000)]

Other Threads:
  0x00000221ba854010 VMThread "VM Thread" [stack: 0x000000947f700000,0x000000947f800000] [id=13816]
  0x000002219c68c7e0 WatcherThread [stack: 0x0000009400300000,0x0000009400400000] [id=3476]
  0x000002219c6e7f20 GCTaskThread "GC Thread#0" [stack: 0x000000947f200000,0x000000947f300000] [id=10156]
  0x00000221bbbaa830 GCTaskThread "GC Thread#1" [stack: 0x0000009400600000,0x0000009400700000] [id=13308]
  0x00000221bbbaaae0 GCTaskThread "GC Thread#2" [stack: 0x0000009400700000,0x0000009400800000] [id=13144]
  0x00000221bc2e2050 GCTaskThread "GC Thread#3" [stack: 0x0000009400800000,0x0000009400900000] [id=2660]
  0x00000221bc2b8c90 GCTaskThread "GC Thread#4" [stack: 0x0000009400900000,0x0000009400a00000] [id=3752]
  0x00000221bd460790 GCTaskThread "GC Thread#5" [stack: 0x0000009401600000,0x0000009401700000] [id=13628]
  0x00000221bd4604e0 GCTaskThread "GC Thread#6" [stack: 0x0000009401700000,0x0000009401800000] [id=6400]
  0x00000221bd45f770 GCTaskThread "GC Thread#7" [stack: 0x0000009401800000,0x0000009401900000] [id=15236]
  0x000002219c6f8d70 ConcurrentGCThread "G1 Main Marker" [stack: 0x000000947f300000,0x000000947f400000] [id=14180]
  0x000002219c6f9690 ConcurrentGCThread "G1 Conc#0" [stack: 0x000000947f400000,0x000000947f500000] [id=13424]
  0x00000221bd45f210 ConcurrentGCThread "G1 Conc#1" [stack: 0x0000009402000000,0x0000009402100000] [id=604]
  0x00000221ba710140 ConcurrentGCThread "G1 Refine#0" [stack: 0x000000947f500000,0x000000947f600000] [id=8932]
  0x00000221be30c370 ConcurrentGCThread "G1 Refine#1" [stack: 0x0000009402300000,0x0000009402400000] [id=6868]
  0x00000221ba710a70 ConcurrentGCThread "G1 Service" [stack: 0x000000947f600000,0x000000947f700000] [id=13688]

Threads with active compile tasks:
C2 CompilerThread0    16688 9476   !   4       com.sun.beans.TypeResolver::resolve (261 bytes)
C2 CompilerThread2    16688 9445       4       java.beans.Introspector::addMethod (196 bytes)

VM state: not at safepoint (normal execution)

VM Mutex/Monitor currently owned by a thread: None

Heap address: 0x0000000080000000, size: 2048 MB, Compressed Oops mode: 32-bit

CDS archive(s) mapped at: [0x0000000800000000-0x0000000800bc0000-0x0000000800bc0000), size 12320768, SharedBaseAddress: 0x0000000800000000, ArchiveRelocationMode: 0.
Compressed class space mapped at: 0x0000000800c00000-0x000000081a800000, reserved size: 432013312
Narrow klass base: 0x0000000800000000, Narrow klass shift: 0, Narrow klass range: 0x100000000

GC Precious Log:
 CPUs: 8 total, 8 available
 Memory: 8086M
 Large Page Support: Disabled
 NUMA Support: Disabled
 Compressed Oops: Enabled (32-bit)
 Heap Region Size: 1M
 Heap Min Capacity: 8M
 Heap Initial Capacity: 128M
 Heap Max Capacity: 2G
 Pre-touch: Disabled
 Parallel Workers: 8
 Concurrent Workers: 2
 Concurrent Refinement Workers: 8
 Periodic GC: Disabled

Heap:
 garbage-first heap   total 210944K, used 97498K [0x0000000080000000, 0x0000000100000000)
  region size 1024K, 10 young (10240K), 4 survivors (4096K)
 Metaspace       used 82253K, committed 83008K, reserved 495616K
  class space    used 11411K, committed 11776K, reserved 421888K

Heap Regions: E=young(eden), S=young(survivor), O=old, HS=humongous(starts), HC=humongous(continues), CS=collection set, F=free, OA=open archive, CA=closed archive, TAMS=top-at-mark-start (previous, next)
|   0|0x0000000080000000, 0x0000000080100000, 0x0000000080100000|100%|HS|  |TAMS 0x0000000080100000, 0x0000000080000000| Complete 
|   1|0x0000000080100000, 0x0000000080200000, 0x0000000080200000|100%|HC|  |TAMS 0x0000000080200000, 0x0000000080100000| Complete 
|   2|0x0000000080200000, 0x0000000080300000, 0x0000000080300000|100%|HC|  |TAMS 0x0000000080300000, 0x0000000080200000| Complete 
|   3|0x0000000080300000, 0x0000000080400000, 0x0000000080400000|100%|HC|  |TAMS 0x0000000080400000, 0x0000000080300000| Complete 
|   4|0x0000000080400000, 0x0000000080500000, 0x0000000080500000|100%| O|  |TAMS 0x0000000080500000, 0x0000000080400000| Untracked 
|   5|0x0000000080500000, 0x0000000080600000, 0x0000000080600000|100%| O|  |TAMS 0x0000000080600000, 0x0000000080500000| Untracked 
|   6|0x0000000080600000, 0x0000000080700000, 0x0000000080700000|100%| O|  |TAMS 0x0000000080700000, 0x0000000080600000| Untracked 
|   7|0x0000000080700000, 0x0000000080800000, 0x0000000080800000|100%| O|  |TAMS 0x0000000080800000, 0x0000000080700000| Untracked 
|   8|0x0000000080800000, 0x0000000080900000, 0x0000000080900000|100%| O|  |TAMS 0x0000000080900000, 0x0000000080800000| Untracked 
|   9|0x0000000080900000, 0x0000000080a00000, 0x0000000080a00000|100%| O|  |TAMS 0x0000000080a00000, 0x0000000080900000| Untracked 
|  10|0x0000000080a00000, 0x0000000080b00000, 0x0000000080b00000|100%| O|  |TAMS 0x0000000080b00000, 0x0000000080a00000| Untracked 
|  11|0x0000000080b00000, 0x0000000080c00000, 0x0000000080c00000|100%| O|  |TAMS 0x0000000080c00000, 0x0000000080b00000| Untracked 
|  12|0x0000000080c00000, 0x0000000080d00000, 0x0000000080d00000|100%| O|  |TAMS 0x0000000080d00000, 0x0000000080c00000| Untracked 
|  13|0x0000000080d00000, 0x0000000080e00000, 0x0000000080e00000|100%| O|  |TAMS 0x0000000080e00000, 0x0000000080d00000| Untracked 
|  14|0x0000000080e00000, 0x0000000080f00000, 0x0000000080f00000|100%| O|  |TAMS 0x0000000080f00000, 0x0000000080e00000| Untracked 
|  15|0x0000000080f00000, 0x0000000081000000, 0x0000000081000000|100%| O|  |TAMS 0x0000000081000000, 0x0000000080f00000| Untracked 
|  16|0x0000000081000000, 0x0000000081100000, 0x0000000081100000|100%| O|  |TAMS 0x0000000081100000, 0x0000000081000000| Untracked 
|  17|0x0000000081100000, 0x0000000081200000, 0x0000000081200000|100%| O|  |TAMS 0x0000000081200000, 0x0000000081100000| Untracked 
|  18|0x0000000081200000, 0x0000000081300000, 0x0000000081300000|100%| O|  |TAMS 0x0000000081300000, 0x0000000081200000| Untracked 
|  19|0x0000000081300000, 0x00000000813e3000, 0x0000000081400000| 88%| O|  |TAMS 0x00000000813e3000, 0x0000000081300000| Untracked 
|  20|0x0000000081400000, 0x0000000081500000, 0x0000000081500000|100%| O|  |TAMS 0x0000000081500000, 0x0000000081400000| Untracked 
|  21|0x0000000081500000, 0x0000000081600000, 0x0000000081600000|100%| O|  |TAMS 0x0000000081600000, 0x0000000081500000| Untracked 
|  22|0x0000000081600000, 0x0000000081700000, 0x0000000081700000|100%| O|  |TAMS 0x0000000081700000, 0x0000000081600000| Untracked 
|  23|0x0000000081700000, 0x0000000081800000, 0x0000000081800000|100%| O|  |TAMS 0x0000000081800000, 0x0000000081700000| Untracked 
|  24|0x0000000081800000, 0x0000000081900000, 0x0000000081900000|100%| O|  |TAMS 0x0000000081900000, 0x0000000081800000| Untracked 
|  25|0x0000000081900000, 0x0000000081a00000, 0x0000000081a00000|100%| O|  |TAMS 0x0000000081a00000, 0x0000000081900000| Untracked 
|  26|0x0000000081a00000, 0x0000000081b00000, 0x0000000081b00000|100%| O|  |TAMS 0x0000000081b00000, 0x0000000081a00000| Untracked 
|  27|0x0000000081b00000, 0x0000000081c00000, 0x0000000081c00000|100%| O|  |TAMS 0x0000000081b00000, 0x0000000081b00000| Untracked 
|  28|0x0000000081c00000, 0x0000000081d00000, 0x0000000081d00000|100%| O|  |TAMS 0x0000000081d00000, 0x0000000081c00000| Untracked 
|  29|0x0000000081d00000, 0x0000000081e00000, 0x0000000081e00000|100%| O|  |TAMS 0x0000000081e00000, 0x0000000081d00000| Untracked 
|  30|0x0000000081e00000, 0x0000000081f00000, 0x0000000081f00000|100%| O|  |TAMS 0x0000000081f00000, 0x0000000081e00000| Untracked 
|  31|0x0000000081f00000, 0x0000000082000000, 0x0000000082000000|100%| O|  |TAMS 0x0000000082000000, 0x0000000081f00000| Untracked 
|  32|0x0000000082000000, 0x0000000082100000, 0x0000000082100000|100%| O|  |TAMS 0x0000000082100000, 0x0000000082000000| Untracked 
|  33|0x0000000082100000, 0x0000000082200000, 0x0000000082200000|100%| O|  |TAMS 0x0000000082200000, 0x0000000082100000| Untracked 
|  34|0x0000000082200000, 0x0000000082300000, 0x0000000082300000|100%| O|  |TAMS 0x0000000082300000, 0x0000000082200000| Untracked 
|  35|0x0000000082300000, 0x0000000082400000, 0x0000000082400000|100%| O|  |TAMS 0x0000000082400000, 0x0000000082300000| Untracked 
|  36|0x0000000082400000, 0x0000000082500000, 0x0000000082500000|100%| O|  |TAMS 0x0000000082500000, 0x0000000082400000| Untracked 
|  37|0x0000000082500000, 0x0000000082600000, 0x0000000082600000|100%| O|  |TAMS 0x0000000082600000, 0x0000000082500000| Untracked 
|  38|0x0000000082600000, 0x0000000082700000, 0x0000000082700000|100%| O|  |TAMS 0x0000000082700000, 0x0000000082600000| Untracked 
|  39|0x0000000082700000, 0x0000000082800000, 0x0000000082800000|100%|HS|  |TAMS 0x0000000082800000, 0x0000000082700000| Complete 
|  40|0x0000000082800000, 0x0000000082900000, 0x0000000082900000|100%|HC|  |TAMS 0x0000000082900000, 0x0000000082800000| Complete 
|  41|0x0000000082900000, 0x0000000082a00000, 0x0000000082a00000|100%|HS|  |TAMS 0x0000000082a00000, 0x0000000082900000| Complete 
|  42|0x0000000082a00000, 0x0000000082b00000, 0x0000000082b00000|100%|HC|  |TAMS 0x0000000082b00000, 0x0000000082a00000| Complete 
|  43|0x0000000082b00000, 0x0000000082c00000, 0x0000000082c00000|100%| O|  |TAMS 0x0000000082c00000, 0x0000000082b00000| Untracked 
|  44|0x0000000082c00000, 0x0000000082d00000, 0x0000000082d00000|100%|HS|  |TAMS 0x0000000082d00000, 0x0000000082c00000| Complete 
|  45|0x0000000082d00000, 0x0000000082e00000, 0x0000000082e00000|100%|HC|  |TAMS 0x0000000082e00000, 0x0000000082d00000| Complete 
|  46|0x0000000082e00000, 0x0000000082f00000, 0x0000000082f00000|100%|HC|  |TAMS 0x0000000082f00000, 0x0000000082e00000| Complete 
|  47|0x0000000082f00000, 0x0000000083000000, 0x0000000083000000|100%|HC|  |TAMS 0x0000000083000000, 0x0000000082f00000| Complete 
|  48|0x0000000083000000, 0x0000000083100000, 0x0000000083100000|100%| O|  |TAMS 0x0000000083100000, 0x0000000083000000| Untracked 
|  49|0x0000000083100000, 0x0000000083200000, 0x0000000083200000|100%| O|  |TAMS 0x0000000083200000, 0x0000000083100000| Untracked 
|  50|0x0000000083200000, 0x0000000083300000, 0x0000000083300000|100%| O|  |TAMS 0x0000000083300000, 0x0000000083200000| Untracked 
|  51|0x0000000083300000, 0x0000000083400000, 0x0000000083400000|100%| O|  |TAMS 0x0000000083400000, 0x0000000083300000| Untracked 
|  52|0x0000000083400000, 0x0000000083500000, 0x0000000083500000|100%| O|  |TAMS 0x0000000083500000, 0x0000000083400000| Untracked 
|  53|0x0000000083500000, 0x0000000083600000, 0x0000000083600000|100%|HS|  |TAMS 0x0000000083600000, 0x0000000083500000| Complete 
|  54|0x0000000083600000, 0x0000000083700000, 0x0000000083700000|100%|HC|  |TAMS 0x0000000083700000, 0x0000000083600000| Complete 
|  55|0x0000000083700000, 0x0000000083800000, 0x0000000083800000|100%|HC|  |TAMS 0x0000000083800000, 0x0000000083700000| Complete 
|  56|0x0000000083800000, 0x0000000083900000, 0x0000000083900000|100%|HC|  |TAMS 0x0000000083900000, 0x0000000083800000| Complete 
|  57|0x0000000083900000, 0x0000000083a00000, 0x0000000083a00000|100%| O|  |TAMS 0x0000000083a00000, 0x0000000083900000| Untracked 
|  58|0x0000000083a00000, 0x0000000083b00000, 0x0000000083b00000|100%| O|  |TAMS 0x0000000083b00000, 0x0000000083a00000| Untracked 
|  59|0x0000000083b00000, 0x0000000083c00000, 0x0000000083c00000|100%| O|  |TAMS 0x0000000083c00000, 0x0000000083b00000| Untracked 
|  60|0x0000000083c00000, 0x0000000083d00000, 0x0000000083d00000|100%| O|  |TAMS 0x0000000083d00000, 0x0000000083c00000| Untracked 
|  61|0x0000000083d00000, 0x0000000083e00000, 0x0000000083e00000|100%| O|  |TAMS 0x0000000083e00000, 0x0000000083d00000| Untracked 
|  62|0x0000000083e00000, 0x0000000083f00000, 0x0000000083f00000|100%| O|  |TAMS 0x0000000083f00000, 0x0000000083e00000| Untracked 
|  63|0x0000000083f00000, 0x0000000084000000, 0x0000000084000000|100%| O|  |TAMS 0x0000000084000000, 0x0000000083f00000| Untracked 
|  64|0x0000000084000000, 0x0000000084100000, 0x0000000084100000|100%| O|  |TAMS 0x0000000084100000, 0x0000000084000000| Untracked 
|  65|0x0000000084100000, 0x0000000084200000, 0x0000000084200000|100%| O|  |TAMS 0x0000000084200000, 0x0000000084100000| Untracked 
|  66|0x0000000084200000, 0x0000000084300000, 0x0000000084300000|100%| O|  |TAMS 0x0000000084300000, 0x0000000084200000| Untracked 
|  67|0x0000000084300000, 0x0000000084400000, 0x0000000084400000|100%|HS|  |TAMS 0x0000000084400000, 0x0000000084300000| Complete 
|  68|0x0000000084400000, 0x0000000084500000, 0x0000000084500000|100%|HS|  |TAMS 0x0000000084500000, 0x0000000084400000| Complete 
|  69|0x0000000084500000, 0x0000000084600000, 0x0000000084600000|100%|HS|  |TAMS 0x0000000084600000, 0x0000000084500000| Complete 
|  70|0x0000000084600000, 0x0000000084700000, 0x0000000084700000|100%|HS|  |TAMS 0x0000000084700000, 0x0000000084600000| Complete 
|  71|0x0000000084700000, 0x0000000084800000, 0x0000000084800000|100%| O|  |TAMS 0x0000000084800000, 0x0000000084700000| Untracked 
|  72|0x0000000084800000, 0x0000000084900000, 0x0000000084900000|100%| O|  |TAMS 0x0000000084900000, 0x0000000084800000| Untracked 
|  73|0x0000000084900000, 0x0000000084a00000, 0x0000000084a00000|100%| O|  |TAMS 0x0000000084a00000, 0x0000000084900000| Untracked 
|  74|0x0000000084a00000, 0x0000000084b00000, 0x0000000084b00000|100%| O|  |TAMS 0x0000000084b00000, 0x0000000084a00000| Untracked 
|  75|0x0000000084b00000, 0x0000000084c00000, 0x0000000084c00000|100%| O|  |TAMS 0x0000000084c00000, 0x0000000084b00000| Untracked 
|  76|0x0000000084c00000, 0x0000000084d00000, 0x0000000084d00000|100%| O|  |TAMS 0x0000000084d00000, 0x0000000084c00000| Untracked 
|  77|0x0000000084d00000, 0x0000000084d00000, 0x0000000084e00000|  0%| F|  |TAMS 0x0000000084d00000, 0x0000000084d00000| Untracked 
|  78|0x0000000084e00000, 0x0000000084f00000, 0x0000000084f00000|100%| O|  |TAMS 0x0000000084e00000, 0x0000000084e00000| Untracked 
|  79|0x0000000084f00000, 0x0000000085000000, 0x0000000085000000|100%| O|  |TAMS 0x0000000085000000, 0x0000000084f00000| Untracked 
|  80|0x0000000085000000, 0x0000000085100000, 0x0000000085100000|100%| O|  |TAMS 0x0000000085000000, 0x0000000085000000| Untracked 
|  81|0x0000000085100000, 0x0000000085172a00, 0x0000000085200000| 44%| O|  |TAMS 0x0000000085100000, 0x0000000085100000| Untracked 
|  82|0x0000000085200000, 0x0000000085300000, 0x0000000085300000|100%| O|  |TAMS 0x0000000085300000, 0x0000000085200000| Untracked 
|  83|0x0000000085300000, 0x0000000085300000, 0x0000000085400000|  0%| F|  |TAMS 0x0000000085300000, 0x0000000085300000| Untracked 
|  84|0x0000000085400000, 0x0000000085500000, 0x0000000085500000|100%| O|  |TAMS 0x0000000085500000, 0x0000000085400000| Untracked 
|  85|0x0000000085500000, 0x0000000085600000, 0x0000000085600000|100%| O|  |TAMS 0x0000000085600000, 0x0000000085500000| Untracked 
|  86|0x0000000085600000, 0x0000000085700000, 0x0000000085700000|100%| O|  |TAMS 0x0000000085700000, 0x0000000085600000| Untracked 
|  87|0x0000000085700000, 0x0000000085800000, 0x0000000085800000|100%| O|  |TAMS 0x0000000085800000, 0x0000000085700000| Untracked 
|  88|0x0000000085800000, 0x0000000085900000, 0x0000000085900000|100%| O|  |TAMS 0x00000000858b3200, 0x0000000085800000| Untracked 
|  89|0x0000000085900000, 0x0000000085900000, 0x0000000085a00000|  0%| F|  |TAMS 0x0000000085900000, 0x0000000085900000| Untracked 
|  90|0x0000000085a00000, 0x0000000085a00000, 0x0000000085b00000|  0%| F|  |TAMS 0x0000000085a00000, 0x0000000085a00000| Untracked 
|  91|0x0000000085b00000, 0x0000000085b00000, 0x0000000085c00000|  0%| F|  |TAMS 0x0000000085b00000, 0x0000000085b00000| Untracked 
|  92|0x0000000085c00000, 0x0000000085c00000, 0x0000000085d00000|  0%| F|  |TAMS 0x0000000085c00000, 0x0000000085c00000| Untracked 
|  93|0x0000000085d00000, 0x0000000085d00000, 0x0000000085e00000|  0%| F|  |TAMS 0x0000000085d00000, 0x0000000085d00000| Untracked 
|  94|0x0000000085e00000, 0x0000000085e00000, 0x0000000085f00000|  0%| F|  |TAMS 0x0000000085e00000, 0x0000000085e00000| Untracked 
|  95|0x0000000085f00000, 0x0000000085f00000, 0x0000000086000000|  0%| F|  |TAMS 0x0000000085f00000, 0x0000000085f00000| Untracked 
|  96|0x0000000086000000, 0x0000000086000000, 0x0000000086100000|  0%| F|  |TAMS 0x0000000086000000, 0x0000000086000000| Untracked 
|  97|0x0000000086100000, 0x0000000086100000, 0x0000000086200000|  0%| F|  |TAMS 0x0000000086100000, 0x0000000086100000| Untracked 
|  98|0x0000000086200000, 0x0000000086200000, 0x0000000086300000|  0%| F|  |TAMS 0x0000000086200000, 0x0000000086200000| Untracked 
|  99|0x0000000086300000, 0x0000000086300000, 0x0000000086400000|  0%| F|  |TAMS 0x0000000086300000, 0x0000000086300000| Untracked 
| 100|0x0000000086400000, 0x0000000086400000, 0x0000000086500000|  0%| F|  |TAMS 0x0000000086400000, 0x0000000086400000| Untracked 
| 101|0x0000000086500000, 0x0000000086500000, 0x0000000086600000|  0%| F|  |TAMS 0x0000000086500000, 0x0000000086500000| Untracked 
| 102|0x0000000086600000, 0x0000000086600000, 0x0000000086700000|  0%| F|  |TAMS 0x0000000086600000, 0x0000000086600000| Untracked 
| 103|0x0000000086700000, 0x0000000086700000, 0x0000000086800000|  0%| F|  |TAMS 0x0000000086700000, 0x0000000086700000| Untracked 
| 104|0x0000000086800000, 0x0000000086800000, 0x0000000086900000|  0%| F|  |TAMS 0x0000000086800000, 0x0000000086800000| Untracked 
| 105|0x0000000086900000, 0x0000000086900000, 0x0000000086a00000|  0%| F|  |TAMS 0x0000000086900000, 0x0000000086900000| Untracked 
| 106|0x0000000086a00000, 0x0000000086a00000, 0x0000000086b00000|  0%| F|  |TAMS 0x0000000086a00000, 0x0000000086a00000| Untracked 
| 107|0x0000000086b00000, 0x0000000086b00000, 0x0000000086c00000|  0%| F|  |TAMS 0x0000000086b00000, 0x0000000086b00000| Untracked 
| 108|0x0000000086c00000, 0x0000000086c00000, 0x0000000086d00000|  0%| F|  |TAMS 0x0000000086c00000, 0x0000000086c00000| Untracked 
| 109|0x0000000086d00000, 0x0000000086d00000, 0x0000000086e00000|  0%| F|  |TAMS 0x0000000086d00000, 0x0000000086d00000| Untracked 
| 110|0x0000000086e00000, 0x0000000086e00000, 0x0000000086f00000|  0%| F|  |TAMS 0x0000000086e00000, 0x0000000086e00000| Untracked 
| 111|0x0000000086f00000, 0x0000000086f00000, 0x0000000087000000|  0%| F|  |TAMS 0x0000000086f00000, 0x0000000086f00000| Untracked 
| 112|0x0000000087000000, 0x0000000087000000, 0x0000000087100000|  0%| F|  |TAMS 0x0000000087000000, 0x0000000087000000| Untracked 
| 113|0x0000000087100000, 0x0000000087100000, 0x0000000087200000|  0%| F|  |TAMS 0x0000000087100000, 0x0000000087100000| Untracked 
| 114|0x0000000087200000, 0x0000000087200000, 0x0000000087300000|  0%| F|  |TAMS 0x0000000087200000, 0x0000000087200000| Untracked 
| 115|0x0000000087300000, 0x0000000087300000, 0x0000000087400000|  0%| F|  |TAMS 0x0000000087300000, 0x0000000087300000| Untracked 
| 116|0x0000000087400000, 0x0000000087400000, 0x0000000087500000|  0%| F|  |TAMS 0x0000000087400000, 0x0000000087400000| Untracked 
| 117|0x0000000087500000, 0x0000000087500000, 0x0000000087600000|  0%| F|  |TAMS 0x0000000087500000, 0x0000000087500000| Untracked 
| 118|0x0000000087600000, 0x0000000087600000, 0x0000000087700000|  0%| F|  |TAMS 0x0000000087600000, 0x0000000087600000| Untracked 
| 119|0x0000000087700000, 0x0000000087700000, 0x0000000087800000|  0%| F|  |TAMS 0x0000000087700000, 0x0000000087700000| Untracked 
| 120|0x0000000087800000, 0x0000000087800000, 0x0000000087900000|  0%| F|  |TAMS 0x0000000087800000, 0x0000000087800000| Untracked 
| 121|0x0000000087900000, 0x0000000087900000, 0x0000000087a00000|  0%| F|  |TAMS 0x0000000087900000, 0x0000000087900000| Untracked 
| 122|0x0000000087a00000, 0x0000000087a00000, 0x0000000087b00000|  0%| F|  |TAMS 0x0000000087a00000, 0x0000000087a00000| Untracked 
| 123|0x0000000087b00000, 0x0000000087b00000, 0x0000000087c00000|  0%| F|  |TAMS 0x0000000087b00000, 0x0000000087b00000| Untracked 
| 124|0x0000000087c00000, 0x0000000087c00000, 0x0000000087d00000|  0%| F|  |TAMS 0x0000000087c00000, 0x0000000087c00000| Untracked 
| 125|0x0000000087d00000, 0x0000000087d00000, 0x0000000087e00000|  0%| F|  |TAMS 0x0000000087d00000, 0x0000000087d00000| Untracked 
| 126|0x0000000087e00000, 0x0000000087e00000, 0x0000000087f00000|  0%| F|  |TAMS 0x0000000087e00000, 0x0000000087e00000| Untracked 
| 127|0x0000000087f00000, 0x0000000087f00000, 0x0000000088000000|  0%| F|  |TAMS 0x0000000087f00000, 0x0000000087f00000| Untracked 
| 128|0x0000000088000000, 0x0000000088000000, 0x0000000088100000|  0%| F|  |TAMS 0x0000000088000000, 0x0000000088000000| Untracked 
| 129|0x0000000088100000, 0x0000000088100000, 0x0000000088200000|  0%| F|  |TAMS 0x0000000088100000, 0x0000000088100000| Untracked 
| 130|0x0000000088200000, 0x0000000088200000, 0x0000000088300000|  0%| F|  |TAMS 0x0000000088200000, 0x0000000088200000| Untracked 
| 131|0x0000000088300000, 0x0000000088300000, 0x0000000088400000|  0%| F|  |TAMS 0x0000000088300000, 0x0000000088300000| Untracked 
| 132|0x0000000088400000, 0x0000000088400000, 0x0000000088500000|  0%| F|  |TAMS 0x0000000088400000, 0x0000000088400000| Untracked 
| 133|0x0000000088500000, 0x0000000088500000, 0x0000000088600000|  0%| F|  |TAMS 0x0000000088500000, 0x0000000088500000| Untracked 
| 134|0x0000000088600000, 0x0000000088600000, 0x0000000088700000|  0%| F|  |TAMS 0x0000000088600000, 0x0000000088600000| Untracked 
| 135|0x0000000088700000, 0x00000000887e1090, 0x0000000088800000| 87%| S|CS|TAMS 0x0000000088700000, 0x0000000088700000| Complete 
| 136|0x0000000088800000, 0x0000000088900000, 0x0000000088900000|100%| S|CS|TAMS 0x0000000088800000, 0x0000000088800000| Complete 
| 137|0x0000000088900000, 0x0000000088a00000, 0x0000000088a00000|100%| S|CS|TAMS 0x0000000088900000, 0x0000000088900000| Complete 
| 138|0x0000000088a00000, 0x0000000088b00000, 0x0000000088b00000|100%| S|CS|TAMS 0x0000000088a00000, 0x0000000088a00000| Complete 
| 139|0x0000000088b00000, 0x0000000088b00000, 0x0000000088c00000|  0%| F|  |TAMS 0x0000000088b00000, 0x0000000088b00000| Untracked 
| 140|0x0000000088c00000, 0x0000000088c00000, 0x0000000088d00000|  0%| F|  |TAMS 0x0000000088c00000, 0x0000000088c00000| Untracked 
| 141|0x0000000088d00000, 0x0000000088d00000, 0x0000000088e00000|  0%| F|  |TAMS 0x0000000088d00000, 0x0000000088d00000| Untracked 
| 142|0x0000000088e00000, 0x0000000088e00000, 0x0000000088f00000|  0%| F|  |TAMS 0x0000000088e00000, 0x0000000088e00000| Untracked 
| 143|0x0000000088f00000, 0x0000000088f00000, 0x0000000089000000|  0%| F|  |TAMS 0x0000000088f00000, 0x0000000088f00000| Untracked 
| 144|0x0000000089000000, 0x0000000089000000, 0x0000000089100000|  0%| F|  |TAMS 0x0000000089000000, 0x0000000089000000| Untracked 
| 145|0x0000000089100000, 0x0000000089100000, 0x0000000089200000|  0%| F|  |TAMS 0x0000000089100000, 0x0000000089100000| Untracked 
| 146|0x0000000089200000, 0x0000000089200000, 0x0000000089300000|  0%| F|  |TAMS 0x0000000089200000, 0x0000000089200000| Untracked 
| 147|0x0000000089300000, 0x0000000089300000, 0x0000000089400000|  0%| F|  |TAMS 0x0000000089300000, 0x0000000089300000| Untracked 
| 148|0x0000000089400000, 0x0000000089400000, 0x0000000089500000|  0%| F|  |TAMS 0x0000000089400000, 0x0000000089400000| Untracked 
| 149|0x0000000089500000, 0x0000000089500000, 0x0000000089600000|  0%| F|  |TAMS 0x0000000089500000, 0x0000000089500000| Untracked 
| 150|0x0000000089600000, 0x0000000089600000, 0x0000000089700000|  0%| F|  |TAMS 0x0000000089600000, 0x0000000089600000| Untracked 
| 151|0x0000000089700000, 0x0000000089700000, 0x0000000089800000|  0%| F|  |TAMS 0x0000000089700000, 0x0000000089700000| Untracked 
| 152|0x0000000089800000, 0x0000000089800000, 0x0000000089900000|  0%| F|  |TAMS 0x0000000089800000, 0x0000000089800000| Untracked 
| 153|0x0000000089900000, 0x0000000089900000, 0x0000000089a00000|  0%| F|  |TAMS 0x0000000089900000, 0x0000000089900000| Untracked 
| 154|0x0000000089a00000, 0x0000000089a00000, 0x0000000089b00000|  0%| F|  |TAMS 0x0000000089a00000, 0x0000000089a00000| Untracked 
| 155|0x0000000089b00000, 0x0000000089b00000, 0x0000000089c00000|  0%| F|  |TAMS 0x0000000089b00000, 0x0000000089b00000| Untracked 
| 156|0x0000000089c00000, 0x0000000089c00000, 0x0000000089d00000|  0%| F|  |TAMS 0x0000000089c00000, 0x0000000089c00000| Untracked 
| 157|0x0000000089d00000, 0x0000000089d00000, 0x0000000089e00000|  0%| F|  |TAMS 0x0000000089d00000, 0x0000000089d00000| Untracked 
| 158|0x0000000089e00000, 0x0000000089e00000, 0x0000000089f00000|  0%| F|  |TAMS 0x0000000089e00000, 0x0000000089e00000| Untracked 
| 159|0x0000000089f00000, 0x0000000089f00000, 0x000000008a000000|  0%| F|  |TAMS 0x0000000089f00000, 0x0000000089f00000| Untracked 
| 160|0x000000008a000000, 0x000000008a000000, 0x000000008a100000|  0%| F|  |TAMS 0x000000008a000000, 0x000000008a000000| Untracked 
| 161|0x000000008a100000, 0x000000008a100000, 0x000000008a200000|  0%| F|  |TAMS 0x000000008a100000, 0x000000008a100000| Untracked 
| 162|0x000000008a200000, 0x000000008a200000, 0x000000008a300000|  0%| F|  |TAMS 0x000000008a200000, 0x000000008a200000| Untracked 
| 163|0x000000008a300000, 0x000000008a300000, 0x000000008a400000|  0%| F|  |TAMS 0x000000008a300000, 0x000000008a300000| Untracked 
| 164|0x000000008a400000, 0x000000008a400000, 0x000000008a500000|  0%| F|  |TAMS 0x000000008a400000, 0x000000008a400000| Untracked 
| 165|0x000000008a500000, 0x000000008a500000, 0x000000008a600000|  0%| F|  |TAMS 0x000000008a500000, 0x000000008a500000| Untracked 
| 166|0x000000008a600000, 0x000000008a600000, 0x000000008a700000|  0%| F|  |TAMS 0x000000008a600000, 0x000000008a600000| Untracked 
| 167|0x000000008a700000, 0x000000008a700000, 0x000000008a800000|  0%| F|  |TAMS 0x000000008a700000, 0x000000008a700000| Untracked 
| 168|0x000000008a800000, 0x000000008a800000, 0x000000008a900000|  0%| F|  |TAMS 0x000000008a800000, 0x000000008a800000| Untracked 
| 169|0x000000008a900000, 0x000000008a900000, 0x000000008aa00000|  0%| F|  |TAMS 0x000000008a900000, 0x000000008a900000| Untracked 
| 170|0x000000008aa00000, 0x000000008aa00000, 0x000000008ab00000|  0%| F|  |TAMS 0x000000008aa00000, 0x000000008aa00000| Untracked 
| 171|0x000000008ab00000, 0x000000008ab00000, 0x000000008ac00000|  0%| F|  |TAMS 0x000000008ab00000, 0x000000008ab00000| Untracked 
| 172|0x000000008ac00000, 0x000000008ac00000, 0x000000008ad00000|  0%| F|  |TAMS 0x000000008ac00000, 0x000000008ac00000| Untracked 
| 173|0x000000008ad00000, 0x000000008ad00000, 0x000000008ae00000|  0%| F|  |TAMS 0x000000008ad00000, 0x000000008ad00000| Untracked 
| 174|0x000000008ae00000, 0x000000008ae00000, 0x000000008af00000|  0%| F|  |TAMS 0x000000008ae00000, 0x000000008ae00000| Untracked 
| 175|0x000000008af00000, 0x000000008af00000, 0x000000008b000000|  0%| F|  |TAMS 0x000000008af00000, 0x000000008af00000| Untracked 
| 176|0x000000008b000000, 0x000000008b000000, 0x000000008b100000|  0%| F|  |TAMS 0x000000008b000000, 0x000000008b000000| Untracked 
| 177|0x000000008b100000, 0x000000008b100000, 0x000000008b200000|  0%| F|  |TAMS 0x000000008b100000, 0x000000008b100000| Untracked 
| 178|0x000000008b200000, 0x000000008b200000, 0x000000008b300000|  0%| F|  |TAMS 0x000000008b200000, 0x000000008b200000| Untracked 
| 179|0x000000008b300000, 0x000000008b300000, 0x000000008b400000|  0%| F|  |TAMS 0x000000008b300000, 0x000000008b300000| Untracked 
| 180|0x000000008b400000, 0x000000008b400000, 0x000000008b500000|  0%| F|  |TAMS 0x000000008b400000, 0x000000008b400000| Untracked 
| 181|0x000000008b500000, 0x000000008b500000, 0x000000008b600000|  0%| F|  |TAMS 0x000000008b500000, 0x000000008b500000| Untracked 
| 182|0x000000008b600000, 0x000000008b600000, 0x000000008b700000|  0%| F|  |TAMS 0x000000008b600000, 0x000000008b600000| Untracked 
| 183|0x000000008b700000, 0x000000008b700000, 0x000000008b800000|  0%| F|  |TAMS 0x000000008b700000, 0x000000008b700000| Untracked 
| 184|0x000000008b800000, 0x000000008b800000, 0x000000008b900000|  0%| F|  |TAMS 0x000000008b800000, 0x000000008b800000| Untracked 
| 185|0x000000008b900000, 0x000000008b900000, 0x000000008ba00000|  0%| F|  |TAMS 0x000000008b900000, 0x000000008b900000| Untracked 
| 186|0x000000008ba00000, 0x000000008ba00000, 0x000000008bb00000|  0%| F|  |TAMS 0x000000008ba00000, 0x000000008ba00000| Untracked 
| 187|0x000000008bb00000, 0x000000008bb00000, 0x000000008bc00000|  0%| F|  |TAMS 0x000000008bb00000, 0x000000008bb00000| Untracked 
| 188|0x000000008bc00000, 0x000000008bc00000, 0x000000008bd00000|  0%| F|  |TAMS 0x000000008bc00000, 0x000000008bc00000| Untracked 
| 189|0x000000008bd00000, 0x000000008bd00000, 0x000000008be00000|  0%| F|  |TAMS 0x000000008bd00000, 0x000000008bd00000| Untracked 
| 190|0x000000008be00000, 0x000000008be00000, 0x000000008bf00000|  0%| F|  |TAMS 0x000000008be00000, 0x000000008be00000| Untracked 
| 191|0x000000008bf00000, 0x000000008bf00000, 0x000000008c000000|  0%| F|  |TAMS 0x000000008bf00000, 0x000000008bf00000| Untracked 
| 192|0x000000008c000000, 0x000000008c000000, 0x000000008c100000|  0%| F|  |TAMS 0x000000008c000000, 0x000000008c000000| Untracked 
| 193|0x000000008c100000, 0x000000008c100000, 0x000000008c200000|  0%| F|  |TAMS 0x000000008c100000, 0x000000008c100000| Untracked 
| 194|0x000000008c200000, 0x000000008c200000, 0x000000008c300000|  0%| F|  |TAMS 0x000000008c200000, 0x000000008c200000| Untracked 
| 195|0x000000008c300000, 0x000000008c300000, 0x000000008c400000|  0%| F|  |TAMS 0x000000008c300000, 0x000000008c300000| Untracked 
| 196|0x000000008c400000, 0x000000008c400000, 0x000000008c500000|  0%| F|  |TAMS 0x000000008c400000, 0x000000008c400000| Untracked 
| 197|0x000000008c500000, 0x000000008c500000, 0x000000008c600000|  0%| F|  |TAMS 0x000000008c500000, 0x000000008c500000| Untracked 
| 198|0x000000008c600000, 0x000000008c600000, 0x000000008c700000|  0%| F|  |TAMS 0x000000008c600000, 0x000000008c600000| Untracked 
| 199|0x000000008c700000, 0x000000008c700000, 0x000000008c800000|  0%| F|  |TAMS 0x000000008c700000, 0x000000008c700000| Untracked 
| 200|0x000000008c800000, 0x000000008c880c10, 0x000000008c900000| 50%| E|  |TAMS 0x000000008c800000, 0x000000008c800000| Complete 
| 201|0x000000008c900000, 0x000000008ca00000, 0x000000008ca00000|100%| E|CS|TAMS 0x000000008c900000, 0x000000008c900000| Complete 
| 202|0x000000008ca00000, 0x000000008cb00000, 0x000000008cb00000|100%| E|CS|TAMS 0x000000008ca00000, 0x000000008ca00000| Complete 
| 203|0x000000008cb00000, 0x000000008cc00000, 0x000000008cc00000|100%| E|CS|TAMS 0x000000008cb00000, 0x000000008cb00000| Complete 
| 204|0x000000008cc00000, 0x000000008cd00000, 0x000000008cd00000|100%| E|CS|TAMS 0x000000008cc00000, 0x000000008cc00000| Complete 
| 205|0x000000008cd00000, 0x000000008ce00000, 0x000000008ce00000|100%| E|CS|TAMS 0x000000008cd00000, 0x000000008cd00000| Complete 

Card table byte_map: [0x00000221b3630000,0x00000221b3a30000] _byte_map_base: 0x00000221b3230000

Marking Bits (Prev, Next): (CMBitMap*) 0x000002219c6e8440, (CMBitMap*) 0x000002219c6e8480
 Prev Bits: [0x00000221b3e30000, 0x00000221b5e30000)
 Next Bits: [0x00000221b5e30000, 0x00000221b7e30000)

Polling page: 0x000002219a650000

Metaspace:

Usage:
  Non-class:     69.23 MB used.
      Class:     11.15 MB used.
       Both:     80.38 MB used.

Virtual space:
  Non-class space:       72.00 MB reserved,      69.62 MB ( 97%) committed,  9 nodes.
      Class space:      412.00 MB reserved,      11.50 MB (  3%) committed,  1 nodes.
             Both:      484.00 MB reserved,      81.12 MB ( 17%) committed. 

Chunk freelists:
   Non-Class:  2.30 MB
       Class:  480.00 KB
        Both:  2.77 MB

MaxMetaspaceSize: 512.00 MB
CompressedClassSpaceSize: 412.00 MB
Initial GC threshold: 21.00 MB
Current GC threshold: 127.81 MB
CDS: on
MetaspaceReclaimPolicy: balanced
 - commit_granule_bytes: 65536.
 - commit_granule_words: 8192.
 - virtual_space_node_default_size: 1048576.
 - enlarge_chunks_in_place: 1.
 - new_chunks_are_fully_committed: 0.
 - uncommit_free_chunks: 1.
 - use_allocation_guard: 0.
 - handle_deallocations: 1.


Internal statistics:

num_allocs_failed_limit: 6.
num_arena_births: 902.
num_arena_deaths: 0.
num_vsnodes_births: 10.
num_vsnodes_deaths: 0.
num_space_committed: 1298.
num_space_uncommitted: 0.
num_chunks_returned_to_freelist: 6.
num_chunks_taken_from_freelist: 4161.
num_chunk_merges: 6.
num_chunk_splits: 2769.
num_chunks_enlarged: 1854.
num_purges: 0.
num_inconsistent_stats: 0.

CodeHeap 'non-profiled nmethods': size=120000Kb used=4941Kb max_used=5109Kb free=115058Kb
 bounds [0x00000221ab9d0000, 0x00000221abef0000, 0x00000221b2f00000]
CodeHeap 'profiled nmethods': size=120000Kb used=15520Kb max_used=15940Kb free=104479Kb
 bounds [0x00000221a44a0000, 0x00000221a5450000, 0x00000221ab9d0000]
CodeHeap 'non-nmethods': size=5760Kb used=2418Kb max_used=2543Kb free=3341Kb
 bounds [0x00000221a3f00000, 0x00000221a41a0000, 0x00000221a44a0000]
 total_blobs=9020 nmethods=8072 adapters=860
 compilation: enabled
              stopped_count=0, restarted_count=0
 full_count=0

Compilation events (20 events):
Event: 16.547 Thread 0x00000221ba87b780 9501   !   3       com.sun.beans.finder.ClassFinder::findClass (43 bytes)
Event: 16.548 Thread 0x00000221ba87b780 nmethod 9501 0x00000221a4a54810 code [0x00000221a4a54aa0, 0x00000221a4a55718]
Event: 16.548 Thread 0x00000221ba87b780 9502       3       java.util.TimSort::gallopLeft (335 bytes)
Event: 16.549 Thread 0x00000221ba87b780 nmethod 9502 0x00000221a4844310 code [0x00000221a4844540, 0x00000221a4845038]
Event: 16.549 Thread 0x00000221ba87b780 9503       3       com.sun.beans.introspect.EventSetInfo::get (373 bytes)
Event: 16.554 Thread 0x00000221ba87b780 nmethod 9503 0x00000221a4c0ce10 code [0x00000221a4c0d4e0, 0x00000221a4c11188]
Event: 16.554 Thread 0x00000221ba87b780 9507       3       org.codehaus.groovy.runtime.MetaClassHelper::getMaximumInterfaceDistance (101 bytes)
Event: 16.554 Thread 0x00000221ba87b780 nmethod 9507 0x00000221a4e41090 code [0x00000221a4e412a0, 0x00000221a4e41858]
Event: 16.554 Thread 0x00000221ba87b780 9506   !   3       jdk.internal.reflect.GeneratedMethodAccessor3::invoke (96 bytes)
Event: 16.555 Thread 0x00000221ba87b780 nmethod 9506 0x00000221a4a00510 code [0x00000221a4a00760, 0x00000221a4a01228]
Event: 16.555 Thread 0x00000221ba87b780 9508       3       org.codehaus.groovy.reflection.stdclasses.CachedSAMClass::isAssignableFrom (30 bytes)
Event: 16.556 Thread 0x00000221ba87b780 nmethod 9508 0x00000221a4969810 code [0x00000221a49699e0, 0x00000221a4969cf8]
Event: 16.556 Thread 0x00000221ba87b780 9505       1       org.codehaus.groovy.runtime.metaclass.MultipleSetterProperty::setGetter (6 bytes)
Event: 16.556 Thread 0x00000221ba87b780 nmethod 9505 0x00000221aba19090 code [0x00000221aba19220, 0x00000221aba19338]
Event: 16.557 Thread 0x00000221ba87b780 9509       3       org.gradle.internal.metaobject.DynamicInvokeResult::isFound (16 bytes)
Event: 16.558 Thread 0x00000221ba87b780 nmethod 9509 0x00000221a4aa9390 code [0x00000221a4aa9520, 0x00000221a4aa9698]
Event: 16.560 Thread 0x00000221ba87b780 9510       3       org.gradle.api.internal.model.DefaultObjectFactory::named (10 bytes)
Event: 16.560 Thread 0x00000221ba87b780 nmethod 9510 0x00000221a4b55890 code [0x00000221a4b55a40, 0x00000221a4b55ba8]
Event: 16.637 Thread 0x00000221bc47e380 nmethod 9464 0x00000221abbc9210 code [0x00000221abbc9600, 0x00000221abbcd4c0]
Event: 16.637 Thread 0x00000221bc47e380 9488       4       com.sun.beans.introspect.MethodInfo$MethodOrder::compare (167 bytes)

GC Heap History (20 events):
Event: 14.378 GC heap before
{Heap before GC invocations=34 (full 0):
 garbage-first heap   total 141312K, used 94896K [0x0000000080000000, 0x0000000100000000)
  region size 1024K, 33 young (33792K), 5 survivors (5120K)
 Metaspace       used 70805K, committed 71488K, reserved 487424K
  class space    used 9956K, committed 10304K, reserved 421888K
}
Event: 14.384 GC heap after
{Heap after GC invocations=35 (full 0):
 garbage-first heap   total 141312K, used 70299K [0x0000000080000000, 0x0000000100000000)
  region size 1024K, 3 young (3072K), 3 survivors (3072K)
 Metaspace       used 70805K, committed 71488K, reserved 487424K
  class space    used 9956K, committed 10304K, reserved 421888K
}
Event: 14.488 GC heap before
{Heap before GC invocations=36 (full 0):
 garbage-first heap   total 141312K, used 81563K [0x0000000080000000, 0x0000000100000000)
  region size 1024K, 11 young (11264K), 3 survivors (3072K)
 Metaspace       used 70829K, committed 71552K, reserved 487424K
  class space    used 9958K, committed 10304K, reserved 421888K
}
Event: 14.491 GC heap after
{Heap after GC invocations=37 (full 0):
 garbage-first heap   total 141312K, used 77881K [0x0000000080000000, 0x0000000100000000)
  region size 1024K, 6 young (6144K), 6 survivors (6144K)
 Metaspace       used 70829K, committed 71552K, reserved 487424K
  class space    used 9958K, committed 10304K, reserved 421888K
}
Event: 14.706 GC heap before
{Heap before GC invocations=38 (full 0):
 garbage-first heap   total 143360K, used 101433K [0x0000000080000000, 0x0000000100000000)
  region size 1024K, 29 young (29696K), 6 survivors (6144K)
 Metaspace       used 72470K, committed 73216K, reserved 487424K
  class space    used 10169K, committed 10496K, reserved 421888K
}
Event: 14.710 GC heap after
{Heap after GC invocations=39 (full 0):
 garbage-first heap   total 143360K, used 81462K [0x0000000080000000, 0x0000000100000000)
  region size 1024K, 3 young (3072K), 3 survivors (3072K)
 Metaspace       used 72470K, committed 73216K, reserved 487424K
  class space    used 10169K, committed 10496K, reserved 421888K
}
Event: 14.966 GC heap before
{Heap before GC invocations=39 (full 0):
 garbage-first heap   total 143360K, used 105014K [0x0000000080000000, 0x0000000100000000)
  region size 1024K, 27 young (27648K), 3 survivors (3072K)
 Metaspace       used 74681K, committed 75392K, reserved 487424K
  class space    used 10396K, committed 10752K, reserved 421888K
}
Event: 14.969 GC heap after
{Heap after GC invocations=40 (full 0):
 garbage-first heap   total 143360K, used 81694K [0x0000000080000000, 0x0000000100000000)
  region size 1024K, 3 young (3072K), 3 survivors (3072K)
 Metaspace       used 74681K, committed 75392K, reserved 487424K
  class space    used 10396K, committed 10752K, reserved 421888K
}
Event: 15.251 GC heap before
{Heap before GC invocations=41 (full 0):
 garbage-first heap   total 145408K, used 113438K [0x0000000080000000, 0x0000000100000000)
  region size 1024K, 29 young (29696K), 3 survivors (3072K)
 Metaspace       used 75674K, committed 76416K, reserved 495616K
  class space    used 10522K, committed 10880K, reserved 421888K
}
Event: 15.256 GC heap after
{Heap after GC invocations=42 (full 0):
 garbage-first heap   total 145408K, used 91524K [0x0000000080000000, 0x0000000100000000)
  region size 1024K, 4 young (4096K), 4 survivors (4096K)
 Metaspace       used 75674K, committed 76416K, reserved 495616K
  class space    used 10522K, committed 10880K, reserved 421888K
}
Event: 15.297 GC heap before
{Heap before GC invocations=42 (full 0):
 garbage-first heap   total 145408K, used 93572K [0x0000000080000000, 0x0000000100000000)
  region size 1024K, 7 young (7168K), 4 survivors (4096K)
 Metaspace       used 75746K, committed 76480K, reserved 495616K
  class space    used 10535K, committed 10880K, reserved 421888K
}
Event: 15.301 GC heap after
{Heap after GC invocations=43 (full 0):
 garbage-first heap   total 145408K, used 87488K [0x0000000080000000, 0x0000000100000000)
  region size 1024K, 1 young (1024K), 1 survivors (1024K)
 Metaspace       used 75746K, committed 76480K, reserved 495616K
  class space    used 10535K, committed 10880K, reserved 421888K
}
Event: 15.582 GC heap before
{Heap before GC invocations=43 (full 0):
 garbage-first heap   total 145408K, used 112064K [0x0000000080000000, 0x0000000100000000)
  region size 1024K, 25 young (25600K), 1 survivors (1024K)
 Metaspace       used 77471K, committed 78144K, reserved 495616K
  class space    used 10768K, committed 11072K, reserved 421888K
}
Event: 15.585 GC heap after
{Heap after GC invocations=44 (full 0):
 garbage-first heap   total 145408K, used 88578K [0x0000000080000000, 0x0000000100000000)
  region size 1024K, 2 young (2048K), 2 survivors (2048K)
 Metaspace       used 77471K, committed 78144K, reserved 495616K
  class space    used 10768K, committed 11072K, reserved 421888K
}
Event: 15.913 GC heap before
{Heap before GC invocations=45 (full 0):
 garbage-first heap   total 155648K, used 112130K [0x0000000080000000, 0x0000000100000000)
  region size 1024K, 27 young (27648K), 2 survivors (2048K)
 Metaspace       used 79254K, committed 80000K, reserved 495616K
  class space    used 10975K, committed 11328K, reserved 421888K
}
Event: 15.916 GC heap after
{Heap after GC invocations=46 (full 0):
 garbage-first heap   total 155648K, used 88832K [0x0000000080000000, 0x0000000100000000)
  region size 1024K, 4 young (4096K), 4 survivors (4096K)
 Metaspace       used 79254K, committed 80000K, reserved 495616K
  class space    used 10975K, committed 11328K, reserved 421888K
}
Event: 15.957 GC heap before
{Heap before GC invocations=46 (full 0):
 garbage-first heap   total 155648K, used 91904K [0x0000000080000000, 0x0000000100000000)
  region size 1024K, 7 young (7168K), 4 survivors (4096K)
 Metaspace       used 79461K, committed 80192K, reserved 495616K
  class space    used 11022K, committed 11392K, reserved 421888K
}
Event: 15.961 GC heap after
{Heap after GC invocations=47 (full 0):
 garbage-first heap   total 210944K, used 88791K [0x0000000080000000, 0x0000000100000000)
  region size 1024K, 1 young (1024K), 1 survivors (1024K)
 Metaspace       used 79461K, committed 80192K, reserved 495616K
  class space    used 11022K, committed 11392K, reserved 421888K
}
Event: 16.539 GC heap before
{Heap before GC invocations=47 (full 0):
 garbage-first heap   total 210944K, used 156375K [0x0000000080000000, 0x0000000100000000)
  region size 1024K, 67 young (68608K), 1 survivors (1024K)
 Metaspace       used 81979K, committed 82752K, reserved 495616K
  class space    used 11371K, committed 11712K, reserved 421888K
}
Event: 16.544 GC heap after
{Heap after GC invocations=48 (full 0):
 garbage-first heap   total 210944K, used 92378K [0x0000000080000000, 0x0000000100000000)
  region size 1024K, 4 young (4096K), 4 survivors (4096K)
 Metaspace       used 81979K, committed 82752K, reserved 495616K
  class space    used 11371K, committed 11712K, reserved 421888K
}

Deoptimization events (20 events):
Event: 16.429 Thread 0x00000221bc7ba630 DEOPT PACKING pc=0x00000221abcd25a4 sp=0x0000009400ff1150
Event: 16.429 Thread 0x00000221bc7ba630 DEOPT UNPACKING pc=0x00000221a3f523a3 sp=0x0000009400ff1080 mode 2
Event: 16.456 Thread 0x00000221bc7ba630 Uncommon trap: trap_request=0xffffffc6 fr.pc=0x00000221abc38060 relative=0x0000000000001080
Event: 16.456 Thread 0x00000221bc7ba630 Uncommon trap: reason=bimorphic_or_optimized_type_check action=maybe_recompile pc=0x00000221abc38060 method=org.codehaus.groovy.runtime.metaclass.MetaMethodIndex.isOverridden(Lgroovy/lang/MetaMethod;Lgroovy/lang/MetaMethod;)Z @ 10 c2
Event: 16.457 Thread 0x00000221bc7ba630 DEOPT PACKING pc=0x00000221abc38060 sp=0x0000009400ff1c10
Event: 16.457 Thread 0x00000221bc7ba630 DEOPT UNPACKING pc=0x00000221a3f523a3 sp=0x0000009400ff1b68 mode 2
Event: 16.474 Thread 0x00000221bc7ba630 Uncommon trap: trap_request=0xfffffff4 fr.pc=0x00000221abd1edf8 relative=0x00000000000009f8
Event: 16.474 Thread 0x00000221bc7ba630 Uncommon trap: reason=null_check action=make_not_entrant pc=0x00000221abd1edf8 method=com.sun.beans.introspect.MethodInfo$MethodOrder.compare(Ljava/lang/reflect/Method;Ljava/lang/reflect/Method;)I @ 145 c2
Event: 16.474 Thread 0x00000221bc7ba630 DEOPT PACKING pc=0x00000221abd1edf8 sp=0x0000009400fefcb0
Event: 16.474 Thread 0x00000221bc7ba630 DEOPT UNPACKING pc=0x00000221a3f523a3 sp=0x0000009400fefc50 mode 2
Event: 16.492 Thread 0x00000221bc7ba630 Uncommon trap: trap_request=0xfffffff4 fr.pc=0x00000221abc47454 relative=0x0000000000000134
Event: 16.492 Thread 0x00000221bc7ba630 Uncommon trap: reason=null_check action=make_not_entrant pc=0x00000221abc47454 method=java.lang.PublicMethods$MethodList.getMostSpecific()Ljava/lang/reflect/Method; @ 41 c2
Event: 16.492 Thread 0x00000221bc7ba630 DEOPT PACKING pc=0x00000221abc47454 sp=0x0000009400fef5e0
Event: 16.492 Thread 0x00000221bc7ba630 DEOPT UNPACKING pc=0x00000221a3f523a3 sp=0x0000009400fef4e0 mode 2
Event: 16.531 Thread 0x00000221bc7ba630 Uncommon trap: trap_request=0xffffff45 fr.pc=0x00000221abc38130 relative=0x0000000000001150
Event: 16.531 Thread 0x00000221bc7ba630 Uncommon trap: reason=unstable_if action=reinterpret pc=0x00000221abc38130 method=org.codehaus.groovy.runtime.metaclass.MetaMethodIndex.isOverridden(Lgroovy/lang/MetaMethod;Lgroovy/lang/MetaMethod;)Z @ 52 c2
Event: 16.531 Thread 0x00000221bc7ba630 DEOPT PACKING pc=0x00000221abc38130 sp=0x0000009400ff0970
Event: 16.531 Thread 0x00000221bc7ba630 DEOPT UNPACKING pc=0x00000221a3f523a3 sp=0x0000009400ff08c8 mode 2
Event: 16.559 Thread 0x00000221bc7ba630 DEOPT PACKING pc=0x00000221a4f4601d sp=0x0000009400ff5d20
Event: 16.559 Thread 0x00000221bc7ba630 DEOPT UNPACKING pc=0x00000221a3f52b43 sp=0x0000009400ff5248 mode 0

Classes unloaded (0 events):
No events

Classes redefined (0 events):
No events

Internal exceptions (20 events):
Event: 16.472 Thread 0x00000221bc7ba630 Exception <a 'java/lang/ClassNotFoundException'{0x0000000089523c30}: com/android/build/gradle/internal/dsl/SigningConfigBeanInfo> (0x0000000089523c30) 
thrown [s\open\src\hotspot\share\classfile\systemDictionary.cpp, line 256]
Event: 16.473 Thread 0x00000221bc7ba630 Exception <a 'java/lang/ClassNotFoundException'{0x0000000089535b70}: com/android/builder/signing/DefaultSigningConfigBeanInfo> (0x0000000089535b70) 
thrown [s\open\src\hotspot\share\classfile\systemDictionary.cpp, line 256]
Event: 16.474 Thread 0x00000221bc7ba630 Exception <a 'java/lang/ClassNotFoundException'{0x0000000089547580}: com/android/builder/signing/DefaultSigningConfigCustomizer> (0x0000000089547580) 
thrown [s\open\src\hotspot\share\classfile\systemDictionary.cpp, line 256]
Event: 16.476 Thread 0x00000221bc7ba630 Exception <a 'java/lang/ClassNotFoundException'{0x0000000089570360}: com/android/build/gradle/internal/dsl/SigningConfigCustomizer> (0x0000000089570360) 
thrown [s\open\src\hotspot\share\classfile\systemDictionary.cpp, line 256]
Event: 16.476 Thread 0x00000221bc7ba630 Exception <a 'java/lang/ClassNotFoundException'{0x00000000895897a8}: com/android/build/gradle/internal/dsl/SigningConfig$AgpDecoratedCustomizer> (0x00000000895897a8) 
thrown [s\open\src\hotspot\share\classfile\systemDictionary.cpp, line 256]
Event: 16.477 Thread 0x00000221bc7ba630 Exception <a 'java/lang/ClassNotFoundException'{0x00000000895bebe0}: com/android/build/gradle/internal/dsl/SigningConfig$AgpDecorated_DecoratedCustomizer> (0x00000000895bebe0) 
thrown [s\open\src\hotspot\share\classfile\systemDictionary.cpp, line 256]
Event: 16.480 Thread 0x00000221bc7ba630 Exception <a 'java/lang/ClassNotFoundException'{0x00000000893298b0}: build_66iiq8wgml05nh0vdiqfp7ix7$_run_closure2$_closure5BeanInfo> (0x00000000893298b0) 
thrown [s\open\src\hotspot\share\classfile\systemDictionary.cpp, line 256]
Event: 16.480 Thread 0x00000221bc7ba630 Exception <a 'java/lang/ClassNotFoundException'{0x0000000089337618}: build_66iiq8wgml05nh0vdiqfp7ix7$_run_closure2$_closure5Customizer> (0x0000000089337618) 
thrown [s\open\src\hotspot\share\classfile\systemDictionary.cpp, line 256]
Event: 16.482 Thread 0x00000221bc7ba630 Exception <a 'java/lang/ClassNotFoundException'{0x000000008935e790}: build_66iiq8wgml05nh0vdiqfp7ix7$_run_closure2BeanInfo> (0x000000008935e790) 
thrown [s\open\src\hotspot\share\classfile\systemDictionary.cpp, line 256]
Event: 16.483 Thread 0x00000221bc7ba630 Exception <a 'java/lang/ClassNotFoundException'{0x000000008936c430}: build_66iiq8wgml05nh0vdiqfp7ix7$_run_closure2Customizer> (0x000000008936c430) 
thrown [s\open\src\hotspot\share\classfile\systemDictionary.cpp, line 256]
Event: 16.533 Thread 0x00000221bc7ba630 Exception <a 'java/lang/ClassNotFoundException'{0x0000000088b11e50}: com/android/build/gradle/internal/dsl/BuildType$AgpDecorated_DecoratedBeanInfo> (0x0000000088b11e50) 
thrown [s\open\src\hotspot\share\classfile\systemDictionary.cpp, line 256]
Event: 16.534 Thread 0x00000221bc7ba630 Exception <a 'java/lang/ClassNotFoundException'{0x0000000088b22fc8}: com/android/build/gradle/internal/dsl/BuildType$AgpDecoratedBeanInfo> (0x0000000088b22fc8) 
thrown [s\open\src\hotspot\share\classfile\systemDictionary.cpp, line 256]
Event: 16.535 Thread 0x00000221bc7ba630 Exception <a 'java/lang/ClassNotFoundException'{0x0000000088b33fd0}: com/android/build/gradle/internal/dsl/BuildTypeBeanInfo> (0x0000000088b33fd0) 
thrown [s\open\src\hotspot\share\classfile\systemDictionary.cpp, line 256]
Event: 16.536 Thread 0x00000221bc7ba630 Exception <a 'java/lang/ClassNotFoundException'{0x0000000088b45058}: com/android/builder/core/AbstractBuildTypeBeanInfo> (0x0000000088b45058) 
thrown [s\open\src\hotspot\share\classfile\systemDictionary.cpp, line 256]
Event: 16.536 Thread 0x00000221bc7ba630 Exception <a 'java/lang/ClassNotFoundException'{0x0000000088b55e28}: com/android/builder/core/AbstractBuildTypeCustomizer> (0x0000000088b55e28) 
thrown [s\open\src\hotspot\share\classfile\systemDictionary.cpp, line 256]
Event: 16.537 Thread 0x00000221bc7ba630 Exception <a 'java/lang/ClassNotFoundException'{0x0000000088b83890}: com/android/build/gradle/internal/dsl/BuildTypeCustomizer> (0x0000000088b83890) 
thrown [s\open\src\hotspot\share\classfile\systemDictionary.cpp, line 256]
Event: 16.545 Thread 0x00000221bc7ba630 Exception <a 'java/lang/ClassNotFoundException'{0x000000008cd11868}: com/android/build/gradle/internal/dsl/BuildType$AgpDecoratedCustomizer> (0x000000008cd11868) 
thrown [s\open\src\hotspot\share\classfile\systemDictionary.cpp, line 256]
Event: 16.547 Thread 0x00000221bc7ba630 Exception <a 'java/lang/ClassNotFoundException'{0x000000008cd677a8}: com/android/build/gradle/internal/dsl/BuildType$AgpDecorated_DecoratedCustomizer> (0x000000008cd677a8) 
thrown [s\open\src\hotspot\share\classfile\systemDictionary.cpp, line 256]
Event: 16.553 Thread 0x00000221bc7ba630 Exception <a 'java/lang/ClassNotFoundException'{0x000000008cc599c0}: build_66iiq8wgml05nh0vdiqfp7ix7$_run_closure2$_closure6BeanInfo> (0x000000008cc599c0) 
thrown [s\open\src\hotspot\share\classfile\systemDictionary.cpp, line 256]
Event: 16.554 Thread 0x00000221bc7ba630 Exception <a 'java/lang/ClassNotFoundException'{0x000000008cc67728}: build_66iiq8wgml05nh0vdiqfp7ix7$_run_closure2$_closure6Customizer> (0x000000008cc67728) 
thrown [s\open\src\hotspot\share\classfile\systemDictionary.cpp, line 256]

VM Operations (20 events):
Event: 15.251 Executing VM operation: G1CollectForAllocation
Event: 15.256 Executing VM operation: G1CollectForAllocation done
Event: 15.297 Executing VM operation: G1CollectForAllocation
Event: 15.301 Executing VM operation: G1CollectForAllocation done
Event: 15.336 Executing VM operation: HandshakeAllThreads
Event: 15.336 Executing VM operation: HandshakeAllThreads done
Event: 15.393 Executing VM operation: HandshakeAllThreads
Event: 15.394 Executing VM operation: HandshakeAllThreads done
Event: 15.582 Executing VM operation: G1CollectForAllocation
Event: 15.585 Executing VM operation: G1CollectForAllocation done
Event: 15.659 Executing VM operation: G1Concurrent
Event: 15.663 Executing VM operation: G1Concurrent done
Event: 15.697 Executing VM operation: G1Concurrent
Event: 15.697 Executing VM operation: G1Concurrent done
Event: 15.913 Executing VM operation: G1CollectForAllocation
Event: 15.916 Executing VM operation: G1CollectForAllocation done
Event: 15.957 Executing VM operation: G1CollectForAllocation
Event: 15.961 Executing VM operation: G1CollectForAllocation done
Event: 16.539 Executing VM operation: G1CollectForAllocation
Event: 16.544 Executing VM operation: G1CollectForAllocation done

Events (20 events):
Event: 15.403 Thread 0x00000221ba87c080 flushing nmethod 0x00000221a5085e90
Event: 15.403 Thread 0x00000221ba87c080 flushing nmethod 0x00000221a5090e10
Event: 15.403 Thread 0x00000221ba87c080 flushing nmethod 0x00000221a50d8690
Event: 15.403 Thread 0x00000221ba87c080 flushing nmethod 0x00000221a50e8710
Event: 15.404 Thread 0x00000221ba87c080 flushing nmethod 0x00000221a5120490
Event: 15.405 Thread 0x00000221ba87c080 flushing nmethod 0x00000221a51ee790
Event: 15.405 Thread 0x00000221ba87c080 flushing nmethod 0x00000221a51f0290
Event: 15.405 Thread 0x00000221ba87c080 flushing nmethod 0x00000221a5234690
Event: 15.405 Thread 0x00000221ba87c080 flushing nmethod 0x00000221a5236e90
Event: 15.406 Thread 0x00000221ba87c080 flushing nmethod 0x00000221a529f310
Event: 15.406 Thread 0x00000221ba87c080 flushing nmethod 0x00000221a5301190
Event: 15.406 Thread 0x00000221ba87c080 flushing nmethod 0x00000221a5302390
Event: 15.840 loading class javax/xml/stream/XMLStreamException
Event: 15.840 loading class javax/xml/stream/XMLStreamException done
Event: 15.863 loading class sun/reflect/annotation/AnnotationInvocationHandler$1
Event: 15.863 loading class sun/reflect/annotation/AnnotationInvocationHandler$1 done
Event: 16.259 loading class java/util/regex/Pattern$Pos
Event: 16.260 loading class java/util/regex/Pattern$Pos done
Event: 16.435 loading class java/beans/IntrospectionException
Event: 16.435 loading class java/beans/IntrospectionException done


Dynamic libraries:
0x00007ff777f90000 - 0x00007ff777fa0000 	C:\Program Files\Java\jdk-17.0.4\bin\java.exe
0x00007ffaf4af0000 - 0x00007ffaf4ce8000 	C:\Windows\SYSTEM32\ntdll.dll
0x00007ffaf4750000 - 0x00007ffaf480d000 	C:\Windows\System32\KERNEL32.DLL
0x00007ffaf2490000 - 0x00007ffaf2786000 	C:\Windows\System32\KERNELBASE.dll
0x00007ffaf2790000 - 0x00007ffaf2890000 	C:\Windows\System32\ucrtbase.dll
0x00007ffaea010000 - 0x00007ffaea02a000 	C:\Program Files\Java\jdk-17.0.4\bin\VCRUNTIME140.dll
0x00007ffaec760000 - 0x00007ffaec778000 	C:\Program Files\Java\jdk-17.0.4\bin\jli.dll
0x00007ffaf3cb0000 - 0x00007ffaf3d63000 	C:\Windows\System32\ADVAPI32.dll
0x00007ffaf4960000 - 0x00007ffaf49fe000 	C:\Windows\System32\msvcrt.dll
0x00007ffaf48c0000 - 0x00007ffaf495f000 	C:\Windows\System32\sechost.dll
0x00007ffaf2bb0000 - 0x00007ffaf2cd6000 	C:\Windows\System32\RPCRT4.dll
0x00007ffaf2460000 - 0x00007ffaf2487000 	C:\Windows\System32\bcrypt.dll
0x00007ffaf3110000 - 0x00007ffaf32ae000 	C:\Windows\System32\USER32.dll
0x00007ffad36d0000 - 0x00007ffad396a000 	C:\Windows\WinSxS\amd64_microsoft.windows.common-controls_6595b64144ccf1df_6.0.19041.3636_none_60b6a03d71f818d5\COMCTL32.dll
0x00007ffaf2430000 - 0x00007ffaf2452000 	C:\Windows\System32\win32u.dll
0x00007ffaf4a20000 - 0x00007ffaf4a4b000 	C:\Windows\System32\GDI32.dll
0x00007ffaf21b0000 - 0x00007ffaf22c7000 	C:\Windows\System32\gdi32full.dll
0x00007ffaf2950000 - 0x00007ffaf29ed000 	C:\Windows\System32\msvcp_win.dll
0x00007ffaecc00000 - 0x00007ffaecc0a000 	C:\Windows\SYSTEM32\VERSION.dll
0x00007ffaf3e90000 - 0x00007ffaf3ec2000 	C:\Windows\System32\IMM32.DLL
0x00007ffaec7a0000 - 0x00007ffaec7ac000 	C:\Program Files\Java\jdk-17.0.4\bin\vcruntime140_1.dll
0x00007ffacd6e0000 - 0x00007ffacd76d000 	C:\Program Files\Java\jdk-17.0.4\bin\msvcp140.dll
0x00007ffac65a0000 - 0x00007ffac7162000 	C:\Program Files\Java\jdk-17.0.4\bin\server\jvm.dll
0x00007ffaf3720000 - 0x00007ffaf3728000 	C:\Windows\System32\PSAPI.DLL
0x00007ffad80e0000 - 0x00007ffad80e9000 	C:\Windows\SYSTEM32\WSOCK32.dll
0x00007ffadadd0000 - 0x00007ffadadf7000 	C:\Windows\SYSTEM32\WINMM.dll
0x00007ffaf3d70000 - 0x00007ffaf3ddb000 	C:\Windows\System32\WS2_32.dll
0x00007ffaf09f0000 - 0x00007ffaf0a02000 	C:\Windows\SYSTEM32\kernel.appcore.dll
0x00007ffae9d30000 - 0x00007ffae9d3a000 	C:\Program Files\Java\jdk-17.0.4\bin\jimage.dll
0x00007ffaeff70000 - 0x00007ffaf0154000 	C:\Windows\SYSTEM32\DBGHELP.DLL
0x00007ffae8930000 - 0x00007ffae8964000 	C:\Windows\SYSTEM32\dbgcore.DLL
0x00007ffaf29f0000 - 0x00007ffaf2a72000 	C:\Windows\System32\bcryptPrimitives.dll
0x00007ffaec6c0000 - 0x00007ffaec6ce000 	C:\Program Files\Java\jdk-17.0.4\bin\instrument.dll
0x00007ffadcb30000 - 0x00007ffadcb55000 	C:\Program Files\Java\jdk-17.0.4\bin\java.dll
0x00007ffaca7a0000 - 0x00007ffaca876000 	C:\Program Files\Java\jdk-17.0.4\bin\jsvml.dll
0x00007ffaf3ed0000 - 0x00007ffaf4615000 	C:\Windows\System32\SHELL32.dll
0x00007ffaf0240000 - 0x00007ffaf09dc000 	C:\Windows\SYSTEM32\windows.storage.dll
0x00007ffaf38f0000 - 0x00007ffaf3c44000 	C:\Windows\System32\combase.dll
0x00007ffaf1b10000 - 0x00007ffaf1b3e000 	C:\Windows\SYSTEM32\Wldp.dll
0x00007ffaf4620000 - 0x00007ffaf46ed000 	C:\Windows\System32\OLEAUT32.dll
0x00007ffaf3de0000 - 0x00007ffaf3e8d000 	C:\Windows\System32\SHCORE.dll
0x00007ffaf46f0000 - 0x00007ffaf4745000 	C:\Windows\System32\shlwapi.dll
0x00007ffaf20e0000 - 0x00007ffaf2105000 	C:\Windows\SYSTEM32\profapi.dll
0x00007ffae4360000 - 0x00007ffae4378000 	C:\Program Files\Java\jdk-17.0.4\bin\zip.dll
0x00007ffae8bd0000 - 0x00007ffae8be9000 	C:\Program Files\Java\jdk-17.0.4\bin\net.dll
0x00007ffae73b0000 - 0x00007ffae74ba000 	C:\Windows\SYSTEM32\WINHTTP.dll
0x00007ffaf1870000 - 0x00007ffaf18da000 	C:\Windows\system32\mswsock.dll
0x00007ffae8b00000 - 0x00007ffae8b16000 	C:\Program Files\Java\jdk-17.0.4\bin\nio.dll
0x00007ffaecb30000 - 0x00007ffaecb40000 	C:\Program Files\Java\jdk-17.0.4\bin\verify.dll
0x00007ffae9290000 - 0x00007ffae92b7000 	C:\Users\keita\.gradle\native\68d5fa5c4cc2d200863cafc0d521ce42e7d3e7ee720ec0a83991735586a16f82\windows-amd64\native-platform.dll
0x00007ffacd320000 - 0x00007ffacd464000 	C:\Users\keita\.gradle\native\e376f236ea51e6404a007f0833ffe2c6e607c4080706a723a18a27aeea778392\windows-amd64\native-platform-file-events.dll
0x00007ffadff50000 - 0x00007ffadff59000 	C:\Program Files\Java\jdk-17.0.4\bin\management.dll
0x00007ffadcd80000 - 0x00007ffadcd8b000 	C:\Program Files\Java\jdk-17.0.4\bin\management_ext.dll
0x00007ffaf1a70000 - 0x00007ffaf1a88000 	C:\Windows\SYSTEM32\CRYPTSP.dll
0x00007ffaf11a0000 - 0x00007ffaf11d4000 	C:\Windows\system32\rsaenh.dll
0x00007ffaf20a0000 - 0x00007ffaf20ce000 	C:\Windows\SYSTEM32\USERENV.dll
0x00007ffaf1a60000 - 0x00007ffaf1a6c000 	C:\Windows\SYSTEM32\CRYPTBASE.dll
0x00007ffaf1560000 - 0x00007ffaf159b000 	C:\Windows\SYSTEM32\IPHLPAPI.DLL
0x00007ffaf2ef0000 - 0x00007ffaf2ef8000 	C:\Windows\System32\NSI.dll
0x00007ffae89f0000 - 0x00007ffae8a07000 	C:\Windows\SYSTEM32\dhcpcsvc6.DLL
0x00007ffae89d0000 - 0x00007ffae89ed000 	C:\Windows\SYSTEM32\dhcpcsvc.DLL
0x00007ffaf15a0000 - 0x00007ffaf166b000 	C:\Windows\SYSTEM32\DNSAPI.dll
0x00007ffadcd70000 - 0x00007ffadcd7e000 	C:\Program Files\Java\jdk-17.0.4\bin\sunmscapi.dll
0x00007ffaf22d0000 - 0x00007ffaf242d000 	C:\Windows\System32\CRYPT32.dll
0x00007ffaf1b80000 - 0x00007ffaf1ba8000 	C:\Windows\SYSTEM32\ncrypt.dll
0x00007ffaf1b40000 - 0x00007ffaf1b7b000 	C:\Windows\SYSTEM32\NTASN1.dll
0x00007ffadcc80000 - 0x00007ffadcc87000 	C:\Windows\system32\wshunix.dll
0x000000005fee0000 - 0x000000005ff06000 	C:\Program Files\Bonjour\mdnsNSP.dll
0x00007ffae8a10000 - 0x00007ffae8a1a000 	C:\Windows\System32\rasadhlp.dll
0x00007ffae57c0000 - 0x00007ffae5840000 	C:\Windows\System32\fwpuclnt.dll
0x00007ffadc990000 - 0x00007ffadc9a7000 	C:\Windows\system32\napinsp.dll
0x00007ffadc970000 - 0x00007ffadc98b000 	C:\Windows\system32\pnrpnsp.dll
0x00007ffaecfb0000 - 0x00007ffaecfc5000 	C:\Windows\system32\wshbth.dll
0x00007ffae9a70000 - 0x00007ffae9a8d000 	C:\Windows\system32\NLAapi.dll
0x00007ffad89f0000 - 0x00007ffad8a02000 	C:\Windows\System32\winrnr.dll

dbghelp: loaded successfully - version: 4.0.5 - missing functions: none
symbol engine: initialized successfully - sym options: 0x614 - pdb path: .;C:\Program Files\Java\jdk-17.0.4\bin;C:\Windows\SYSTEM32;C:\Windows\WinSxS\amd64_microsoft.windows.common-controls_6595b64144ccf1df_6.0.19041.3636_none_60b6a03d71f818d5;C:\Program Files\Java\jdk-17.0.4\bin\server;C:\Users\keita\.gradle\native\68d5fa5c4cc2d200863cafc0d521ce42e7d3e7ee720ec0a83991735586a16f82\windows-amd64;C:\Users\keita\.gradle\native\e376f236ea51e6404a007f0833ffe2c6e607c4080706a723a18a27aeea778392\windows-amd64;C:\Program Files\Bonjour

VM Arguments:
jvm_args: -XX:MaxMetaspaceSize=512m --add-opens=java.base/java.util=ALL-UNNAMED --add-opens=java.base/java.lang=ALL-UNNAMED --add-opens=java.base/java.lang.invoke=ALL-UNNAMED --add-opens=java.prefs/java.util.prefs=ALL-UNNAMED --add-opens=java.base/java.nio.charset=ALL-UNNAMED --add-opens=java.base/java.net=ALL-UNNAMED --add-opens=java.base/java.util.concurrent.atomic=ALL-UNNAMED -Xmx2048m -Dfile.encoding=windows-1252 -Duser.country=ML -Duser.language=fr -Duser.variant -javaagent:C:\Users\keita\.gradle\wrapper\dists\gradle-8.3-all\6en3ugtfdg5xnpx44z4qbwgas\gradle-8.3\lib\agents\gradle-instrumentation-agent-8.3.jar 
java_command: org.gradle.launcher.daemon.bootstrap.GradleDaemon 8.3
java_class_path (initial): C:\Users\keita\.gradle\wrapper\dists\gradle-8.3-all\6en3ugtfdg5xnpx44z4qbwgas\gradle-8.3\lib\gradle-launcher-8.3.jar
Launcher Type: SUN_STANDARD

[Global flags]
     intx CICompilerCount                          = 4                                         {product} {ergonomic}
   size_t CompressedClassSpaceSize                 = 432013312                                 {product} {ergonomic}
     uint ConcGCThreads                            = 2                                         {product} {ergonomic}
     uint G1ConcRefinementThreads                  = 8                                         {product} {ergonomic}
   size_t G1HeapRegionSize                         = 1048576                                   {product} {ergonomic}
    uintx GCDrainStackTargetSize                   = 64                                        {product} {ergonomic}
   size_t InitialHeapSize                          = 134217728                                 {product} {ergonomic}
   size_t MarkStackSize                            = 4194304                                   {product} {ergonomic}
   size_t MaxHeapSize                              = 2147483648                                {product} {command line}
   size_t MaxMetaspaceSize                         = 536870912                                 {product} {command line}
   size_t MaxNewSize                               = 1287651328                                {product} {ergonomic}
   size_t MinHeapDeltaBytes                        = 1048576                                   {product} {ergonomic}
   size_t MinHeapSize                              = 8388608                                   {product} {ergonomic}
    uintx NonNMethodCodeHeapSize                   = 5839372                                {pd product} {ergonomic}
    uintx NonProfiledCodeHeapSize                  = 122909434                              {pd product} {ergonomic}
    uintx ProfiledCodeHeapSize                     = 122909434                              {pd product} {ergonomic}
    uintx ReservedCodeCacheSize                    = 251658240                              {pd product} {ergonomic}
     bool SegmentedCodeCache                       = true                                      {product} {ergonomic}
   size_t SoftMaxHeapSize                          = 2147483648                             {manageable} {ergonomic}
     bool UseCompressedClassPointers               = true                           {product lp64_product} {ergonomic}
     bool UseCompressedOops                        = true                           {product lp64_product} {ergonomic}
     bool UseG1GC                                  = true                                      {product} {ergonomic}
     bool UseLargePagesIndividualAllocation        = false                                  {pd product} {ergonomic}

Logging:
Log output configuration:
 #0: stdout all=warning uptime,level,tags
 #1: stderr all=off uptime,level,tags

Environment Variables:
CLASSPATH=D:\keita\project\cours\react-native\Instagram\android\\gradle\wrapper\gradle-wrapper.jar
PATH=D:\keita\project\cours\react-native\Instagram\node_modules\.bin;D:\keita\project\cours\react-native\node_modules\.bin;D:\keita\project\cours\node_modules\.bin;D:\keita\project\node_modules\.bin;D:\keita\node_modules\.bin;D:\node_modules\.bin;C:\Program Files\nodejs\node_modules\npm\node_modules\@npmcli\run-script\lib\node-gyp-bin;C:\Program Files (x86)\VMware\VMware Workstation\bin\;C:\Program Files\Common Files\Oracle\Java\javapath;C:\Python311\Scripts\;C:\Python311\;C:\Windows\system32;C:\Windows;C:\Windows\System32\Wbem;C:\Windows\System32\WindowsPowerShell\v1.0\;C:\Windows\System32\OpenSSH\;C:\Program Files\nodejs\;C:\ProgramData\chocolatey\bin;C:\Program Files\Intel\WiFi\bin\;C:\Program Files\Common Files\Intel\WirelessCommon\;C:\Program Files\Git\cmd;C:\Users\keita\AppData\Local\Microsoft\WindowsApps;C:\Users\keita\AppData\Local\Programs\Microsoft VS Code\bin;C:\Users\keita\AppData\Roaming\npm;C:\Users\keita\AppData\Local\Google\Cloud SDK\google-cloud-sdk\bin;D:\programes\maven\bin;D:\programes\flutter\bin;C:\Program Files\Java\jdk-17.0.4\bin;C:\Users\keita\AppData\Local\Android\Sdk\platform-tools;C:\Python311;
USERNAME=keita
LANG=en_US.UTF-8
OS=Windows_NT
PROCESSOR_IDENTIFIER=Intel64 Family 6 Model 142 Stepping 10, GenuineIntel



---------------  S Y S T E M  ---------------

OS:
 Windows 10 , 64 bit Build 19041 (10.0.19041.3636)
OS uptime: 1 days 4:13 hours

CPU: total 8 (initial active 8) (4 cores per cpu, 2 threads per core) family 6 model 142 stepping 10 microcode 0xf0, cx8, cmov, fxsr, ht, mmx, 3dnowpref, sse, sse2, sse3, ssse3, sse4.1, sse4.2, popcnt, lzcnt, tsc, tscinvbit, avx, avx2, aes, erms, clmul, bmi1, bmi2, adx, fma, vzeroupper, clflush, clflushopt

Memory: 4k page, system-wide physical 8086M (1836M free)
TotalPageFile size 10134M (AvailPageFile size 21M)
current process WorkingSet (physical memory assigned to process): 461M, peak: 464M
current process commit charge ("private bytes"): 504M, peak: 508M

vm_info: Java HotSpot(TM) 64-Bit Server VM (17.0.4+11-LTS-179) for windows-amd64 JRE (17.0.4+11-LTS-179), built on Jun 28 2022 08:23:05 by "mach5one" with MS VC++ 16.8 / 16.9 (VS2019)

END.
