#
# There is insufficient memory for the Java Runtime Environment to continue.
# Native memory allocation (malloc) failed to allocate 65552 bytes for Chunk::new
# Possible reasons:
#   The system is out of physical RAM or swap space
#   The process is running with CompressedOops enabled, and the Java Heap may be blocking the growth of the native heap
# Possible solutions:
#   Reduce memory load on the system
#   Increase physical memory or swap space
#   Check if swap backing store is full
#   Decrease Java heap size (-Xmx/-Xms)
#   Decrease number of Java threads
#   Decrease Java thread stack sizes (-Xss)
#   Set larger code cache with -XX:ReservedCodeCacheSize=
#   JVM is running with Unscaled Compressed Oops mode in which the Java heap is
#     placed in the first 4GB address space. The Java Heap base address is the
#     maximum limit for the native heap growth. Please use -XX:HeapBaseMinAddress
#     to set the Java Heap base and to place the Java Heap above 4GB virtual address.
# This output file may be truncated or incomplete.
#
#  Out of Memory Error (arena.cpp:189), pid=416, tid=8440
#
# JRE version: Java(TM) SE Runtime Environment (17.0.4+11) (build 17.0.4+11-LTS-179)
# Java VM: Java HotSpot(TM) 64-Bit Server VM (17.0.4+11-LTS-179, mixed mode, sharing, tiered, compressed oops, compressed class ptrs, g1 gc, windows-amd64)
# No core dump will be written. Minidumps are not enabled by default on client versions of Windows
#

---------------  S U M M A R Y ------------

Command Line: -XX:MaxMetaspaceSize=512m --add-opens=java.base/java.util=ALL-UNNAMED --add-opens=java.base/java.lang=ALL-UNNAMED --add-opens=java.base/java.lang.invoke=ALL-UNNAMED --add-opens=java.prefs/java.util.prefs=ALL-UNNAMED --add-opens=java.base/java.nio.charset=ALL-UNNAMED --add-opens=java.base/java.net=ALL-UNNAMED --add-opens=java.base/java.util.concurrent.atomic=ALL-UNNAMED -Xmx2048m -Dfile.encoding=windows-1252 -Duser.country=ML -Duser.language=fr -Duser.variant -javaagent:C:\Users\keita\.gradle\wrapper\dists\gradle-8.3-all\6en3ugtfdg5xnpx44z4qbwgas\gradle-8.3\lib\agents\gradle-instrumentation-agent-8.3.jar org.gradle.launcher.daemon.bootstrap.GradleDaemon 8.3

Host: Intel(R) Core(TM) i5-8250U CPU @ 1.60GHz, 8 cores, 7G,  Windows 10 , 64 bit Build 19041 (10.0.19041.3636)
Time: Thu Feb 15 15:59:22 2024 Les Açores elapsed time: 9100.976703 seconds (0d 2h 31m 40s)

---------------  T H R E A D  ---------------

Current thread (0x0000021ed3295030):  JavaThread "C2 CompilerThread2" daemon [_thread_in_native, id=8440, stack(0x000000a038f00000,0x000000a039000000)]


Current CompileTask:
C2:9100976 15709       4       org.gradle.internal.watch.registry.impl.WatchableHierarchies$RemoveUnwatchedFiles::visitEntry (21 bytes)

Stack: [0x000000a038f00000,0x000000a039000000]
Native frames: (J=compiled Java code, j=interpreted, Vv=VM code, C=native code)
V  [jvm.dll+0x6723da]
V  [jvm.dll+0x7d1f74]
V  [jvm.dll+0x7d371e]
V  [jvm.dll+0x7d3d83]
V  [jvm.dll+0x242ed5]
V  [jvm.dll+0xaa57b]
V  [jvm.dll+0xaab0c]
V  [jvm.dll+0xaa68b]
V  [jvm.dll+0x6c876c]
V  [jvm.dll+0x583e97]
V  [jvm.dll+0x6f4922]
V  [jvm.dll+0x6f3997]
V  [jvm.dll+0x58e1eb]
V  [jvm.dll+0x57afc3]
V  [jvm.dll+0x21e1b2]
V  [jvm.dll+0x21e58f]
V  [jvm.dll+0x217e45]
V  [jvm.dll+0x21530b]
V  [jvm.dll+0x1a1fcd]
V  [jvm.dll+0x224c78]
V  [jvm.dll+0x222de5]
V  [jvm.dll+0x787a5b]
V  [jvm.dll+0x78201a]
V  [jvm.dll+0x671265]
C  [ucrtbase.dll+0x21bb2]
C  [KERNEL32.DLL+0x17344]
C  [ntdll.dll+0x526b1]


---------------  P R O C E S S  ---------------

Threads class SMR info:
_java_thread_list=0x0000021ecca33130, length=44, elements={
0x0000021eaa48ba30, 0x0000021ec8650450, 0x0000021ec86531e0, 0x0000021ec8666f20,
0x0000021ec86689f0, 0x0000021ec86694b0, 0x0000021ec866bd80, 0x0000021ec866ff20,
0x0000021ec86830c0, 0x0000021ec86975d0, 0x0000021ec9091ba0, 0x0000021ec91460f0,
0x0000021ecaaf8910, 0x0000021ecaeb4ec0, 0x0000021ecbd61a20, 0x0000021ec9e509e0,
0x0000021ec9e50eb0, 0x0000021ec9e51380, 0x0000021ec9e4fb70, 0x0000021ec9e51850,
0x0000021eced0d810, 0x0000021eced0bb30, 0x0000021eced0eb50, 0x0000021eced0dce0,
0x0000021ecfbde7a0, 0x0000021ecfbdf140, 0x0000021ecfbdf610, 0x0000021ecfbe2160,
0x0000021ecfbe17c0, 0x0000021ecfbe4cb0, 0x0000021ecfbe0480, 0x0000021ecfbdec70,
0x0000021ed56b69e0, 0x0000021ed56bb210, 0x0000021ed56b7d20, 0x0000021ecc936d40,
0x0000021ecc933850, 0x0000021ecc939890, 0x0000021ecc9393c0, 0x0000021ecc93b0a0,
0x0000021ecc939d60, 0x0000021ecc93a230, 0x0000021ed3296470, 0x0000021ed3295030
}

Java Threads: ( => current thread )
  0x0000021eaa48ba30 JavaThread "main" [_thread_blocked, id=15148, stack(0x000000a037000000,0x000000a037100000)]
  0x0000021ec8650450 JavaThread "Reference Handler" daemon [_thread_blocked, id=10432, stack(0x000000a037700000,0x000000a037800000)]
  0x0000021ec86531e0 JavaThread "Finalizer" daemon [_thread_blocked, id=15252, stack(0x000000a037800000,0x000000a037900000)]
  0x0000021ec8666f20 JavaThread "Signal Dispatcher" daemon [_thread_blocked, id=12368, stack(0x000000a037900000,0x000000a037a00000)]
  0x0000021ec86689f0 JavaThread "Attach Listener" daemon [_thread_blocked, id=10212, stack(0x000000a037a00000,0x000000a037b00000)]
  0x0000021ec86694b0 JavaThread "Service Thread" daemon [_thread_blocked, id=8824, stack(0x000000a037b00000,0x000000a037c00000)]
  0x0000021ec866bd80 JavaThread "Monitor Deflation Thread" daemon [_thread_blocked, id=12680, stack(0x000000a037c00000,0x000000a037d00000)]
  0x0000021ec866ff20 JavaThread "C2 CompilerThread0" daemon [_thread_in_native, id=10644, stack(0x000000a037d00000,0x000000a037e00000)]
  0x0000021ec86830c0 JavaThread "C1 CompilerThread0" daemon [_thread_blocked, id=13968, stack(0x000000a037e00000,0x000000a037f00000)]
  0x0000021ec86975d0 JavaThread "Sweeper thread" daemon [_thread_blocked, id=10472, stack(0x000000a037f00000,0x000000a038000000)]
  0x0000021ec9091ba0 JavaThread "Common-Cleaner" daemon [_thread_blocked, id=12304, stack(0x000000a038000000,0x000000a038100000)]
  0x0000021ec91460f0 JavaThread "Notification Thread" daemon [_thread_blocked, id=1812, stack(0x000000a038100000,0x000000a038200000)]
  0x0000021ecaaf8910 JavaThread "Daemon health stats" [_thread_blocked, id=8464, stack(0x000000a038900000,0x000000a038a00000)]
  0x0000021ecaeb4ec0 JavaThread "Incoming local TCP Connector on port 52973" [_thread_in_native, id=8696, stack(0x000000a038800000,0x000000a038900000)]
  0x0000021ecbd61a20 JavaThread "Daemon periodic checks" [_thread_blocked, id=11620, stack(0x000000a038a00000,0x000000a038b00000)]
  0x0000021ec9e509e0 JavaThread "Cache worker for journal cache (C:\Users\keita\.gradle\caches\journal-1)" [_thread_blocked, id=14360, stack(0x000000a039200000,0x000000a039300000)]
  0x0000021ec9e50eb0 JavaThread "File lock request listener" [_thread_in_native, id=9020, stack(0x000000a039300000,0x000000a039400000)]
  0x0000021ec9e51380 JavaThread "Cache worker for file hash cache (C:\Users\keita\.gradle\caches\8.3\fileHashes)" [_thread_blocked, id=13532, stack(0x000000a039400000,0x000000a039500000)]
  0x0000021ec9e4fb70 JavaThread "File watcher server" daemon [_thread_in_native, id=9228, stack(0x000000a039900000,0x000000a039a00000)]
  0x0000021ec9e51850 JavaThread "File watcher consumer" daemon [_thread_blocked, id=10296, stack(0x000000a039a00000,0x000000a039b00000)]
  0x0000021eced0d810 JavaThread "Cache worker for file content cache (C:\Users\keita\.gradle\caches\8.3\fileContent)" [_thread_blocked, id=1640, stack(0x000000a039e00000,0x000000a039f00000)]
  0x0000021eced0bb30 JavaThread "Cache worker for execution history cache (C:\Users\keita\.gradle\caches\8.3\executionHistory)" [_thread_blocked, id=1496, stack(0x000000a03a100000,0x000000a03a200000)]
  0x0000021eced0eb50 JavaThread "jar transforms" [_thread_blocked, id=2284, stack(0x000000a03a200000,0x000000a03a300000)]
  0x0000021eced0dce0 JavaThread "jar transforms Thread 2" [_thread_blocked, id=1792, stack(0x000000a03a300000,0x000000a03a400000)]
  0x0000021ecfbde7a0 JavaThread "jar transforms Thread 3" [_thread_blocked, id=3744, stack(0x000000a03a400000,0x000000a03a500000)]
  0x0000021ecfbdf140 JavaThread "jar transforms Thread 4" [_thread_blocked, id=11960, stack(0x000000a03a500000,0x000000a03a600000)]
  0x0000021ecfbdf610 JavaThread "Cache worker for kotlin-dsl (C:\Users\keita\.gradle\caches\8.3\kotlin-dsl)" [_thread_blocked, id=5336, stack(0x000000a03a600000,0x000000a03a700000)]
  0x0000021ecfbe2160 JavaThread "jar transforms Thread 5" [_thread_blocked, id=9168, stack(0x000000a03a700000,0x000000a03a800000)]
  0x0000021ecfbe17c0 JavaThread "jar transforms Thread 6" [_thread_blocked, id=5924, stack(0x000000a03a800000,0x000000a03a900000)]
  0x0000021ecfbe4cb0 JavaThread "jar transforms Thread 7" [_thread_blocked, id=10076, stack(0x000000a03aa00000,0x000000a03ab00000)]
  0x0000021ecfbe0480 JavaThread "jar transforms Thread 8" [_thread_blocked, id=14744, stack(0x000000a03ab00000,0x000000a03ac00000)]
  0x0000021ecfbdec70 JavaThread "Memory manager" [_thread_blocked, id=11788, stack(0x000000a03b600000,0x000000a03b700000)]
  0x0000021ed56b69e0 JavaThread "Monitor" [_thread_in_native, id=13084, stack(0x000000a041200000,0x000000a041300000)]
  0x0000021ed56bb210 JavaThread "JdwpProxyConnection" [_thread_in_native, id=3316, stack(0x000000a041300000,0x000000a041400000)]
  0x0000021ed56b7d20 JavaThread "Device List Monitor" [_thread_in_native, id=4524, stack(0x000000a041400000,0x000000a041500000)]
  0x0000021ecc936d40 JavaThread "Daemon Thread 2" [_thread_blocked, id=3428, stack(0x000000a036d00000,0x000000a036e00000)]
  0x0000021ecc933850 JavaThread "Handler for socket connection from /127.0.0.1:52973 to /127.0.0.1:53727" [_thread_in_native, id=5812, stack(0x000000a036e00000,0x000000a036f00000)]
  0x0000021ecc939890 JavaThread "Cancel handler" [_thread_blocked, id=1344, stack(0x000000a036f00000,0x000000a037000000)]
  0x0000021ecc9393c0 JavaThread "Daemon worker Thread 2" [_thread_in_vm, id=8116, stack(0x000000a038400000,0x000000a038500000)]
  0x0000021ecc93b0a0 JavaThread "Asynchronous log dispatcher for DefaultDaemonConnection: socket connection from /127.0.0.1:52973 to /127.0.0.1:53727" [_thread_blocked, id=4944, stack(0x000000a038b00000,0x000000a038c00000)]
  0x0000021ecc939d60 JavaThread "Stdin handler" [_thread_blocked, id=5796, stack(0x000000a038c00000,0x000000a038d00000)]
  0x0000021ecc93a230 JavaThread "Daemon client event forwarder" [_thread_blocked, id=15136, stack(0x000000a038d00000,0x000000a038e00000)]
  0x0000021ed3296470 JavaThread "C2 CompilerThread1" daemon [_thread_in_native, id=5220, stack(0x000000a038e00000,0x000000a038f00000)]
=>0x0000021ed3295030 JavaThread "C2 CompilerThread2" daemon [_thread_in_native, id=8440, stack(0x000000a038f00000,0x000000a039000000)]

Other Threads:
  0x0000021ec864c950 VMThread "VM Thread" [stack: 0x000000a037600000,0x000000a037700000] [id=12384]
  0x0000021eaa501b40 WatcherThread [stack: 0x000000a038200000,0x000000a038300000] [id=5112]
  0x0000021eaa4e7790 GCTaskThread "GC Thread#0" [stack: 0x000000a037100000,0x000000a037200000] [id=2196]
  0x0000021ec970abc0 GCTaskThread "GC Thread#1" [stack: 0x000000a038500000,0x000000a038600000] [id=13068]
  0x0000021ec97088d0 GCTaskThread "GC Thread#2" [stack: 0x000000a038600000,0x000000a038700000] [id=14960]
  0x0000021ec96cb930 GCTaskThread "GC Thread#3" [stack: 0x000000a038700000,0x000000a038800000] [id=6460]
  0x0000021ec9d88a50 GCTaskThread "GC Thread#4" [stack: 0x000000a038300000,0x000000a038400000] [id=11032]
  0x0000021eca25cf20 GCTaskThread "GC Thread#5" [stack: 0x000000a039500000,0x000000a039600000] [id=11136]
  0x0000021ecb299090 GCTaskThread "GC Thread#6" [stack: 0x000000a039600000,0x000000a039700000] [id=7924]
  0x0000021ecb299340 GCTaskThread "GC Thread#7" [stack: 0x000000a039700000,0x000000a039800000] [id=7584]
  0x0000021eaa4f85e0 ConcurrentGCThread "G1 Main Marker" [stack: 0x000000a037200000,0x000000a037300000] [id=404]
  0x0000021eaa4f96a0 ConcurrentGCThread "G1 Conc#0" [stack: 0x000000a037300000,0x000000a037400000] [id=4548]
  0x0000021ecc505dc0 ConcurrentGCThread "G1 Conc#1" [stack: 0x000000a039f00000,0x000000a03a000000] [id=8604]
  0x0000021ec8503530 ConcurrentGCThread "G1 Refine#0" [stack: 0x000000a037400000,0x000000a037500000] [id=10804]
  0x0000021ec8504e70 ConcurrentGCThread "G1 Service" [stack: 0x000000a037500000,0x000000a037600000] [id=5452]

Threads with active compile tasks:
C2 CompilerThread0  9101030 15710       4       org.gradle.internal.watch.registry.impl.WatchableHierarchies$RemoveUnwatchedFiles::shouldBeRemoved (55 bytes)
C2 CompilerThread1  9101030 15711       4       org.gradle.internal.file.FileHierarchySet$Node::contains (101 bytes)
C2 CompilerThread2  9101030 15709       4       org.gradle.internal.watch.registry.impl.WatchableHierarchies$RemoveUnwatchedFiles::visitEntry (21 bytes)

VM state: not at safepoint (normal execution)

VM Mutex/Monitor currently owned by a thread: None

Heap address: 0x0000000080000000, size: 2048 MB, Compressed Oops mode: 32-bit

CDS archive(s) mapped at: [0x0000000800000000-0x0000000800bc0000-0x0000000800bc0000), size 12320768, SharedBaseAddress: 0x0000000800000000, ArchiveRelocationMode: 0.
Compressed class space mapped at: 0x0000000800c00000-0x000000081a800000, reserved size: 432013312
Narrow klass base: 0x0000000800000000, Narrow klass shift: 0, Narrow klass range: 0x100000000

GC Precious Log:
 CPUs: 8 total, 8 available
 Memory: 8086M
 Large Page Support: Disabled
 NUMA Support: Disabled
 Compressed Oops: Enabled (32-bit)
 Heap Region Size: 1M
 Heap Min Capacity: 8M
 Heap Initial Capacity: 128M
 Heap Max Capacity: 2G
 Pre-touch: Disabled
 Parallel Workers: 8
 Concurrent Workers: 2
 Concurrent Refinement Workers: 8
 Periodic GC: Disabled

Heap:
 garbage-first heap   total 258048K, used 153938K [0x0000000080000000, 0x0000000100000000)
  region size 1024K, 8 young (8192K), 3 survivors (3072K)
 Metaspace       used 101195K, committed 102144K, reserved 512000K
  class space    used 14067K, committed 14528K, reserved 421888K

Heap Regions: E=young(eden), S=young(survivor), O=old, HS=humongous(starts), HC=humongous(continues), CS=collection set, F=free, OA=open archive, CA=closed archive, TAMS=top-at-mark-start (previous, next)
|   0|0x0000000080000000, 0x0000000080100000, 0x0000000080100000|100%|HS|  |TAMS 0x0000000080100000, 0x0000000080000000| Complete 
|   1|0x0000000080100000, 0x0000000080200000, 0x0000000080200000|100%|HC|  |TAMS 0x0000000080200000, 0x0000000080100000| Complete 
|   2|0x0000000080200000, 0x0000000080300000, 0x0000000080300000|100%|HC|  |TAMS 0x0000000080300000, 0x0000000080200000| Complete 
|   3|0x0000000080300000, 0x0000000080400000, 0x0000000080400000|100%|HC|  |TAMS 0x0000000080400000, 0x0000000080300000| Complete 
|   4|0x0000000080400000, 0x0000000080500000, 0x0000000080500000|100%| O|  |TAMS 0x0000000080500000, 0x0000000080400000| Untracked 
|   5|0x0000000080500000, 0x0000000080600000, 0x0000000080600000|100%| O|  |TAMS 0x0000000080600000, 0x0000000080500000| Untracked 
|   6|0x0000000080600000, 0x0000000080700000, 0x0000000080700000|100%| O|  |TAMS 0x0000000080700000, 0x0000000080600000| Untracked 
|   7|0x0000000080700000, 0x0000000080800000, 0x0000000080800000|100%| O|  |TAMS 0x0000000080800000, 0x0000000080700000| Untracked 
|   8|0x0000000080800000, 0x0000000080900000, 0x0000000080900000|100%| O|  |TAMS 0x0000000080900000, 0x0000000080800000| Untracked 
|   9|0x0000000080900000, 0x0000000080a00000, 0x0000000080a00000|100%| O|  |TAMS 0x0000000080a00000, 0x0000000080900000| Untracked 
|  10|0x0000000080a00000, 0x0000000080b00000, 0x0000000080b00000|100%| O|  |TAMS 0x0000000080b00000, 0x0000000080a00000| Untracked 
|  11|0x0000000080b00000, 0x0000000080c00000, 0x0000000080c00000|100%| O|  |TAMS 0x0000000080c00000, 0x0000000080b00000| Untracked 
|  12|0x0000000080c00000, 0x0000000080d00000, 0x0000000080d00000|100%| O|  |TAMS 0x0000000080d00000, 0x0000000080c00000| Untracked 
|  13|0x0000000080d00000, 0x0000000080e00000, 0x0000000080e00000|100%| O|  |TAMS 0x0000000080e00000, 0x0000000080d00000| Untracked 
|  14|0x0000000080e00000, 0x0000000080f00000, 0x0000000080f00000|100%| O|  |TAMS 0x0000000080f00000, 0x0000000080e00000| Untracked 
|  15|0x0000000080f00000, 0x0000000081000000, 0x0000000081000000|100%| O|  |TAMS 0x0000000081000000, 0x0000000080f00000| Untracked 
|  16|0x0000000081000000, 0x0000000081100000, 0x0000000081100000|100%| O|  |TAMS 0x0000000081100000, 0x0000000081000000| Untracked 
|  17|0x0000000081100000, 0x0000000081200000, 0x0000000081200000|100%| O|  |TAMS 0x0000000081200000, 0x0000000081100000| Untracked 
|  18|0x0000000081200000, 0x0000000081300000, 0x0000000081300000|100%| O|  |TAMS 0x0000000081300000, 0x0000000081200000| Untracked 
|  19|0x0000000081300000, 0x0000000081400000, 0x0000000081400000|100%| O|  |TAMS 0x0000000081400000, 0x0000000081300000| Untracked 
|  20|0x0000000081400000, 0x0000000081500000, 0x0000000081500000|100%| O|  |TAMS 0x0000000081500000, 0x0000000081400000| Untracked 
|  21|0x0000000081500000, 0x0000000081600000, 0x0000000081600000|100%| O|  |TAMS 0x0000000081600000, 0x0000000081500000| Untracked 
|  22|0x0000000081600000, 0x0000000081700000, 0x0000000081700000|100%| O|  |TAMS 0x0000000081700000, 0x0000000081600000| Untracked 
|  23|0x0000000081700000, 0x0000000081800000, 0x0000000081800000|100%| O|  |TAMS 0x0000000081800000, 0x0000000081700000| Untracked 
|  24|0x0000000081800000, 0x0000000081900000, 0x0000000081900000|100%| O|  |TAMS 0x0000000081900000, 0x0000000081800000| Untracked 
|  25|0x0000000081900000, 0x0000000081a00000, 0x0000000081a00000|100%| O|  |TAMS 0x0000000081a00000, 0x0000000081900000| Untracked 
|  26|0x0000000081a00000, 0x0000000081b00000, 0x0000000081b00000|100%| O|  |TAMS 0x0000000081b00000, 0x0000000081a00000| Untracked 
|  27|0x0000000081b00000, 0x0000000081c00000, 0x0000000081c00000|100%| O|  |TAMS 0x0000000081c00000, 0x0000000081b00000| Untracked 
|  28|0x0000000081c00000, 0x0000000081d00000, 0x0000000081d00000|100%| O|  |TAMS 0x0000000081d00000, 0x0000000081c00000| Untracked 
|  29|0x0000000081d00000, 0x0000000081e00000, 0x0000000081e00000|100%| O|  |TAMS 0x0000000081e00000, 0x0000000081d00000| Untracked 
|  30|0x0000000081e00000, 0x0000000081f00000, 0x0000000081f00000|100%| O|  |TAMS 0x0000000081f00000, 0x0000000081e00000| Untracked 
|  31|0x0000000081f00000, 0x0000000082000000, 0x0000000082000000|100%| O|  |TAMS 0x0000000082000000, 0x0000000081f00000| Untracked 
|  32|0x0000000082000000, 0x0000000082100000, 0x0000000082100000|100%| O|  |TAMS 0x0000000082100000, 0x0000000082000000| Untracked 
|  33|0x0000000082100000, 0x0000000082200000, 0x0000000082200000|100%| O|  |TAMS 0x0000000082200000, 0x0000000082100000| Untracked 
|  34|0x0000000082200000, 0x0000000082300000, 0x0000000082300000|100%| O|  |TAMS 0x0000000082300000, 0x0000000082200000| Untracked 
|  35|0x0000000082300000, 0x0000000082400000, 0x0000000082400000|100%| O|  |TAMS 0x0000000082400000, 0x0000000082300000| Untracked 
|  36|0x0000000082400000, 0x0000000082500000, 0x0000000082500000|100%|HS|  |TAMS 0x0000000082500000, 0x0000000082400000| Complete 
|  37|0x0000000082500000, 0x0000000082600000, 0x0000000082600000|100%|HC|  |TAMS 0x0000000082600000, 0x0000000082500000| Complete 
|  38|0x0000000082600000, 0x0000000082700000, 0x0000000082700000|100%| O|  |TAMS 0x0000000082700000, 0x0000000082600000| Untracked 
|  39|0x0000000082700000, 0x0000000082800000, 0x0000000082800000|100%| O|  |TAMS 0x0000000082800000, 0x0000000082700000| Untracked 
|  40|0x0000000082800000, 0x0000000082900000, 0x0000000082900000|100%|HS|  |TAMS 0x0000000082900000, 0x0000000082800000| Complete 
|  41|0x0000000082900000, 0x0000000082a00000, 0x0000000082a00000|100%|HC|  |TAMS 0x0000000082a00000, 0x0000000082900000| Complete 
|  42|0x0000000082a00000, 0x0000000082b00000, 0x0000000082b00000|100%|HS|  |TAMS 0x0000000082b00000, 0x0000000082a00000| Complete 
|  43|0x0000000082b00000, 0x0000000082c00000, 0x0000000082c00000|100%|HC|  |TAMS 0x0000000082c00000, 0x0000000082b00000| Complete 
|  44|0x0000000082c00000, 0x0000000082d00000, 0x0000000082d00000|100%|HC|  |TAMS 0x0000000082d00000, 0x0000000082c00000| Complete 
|  45|0x0000000082d00000, 0x0000000082e00000, 0x0000000082e00000|100%|HC|  |TAMS 0x0000000082e00000, 0x0000000082d00000| Complete 
|  46|0x0000000082e00000, 0x0000000082f00000, 0x0000000082f00000|100%| O|  |TAMS 0x0000000082f00000, 0x0000000082e00000| Untracked 
|  47|0x0000000082f00000, 0x0000000083000000, 0x0000000083000000|100%| O|  |TAMS 0x0000000083000000, 0x0000000082f00000| Untracked 
|  48|0x0000000083000000, 0x0000000083100000, 0x0000000083100000|100%| O|  |TAMS 0x0000000083100000, 0x0000000083000000| Untracked 
|  49|0x0000000083100000, 0x0000000083200000, 0x0000000083200000|100%| O|  |TAMS 0x0000000083200000, 0x0000000083100000| Untracked 
|  50|0x0000000083200000, 0x0000000083300000, 0x0000000083300000|100%|HS|  |TAMS 0x0000000083300000, 0x0000000083200000| Complete 
|  51|0x0000000083300000, 0x0000000083400000, 0x0000000083400000|100%|HC|  |TAMS 0x0000000083400000, 0x0000000083300000| Complete 
|  52|0x0000000083400000, 0x0000000083500000, 0x0000000083500000|100%|HC|  |TAMS 0x0000000083500000, 0x0000000083400000| Complete 
|  53|0x0000000083500000, 0x0000000083600000, 0x0000000083600000|100%|HC|  |TAMS 0x0000000083600000, 0x0000000083500000| Complete 
|  54|0x0000000083600000, 0x0000000083700000, 0x0000000083700000|100%| O|  |TAMS 0x0000000083700000, 0x0000000083600000| Untracked 
|  55|0x0000000083700000, 0x0000000083800000, 0x0000000083800000|100%| O|  |TAMS 0x0000000083800000, 0x0000000083700000| Untracked 
|  56|0x0000000083800000, 0x0000000083900000, 0x0000000083900000|100%| O|  |TAMS 0x0000000083900000, 0x0000000083800000| Untracked 
|  57|0x0000000083900000, 0x0000000083a00000, 0x0000000083a00000|100%| O|  |TAMS 0x0000000083a00000, 0x0000000083900000| Untracked 
|  58|0x0000000083a00000, 0x0000000083b00000, 0x0000000083b00000|100%| O|  |TAMS 0x0000000083b00000, 0x0000000083a00000| Untracked 
|  59|0x0000000083b00000, 0x0000000083c00000, 0x0000000083c00000|100%| O|  |TAMS 0x0000000083c00000, 0x0000000083b00000| Untracked 
|  60|0x0000000083c00000, 0x0000000083d00000, 0x0000000083d00000|100%| O|  |TAMS 0x0000000083d00000, 0x0000000083c00000| Untracked 
|  61|0x0000000083d00000, 0x0000000083e00000, 0x0000000083e00000|100%| O|  |TAMS 0x0000000083e00000, 0x0000000083d00000| Untracked 
|  62|0x0000000083e00000, 0x0000000083f00000, 0x0000000083f00000|100%| O|  |TAMS 0x0000000083f00000, 0x0000000083e00000| Untracked 
|  63|0x0000000083f00000, 0x0000000084000000, 0x0000000084000000|100%| O|  |TAMS 0x0000000084000000, 0x0000000083f00000| Untracked 
|  64|0x0000000084000000, 0x0000000084100000, 0x0000000084100000|100%| O|  |TAMS 0x0000000084100000, 0x0000000084000000| Untracked 
|  65|0x0000000084100000, 0x0000000084200000, 0x0000000084200000|100%|HS|  |TAMS 0x0000000084200000, 0x0000000084100000| Complete 
|  66|0x0000000084200000, 0x0000000084300000, 0x0000000084300000|100%|HS|  |TAMS 0x0000000084300000, 0x0000000084200000| Complete 
|  67|0x0000000084300000, 0x0000000084400000, 0x0000000084400000|100%|HS|  |TAMS 0x0000000084400000, 0x0000000084300000| Complete 
|  68|0x0000000084400000, 0x0000000084500000, 0x0000000084500000|100%|HS|  |TAMS 0x0000000084500000, 0x0000000084400000| Complete 
|  69|0x0000000084500000, 0x0000000084600000, 0x0000000084600000|100%| O|  |TAMS 0x0000000084600000, 0x0000000084500000| Untracked 
|  70|0x0000000084600000, 0x0000000084700000, 0x0000000084700000|100%| O|  |TAMS 0x0000000084700000, 0x0000000084600000| Untracked 
|  71|0x0000000084700000, 0x0000000084800000, 0x0000000084800000|100%| O|  |TAMS 0x0000000084800000, 0x0000000084700000| Untracked 
|  72|0x0000000084800000, 0x0000000084900000, 0x0000000084900000|100%| O|  |TAMS 0x0000000084900000, 0x0000000084800000| Untracked 
|  73|0x0000000084900000, 0x0000000084a00000, 0x0000000084a00000|100%| O|  |TAMS 0x0000000084a00000, 0x0000000084900000| Untracked 
|  74|0x0000000084a00000, 0x0000000084b00000, 0x0000000084b00000|100%| O|  |TAMS 0x0000000084b00000, 0x0000000084a00000| Untracked 
|  75|0x0000000084b00000, 0x0000000084c00000, 0x0000000084c00000|100%| O|  |TAMS 0x0000000084c00000, 0x0000000084b00000| Untracked 
|  76|0x0000000084c00000, 0x0000000084d00000, 0x0000000084d00000|100%| O|  |TAMS 0x0000000084d00000, 0x0000000084c00000| Untracked 
|  77|0x0000000084d00000, 0x0000000084e00000, 0x0000000084e00000|100%| O|  |TAMS 0x0000000084e00000, 0x0000000084d00000| Untracked 
|  78|0x0000000084e00000, 0x0000000084f00000, 0x0000000084f00000|100%| O|  |TAMS 0x0000000084f00000, 0x0000000084e00000| Untracked 
|  79|0x0000000084f00000, 0x0000000085000000, 0x0000000085000000|100%| O|  |TAMS 0x0000000085000000, 0x0000000084f00000| Untracked 
|  80|0x0000000085000000, 0x0000000085100000, 0x0000000085100000|100%| O|  |TAMS 0x0000000085100000, 0x0000000085000000| Untracked 
|  81|0x0000000085100000, 0x0000000085200000, 0x0000000085200000|100%| O|  |TAMS 0x0000000085200000, 0x0000000085100000| Untracked 
|  82|0x0000000085200000, 0x0000000085300000, 0x0000000085300000|100%| O|  |TAMS 0x0000000085300000, 0x0000000085200000| Untracked 
|  83|0x0000000085300000, 0x0000000085400000, 0x0000000085400000|100%| O|  |TAMS 0x0000000085400000, 0x0000000085300000| Untracked 
|  84|0x0000000085400000, 0x0000000085500000, 0x0000000085500000|100%| O|  |TAMS 0x0000000085500000, 0x0000000085400000| Untracked 
|  85|0x0000000085500000, 0x0000000085600000, 0x0000000085600000|100%| O|  |TAMS 0x0000000085600000, 0x0000000085500000| Untracked 
|  86|0x0000000085600000, 0x0000000085700000, 0x0000000085700000|100%| O|  |TAMS 0x0000000085700000, 0x0000000085600000| Untracked 
|  87|0x0000000085700000, 0x0000000085800000, 0x0000000085800000|100%| O|  |TAMS 0x0000000085800000, 0x0000000085700000| Untracked 
|  88|0x0000000085800000, 0x0000000085900000, 0x0000000085900000|100%| O|  |TAMS 0x0000000085900000, 0x0000000085800000| Untracked 
|  89|0x0000000085900000, 0x0000000085a00000, 0x0000000085a00000|100%| O|  |TAMS 0x0000000085a00000, 0x0000000085900000| Untracked 
|  90|0x0000000085a00000, 0x0000000085b00000, 0x0000000085b00000|100%| O|  |TAMS 0x0000000085b00000, 0x0000000085a00000| Untracked 
|  91|0x0000000085b00000, 0x0000000085c00000, 0x0000000085c00000|100%| O|  |TAMS 0x0000000085c00000, 0x0000000085b00000| Untracked 
|  92|0x0000000085c00000, 0x0000000085d00000, 0x0000000085d00000|100%| O|  |TAMS 0x0000000085d00000, 0x0000000085c00000| Untracked 
|  93|0x0000000085d00000, 0x0000000085e00000, 0x0000000085e00000|100%| O|  |TAMS 0x0000000085e00000, 0x0000000085d00000| Untracked 
|  94|0x0000000085e00000, 0x0000000085f00000, 0x0000000085f00000|100%| O|  |TAMS 0x0000000085f00000, 0x0000000085e00000| Untracked 
|  95|0x0000000085f00000, 0x0000000086000000, 0x0000000086000000|100%| O|  |TAMS 0x0000000086000000, 0x0000000085f00000| Untracked 
|  96|0x0000000086000000, 0x0000000086100000, 0x0000000086100000|100%| O|  |TAMS 0x0000000086100000, 0x0000000086000000| Untracked 
|  97|0x0000000086100000, 0x0000000086200000, 0x0000000086200000|100%| O|  |TAMS 0x0000000086200000, 0x0000000086100000| Untracked 
|  98|0x0000000086200000, 0x0000000086300000, 0x0000000086300000|100%|HS|  |TAMS 0x0000000086300000, 0x0000000086200000| Complete 
|  99|0x0000000086300000, 0x0000000086400000, 0x0000000086400000|100%|HS|  |TAMS 0x0000000086400000, 0x0000000086300000| Complete 
| 100|0x0000000086400000, 0x0000000086500000, 0x0000000086500000|100%|HS|  |TAMS 0x0000000086500000, 0x0000000086400000| Complete 
| 101|0x0000000086500000, 0x0000000086600000, 0x0000000086600000|100%|HC|  |TAMS 0x0000000086600000, 0x0000000086500000| Complete 
| 102|0x0000000086600000, 0x0000000086700000, 0x0000000086700000|100%| O|  |TAMS 0x0000000086700000, 0x0000000086600000| Untracked 
| 103|0x0000000086700000, 0x0000000086800000, 0x0000000086800000|100%| O|  |TAMS 0x0000000086800000, 0x0000000086700000| Untracked 
| 104|0x0000000086800000, 0x0000000086900000, 0x0000000086900000|100%| O|  |TAMS 0x0000000086800000, 0x0000000086800000| Untracked 
| 105|0x0000000086900000, 0x0000000086a00000, 0x0000000086a00000|100%| O|  |TAMS 0x0000000086a00000, 0x0000000086900000| Untracked 
| 106|0x0000000086a00000, 0x0000000086b00000, 0x0000000086b00000|100%| O|  |TAMS 0x0000000086b00000, 0x0000000086a00000| Untracked 
| 107|0x0000000086b00000, 0x0000000086c00000, 0x0000000086c00000|100%| O|  |TAMS 0x0000000086c00000, 0x0000000086b00000| Untracked 
| 108|0x0000000086c00000, 0x0000000086d00000, 0x0000000086d00000|100%| O|  |TAMS 0x0000000086d00000, 0x0000000086c00000| Untracked 
| 109|0x0000000086d00000, 0x0000000086e00000, 0x0000000086e00000|100%| O|  |TAMS 0x0000000086e00000, 0x0000000086d00000| Untracked 
| 110|0x0000000086e00000, 0x0000000086f00000, 0x0000000086f00000|100%| O|  |TAMS 0x0000000086f00000, 0x0000000086e00000| Untracked 
| 111|0x0000000086f00000, 0x0000000087000000, 0x0000000087000000|100%| O|  |TAMS 0x0000000087000000, 0x0000000086f00000| Untracked 
| 112|0x0000000087000000, 0x0000000087100000, 0x0000000087100000|100%| O|  |TAMS 0x0000000087100000, 0x0000000087000000| Untracked 
| 113|0x0000000087100000, 0x0000000087200000, 0x0000000087200000|100%| O|  |TAMS 0x0000000087200000, 0x0000000087100000| Untracked 
| 114|0x0000000087200000, 0x0000000087300000, 0x0000000087300000|100%| O|  |TAMS 0x0000000087300000, 0x0000000087200000| Untracked 
| 115|0x0000000087300000, 0x0000000087400000, 0x0000000087400000|100%| O|  |TAMS 0x0000000087400000, 0x0000000087300000| Untracked 
| 116|0x0000000087400000, 0x0000000087500000, 0x0000000087500000|100%| O|  |TAMS 0x0000000087500000, 0x0000000087400000| Untracked 
| 117|0x0000000087500000, 0x0000000087600000, 0x0000000087600000|100%| O|  |TAMS 0x0000000087600000, 0x0000000087500000| Untracked 
| 118|0x0000000087600000, 0x0000000087700000, 0x0000000087700000|100%| O|  |TAMS 0x0000000087700000, 0x0000000087600000| Untracked 
| 119|0x0000000087700000, 0x0000000087800000, 0x0000000087800000|100%| O|  |TAMS 0x0000000087800000, 0x0000000087700000| Untracked 
| 120|0x0000000087800000, 0x0000000087900000, 0x0000000087900000|100%| O|  |TAMS 0x0000000087900000, 0x0000000087800000| Untracked 
| 121|0x0000000087900000, 0x0000000087a00000, 0x0000000087a00000|100%| O|  |TAMS 0x0000000087a00000, 0x0000000087900000| Untracked 
| 122|0x0000000087a00000, 0x0000000087b00000, 0x0000000087b00000|100%| O|  |TAMS 0x0000000087b00000, 0x0000000087a00000| Untracked 
| 123|0x0000000087b00000, 0x0000000087c00000, 0x0000000087c00000|100%| O|  |TAMS 0x0000000087c00000, 0x0000000087b00000| Untracked 
| 124|0x0000000087c00000, 0x0000000087d00000, 0x0000000087d00000|100%| O|  |TAMS 0x0000000087d00000, 0x0000000087c00000| Untracked 
| 125|0x0000000087d00000, 0x0000000087e00000, 0x0000000087e00000|100%| O|  |TAMS 0x0000000087e00000, 0x0000000087d00000| Untracked 
| 126|0x0000000087e00000, 0x0000000087f00000, 0x0000000087f00000|100%| O|  |TAMS 0x0000000087f00000, 0x0000000087e00000| Untracked 
| 127|0x0000000087f00000, 0x0000000088000000, 0x0000000088000000|100%| O|  |TAMS 0x0000000087f00000, 0x0000000087f00000| Untracked 
| 128|0x0000000088000000, 0x0000000088100000, 0x0000000088100000|100%| O|  |TAMS 0x000000008802c000, 0x0000000088000000| Untracked 
| 129|0x0000000088100000, 0x0000000088200000, 0x0000000088200000|100%| O|  |TAMS 0x0000000088100000, 0x0000000088100000| Untracked 
| 130|0x0000000088200000, 0x0000000088300000, 0x0000000088300000|100%| O|  |TAMS 0x0000000088200000, 0x0000000088200000| Untracked 
| 131|0x0000000088300000, 0x0000000088383c00, 0x0000000088400000| 51%| O|  |TAMS 0x0000000088300000, 0x0000000088300000| Untracked 
| 132|0x0000000088400000, 0x0000000088400000, 0x0000000088500000|  0%| F|  |TAMS 0x0000000088400000, 0x0000000088400000| Untracked 
| 133|0x0000000088500000, 0x0000000088600000, 0x0000000088600000|100%| O|  |TAMS 0x0000000088500000, 0x0000000088500000| Untracked 
| 134|0x0000000088600000, 0x0000000088700000, 0x0000000088700000|100%| O|  |TAMS 0x0000000088600000, 0x0000000088600000| Untracked 
| 135|0x0000000088700000, 0x0000000088800000, 0x0000000088800000|100%| O|  |TAMS 0x0000000088700000, 0x0000000088700000| Untracked 
| 136|0x0000000088800000, 0x0000000088900000, 0x0000000088900000|100%| O|  |TAMS 0x0000000088800000, 0x0000000088800000| Untracked 
| 137|0x0000000088900000, 0x0000000088a00000, 0x0000000088a00000|100%| O|  |TAMS 0x0000000088900000, 0x0000000088900000| Untracked 
| 138|0x0000000088a00000, 0x0000000088b00000, 0x0000000088b00000|100%| O|  |TAMS 0x0000000088a00000, 0x0000000088a00000| Untracked 
| 139|0x0000000088b00000, 0x0000000088c00000, 0x0000000088c00000|100%| O|  |TAMS 0x0000000088b00000, 0x0000000088b00000| Untracked 
| 140|0x0000000088c00000, 0x0000000088d00000, 0x0000000088d00000|100%| O|  |TAMS 0x0000000088c00000, 0x0000000088c00000| Untracked 
| 141|0x0000000088d00000, 0x0000000088e00000, 0x0000000088e00000|100%| O|  |TAMS 0x0000000088d00000, 0x0000000088d00000| Untracked 
| 142|0x0000000088e00000, 0x0000000088f00000, 0x0000000088f00000|100%| O|  |TAMS 0x0000000088e00000, 0x0000000088e00000| Untracked 
| 143|0x0000000088f00000, 0x0000000089000000, 0x0000000089000000|100%| O|  |TAMS 0x0000000088f00000, 0x0000000088f00000| Untracked 
| 144|0x0000000089000000, 0x0000000089000000, 0x0000000089100000|  0%| F|  |TAMS 0x0000000089000000, 0x0000000089000000| Untracked 
| 145|0x0000000089100000, 0x0000000089200000, 0x0000000089200000|100%| O|  |TAMS 0x0000000089100000, 0x0000000089100000| Untracked 
| 146|0x0000000089200000, 0x0000000089300000, 0x0000000089300000|100%| O|  |TAMS 0x0000000089200000, 0x0000000089200000| Untracked 
| 147|0x0000000089300000, 0x0000000089300000, 0x0000000089400000|  0%| F|  |TAMS 0x0000000089300000, 0x0000000089300000| Untracked 
| 148|0x0000000089400000, 0x0000000089400000, 0x0000000089500000|  0%| F|  |TAMS 0x0000000089400000, 0x0000000089400000| Untracked 
| 149|0x0000000089500000, 0x0000000089500000, 0x0000000089600000|  0%| F|  |TAMS 0x0000000089500000, 0x0000000089500000| Untracked 
| 150|0x0000000089600000, 0x0000000089600000, 0x0000000089700000|  0%| F|  |TAMS 0x0000000089600000, 0x0000000089600000| Untracked 
| 151|0x0000000089700000, 0x0000000089700000, 0x0000000089800000|  0%| F|  |TAMS 0x0000000089700000, 0x0000000089700000| Untracked 
| 152|0x0000000089800000, 0x0000000089800000, 0x0000000089900000|  0%| F|  |TAMS 0x0000000089800000, 0x0000000089800000| Untracked 
| 153|0x0000000089900000, 0x0000000089900000, 0x0000000089a00000|  0%| F|  |TAMS 0x0000000089900000, 0x0000000089900000| Untracked 
| 154|0x0000000089a00000, 0x0000000089a00000, 0x0000000089b00000|  0%| F|  |TAMS 0x0000000089a00000, 0x0000000089a00000| Untracked 
| 155|0x0000000089b00000, 0x0000000089b00000, 0x0000000089c00000|  0%| F|  |TAMS 0x0000000089b00000, 0x0000000089b00000| Untracked 
| 156|0x0000000089c00000, 0x0000000089c00000, 0x0000000089d00000|  0%| F|  |TAMS 0x0000000089c00000, 0x0000000089c00000| Untracked 
| 157|0x0000000089d00000, 0x0000000089d00000, 0x0000000089e00000|  0%| F|  |TAMS 0x0000000089d00000, 0x0000000089d00000| Untracked 
| 158|0x0000000089e00000, 0x0000000089e00000, 0x0000000089f00000|  0%| F|  |TAMS 0x0000000089e00000, 0x0000000089e00000| Untracked 
| 159|0x0000000089f00000, 0x0000000089f00000, 0x000000008a000000|  0%| F|  |TAMS 0x0000000089f00000, 0x0000000089f00000| Untracked 
| 160|0x000000008a000000, 0x000000008a000000, 0x000000008a100000|  0%| F|  |TAMS 0x000000008a000000, 0x000000008a000000| Untracked 
| 161|0x000000008a100000, 0x000000008a100000, 0x000000008a200000|  0%| F|  |TAMS 0x000000008a100000, 0x000000008a100000| Untracked 
| 162|0x000000008a200000, 0x000000008a200000, 0x000000008a300000|  0%| F|  |TAMS 0x000000008a200000, 0x000000008a200000| Untracked 
| 163|0x000000008a300000, 0x000000008a300000, 0x000000008a400000|  0%| F|  |TAMS 0x000000008a300000, 0x000000008a300000| Untracked 
| 164|0x000000008a400000, 0x000000008a400000, 0x000000008a500000|  0%| F|  |TAMS 0x000000008a400000, 0x000000008a400000| Untracked 
| 165|0x000000008a500000, 0x000000008a500000, 0x000000008a600000|  0%| F|  |TAMS 0x000000008a500000, 0x000000008a500000| Untracked 
| 166|0x000000008a600000, 0x000000008a600000, 0x000000008a700000|  0%| F|  |TAMS 0x000000008a600000, 0x000000008a600000| Untracked 
| 167|0x000000008a700000, 0x000000008a700000, 0x000000008a800000|  0%| F|  |TAMS 0x000000008a700000, 0x000000008a700000| Untracked 
| 168|0x000000008a800000, 0x000000008a800000, 0x000000008a900000|  0%| F|  |TAMS 0x000000008a800000, 0x000000008a800000| Untracked 
| 169|0x000000008a900000, 0x000000008a900000, 0x000000008aa00000|  0%| F|  |TAMS 0x000000008a900000, 0x000000008a900000| Untracked 
| 170|0x000000008aa00000, 0x000000008aa00000, 0x000000008ab00000|  0%| F|  |TAMS 0x000000008aa00000, 0x000000008aa00000| Untracked 
| 171|0x000000008ab00000, 0x000000008ab00000, 0x000000008ac00000|  0%| F|  |TAMS 0x000000008ab00000, 0x000000008ab00000| Untracked 
| 172|0x000000008ac00000, 0x000000008ac00000, 0x000000008ad00000|  0%| F|  |TAMS 0x000000008ac00000, 0x000000008ac00000| Untracked 
| 173|0x000000008ad00000, 0x000000008ad00000, 0x000000008ae00000|  0%| F|  |TAMS 0x000000008ad00000, 0x000000008ad00000| Untracked 
| 174|0x000000008ae00000, 0x000000008ae00000, 0x000000008af00000|  0%| F|  |TAMS 0x000000008ae00000, 0x000000008ae00000| Untracked 
| 175|0x000000008af00000, 0x000000008af00000, 0x000000008b000000|  0%| F|  |TAMS 0x000000008af00000, 0x000000008af00000| Untracked 
| 176|0x000000008b000000, 0x000000008b000000, 0x000000008b100000|  0%| F|  |TAMS 0x000000008b000000, 0x000000008b000000| Untracked 
| 177|0x000000008b100000, 0x000000008b1d0c70, 0x000000008b200000| 81%| S|CS|TAMS 0x000000008b100000, 0x000000008b100000| Complete 
| 178|0x000000008b200000, 0x000000008b300000, 0x000000008b300000|100%| S|CS|TAMS 0x000000008b200000, 0x000000008b200000| Complete 
| 179|0x000000008b300000, 0x000000008b300000, 0x000000008b400000|  0%| F|  |TAMS 0x000000008b300000, 0x000000008b300000| Untracked 
| 180|0x000000008b400000, 0x000000008b400000, 0x000000008b500000|  0%| F|  |TAMS 0x000000008b400000, 0x000000008b400000| Untracked 
| 181|0x000000008b500000, 0x000000008b500000, 0x000000008b600000|  0%| F|  |TAMS 0x000000008b500000, 0x000000008b500000| Untracked 
| 182|0x000000008b600000, 0x000000008b700000, 0x000000008b700000|100%| S|CS|TAMS 0x000000008b600000, 0x000000008b600000| Complete 
| 183|0x000000008b700000, 0x000000008b700000, 0x000000008b800000|  0%| F|  |TAMS 0x000000008b700000, 0x000000008b700000| Untracked 
| 184|0x000000008b800000, 0x000000008b800000, 0x000000008b900000|  0%| F|  |TAMS 0x000000008b800000, 0x000000008b800000| Untracked 
| 185|0x000000008b900000, 0x000000008b900000, 0x000000008ba00000|  0%| F|  |TAMS 0x000000008b900000, 0x000000008b900000| Untracked 
| 186|0x000000008ba00000, 0x000000008ba00000, 0x000000008bb00000|  0%| F|  |TAMS 0x000000008ba00000, 0x000000008ba00000| Untracked 
| 187|0x000000008bb00000, 0x000000008bb00000, 0x000000008bc00000|  0%| F|  |TAMS 0x000000008bb00000, 0x000000008bb00000| Untracked 
| 188|0x000000008bc00000, 0x000000008bc00000, 0x000000008bd00000|  0%| F|  |TAMS 0x000000008bc00000, 0x000000008bc00000| Untracked 
| 189|0x000000008bd00000, 0x000000008bd00000, 0x000000008be00000|  0%| F|  |TAMS 0x000000008bd00000, 0x000000008bd00000| Untracked 
| 190|0x000000008be00000, 0x000000008be00000, 0x000000008bf00000|  0%| F|  |TAMS 0x000000008be00000, 0x000000008be00000| Untracked 
| 191|0x000000008bf00000, 0x000000008bf00000, 0x000000008c000000|  0%| F|  |TAMS 0x000000008bf00000, 0x000000008bf00000| Untracked 
| 192|0x000000008c000000, 0x000000008c000000, 0x000000008c100000|  0%| F|  |TAMS 0x000000008c000000, 0x000000008c000000| Untracked 
| 193|0x000000008c100000, 0x000000008c100000, 0x000000008c200000|  0%| F|  |TAMS 0x000000008c100000, 0x000000008c100000| Untracked 
| 194|0x000000008c200000, 0x000000008c200000, 0x000000008c300000|  0%| F|  |TAMS 0x000000008c200000, 0x000000008c200000| Untracked 
| 195|0x000000008c300000, 0x000000008c300000, 0x000000008c400000|  0%| F|  |TAMS 0x000000008c300000, 0x000000008c300000| Untracked 
| 196|0x000000008c400000, 0x000000008c400000, 0x000000008c500000|  0%| F|  |TAMS 0x000000008c400000, 0x000000008c400000| Untracked 
| 197|0x000000008c500000, 0x000000008c500000, 0x000000008c600000|  0%| F|  |TAMS 0x000000008c500000, 0x000000008c500000| Untracked 
| 198|0x000000008c600000, 0x000000008c600000, 0x000000008c700000|  0%| F|  |TAMS 0x000000008c600000, 0x000000008c600000| Untracked 
| 199|0x000000008c700000, 0x000000008c700000, 0x000000008c800000|  0%| F|  |TAMS 0x000000008c700000, 0x000000008c700000| Untracked 
| 200|0x000000008c800000, 0x000000008c800000, 0x000000008c900000|  0%| F|  |TAMS 0x000000008c800000, 0x000000008c800000| Untracked 
| 201|0x000000008c900000, 0x000000008c900000, 0x000000008ca00000|  0%| F|  |TAMS 0x000000008c900000, 0x000000008c900000| Untracked 
| 202|0x000000008ca00000, 0x000000008ca00000, 0x000000008cb00000|  0%| F|  |TAMS 0x000000008ca00000, 0x000000008ca00000| Untracked 
| 203|0x000000008cb00000, 0x000000008cb00000, 0x000000008cc00000|  0%| F|  |TAMS 0x000000008cb00000, 0x000000008cb00000| Untracked 
| 204|0x000000008cc00000, 0x000000008cc00000, 0x000000008cd00000|  0%| F|  |TAMS 0x000000008cc00000, 0x000000008cc00000| Untracked 
| 205|0x000000008cd00000, 0x000000008cd00000, 0x000000008ce00000|  0%| F|  |TAMS 0x000000008cd00000, 0x000000008cd00000| Untracked 
| 206|0x000000008ce00000, 0x000000008ce00000, 0x000000008cf00000|  0%| F|  |TAMS 0x000000008ce00000, 0x000000008ce00000| Untracked 
| 207|0x000000008cf00000, 0x000000008cf00000, 0x000000008d000000|  0%| F|  |TAMS 0x000000008cf00000, 0x000000008cf00000| Untracked 
| 208|0x000000008d000000, 0x000000008d000000, 0x000000008d100000|  0%| F|  |TAMS 0x000000008d000000, 0x000000008d000000| Untracked 
| 209|0x000000008d100000, 0x000000008d100000, 0x000000008d200000|  0%| F|  |TAMS 0x000000008d100000, 0x000000008d100000| Untracked 
| 210|0x000000008d200000, 0x000000008d200000, 0x000000008d300000|  0%| F|  |TAMS 0x000000008d200000, 0x000000008d200000| Untracked 
| 211|0x000000008d300000, 0x000000008d300000, 0x000000008d400000|  0%| F|  |TAMS 0x000000008d300000, 0x000000008d300000| Untracked 
| 212|0x000000008d400000, 0x000000008d400000, 0x000000008d500000|  0%| F|  |TAMS 0x000000008d400000, 0x000000008d400000| Untracked 
| 213|0x000000008d500000, 0x000000008d500000, 0x000000008d600000|  0%| F|  |TAMS 0x000000008d500000, 0x000000008d500000| Untracked 
| 214|0x000000008d600000, 0x000000008d600000, 0x000000008d700000|  0%| F|  |TAMS 0x000000008d600000, 0x000000008d600000| Untracked 
| 215|0x000000008d700000, 0x000000008d700000, 0x000000008d800000|  0%| F|  |TAMS 0x000000008d700000, 0x000000008d700000| Untracked 
| 216|0x000000008d800000, 0x000000008d800000, 0x000000008d900000|  0%| F|  |TAMS 0x000000008d800000, 0x000000008d800000| Untracked 
| 217|0x000000008d900000, 0x000000008d900000, 0x000000008da00000|  0%| F|  |TAMS 0x000000008d900000, 0x000000008d900000| Untracked 
| 218|0x000000008da00000, 0x000000008da00000, 0x000000008db00000|  0%| F|  |TAMS 0x000000008da00000, 0x000000008da00000| Untracked 
| 219|0x000000008db00000, 0x000000008db00000, 0x000000008dc00000|  0%| F|  |TAMS 0x000000008db00000, 0x000000008db00000| Untracked 
| 220|0x000000008dc00000, 0x000000008dc00000, 0x000000008dd00000|  0%| F|  |TAMS 0x000000008dc00000, 0x000000008dc00000| Untracked 
| 221|0x000000008dd00000, 0x000000008dd00000, 0x000000008de00000|  0%| F|  |TAMS 0x000000008dd00000, 0x000000008dd00000| Untracked 
| 222|0x000000008de00000, 0x000000008de00000, 0x000000008df00000|  0%| F|  |TAMS 0x000000008de00000, 0x000000008de00000| Untracked 
| 223|0x000000008df00000, 0x000000008df00000, 0x000000008e000000|  0%| F|  |TAMS 0x000000008df00000, 0x000000008df00000| Untracked 
| 224|0x000000008e000000, 0x000000008e000000, 0x000000008e100000|  0%| F|  |TAMS 0x000000008e000000, 0x000000008e000000| Untracked 
| 225|0x000000008e100000, 0x000000008e100000, 0x000000008e200000|  0%| F|  |TAMS 0x000000008e100000, 0x000000008e100000| Untracked 
| 226|0x000000008e200000, 0x000000008e200000, 0x000000008e300000|  0%| F|  |TAMS 0x000000008e200000, 0x000000008e200000| Untracked 
| 227|0x000000008e300000, 0x000000008e300000, 0x000000008e400000|  0%| F|  |TAMS 0x000000008e300000, 0x000000008e300000| Untracked 
| 228|0x000000008e400000, 0x000000008e400000, 0x000000008e500000|  0%| F|  |TAMS 0x000000008e400000, 0x000000008e400000| Untracked 
| 229|0x000000008e500000, 0x000000008e500000, 0x000000008e600000|  0%| F|  |TAMS 0x000000008e500000, 0x000000008e500000| Untracked 
| 230|0x000000008e600000, 0x000000008e600000, 0x000000008e700000|  0%| F|  |TAMS 0x000000008e600000, 0x000000008e600000| Untracked 
| 231|0x000000008e700000, 0x000000008e700000, 0x000000008e800000|  0%| F|  |TAMS 0x000000008e700000, 0x000000008e700000| Untracked 
| 232|0x000000008e800000, 0x000000008e800000, 0x000000008e900000|  0%| F|  |TAMS 0x000000008e800000, 0x000000008e800000| Untracked 
| 233|0x000000008e900000, 0x000000008e900000, 0x000000008ea00000|  0%| F|  |TAMS 0x000000008e900000, 0x000000008e900000| Untracked 
| 234|0x000000008ea00000, 0x000000008ea00000, 0x000000008eb00000|  0%| F|  |TAMS 0x000000008ea00000, 0x000000008ea00000| Untracked 
| 235|0x000000008eb00000, 0x000000008eb00000, 0x000000008ec00000|  0%| F|  |TAMS 0x000000008eb00000, 0x000000008eb00000| Untracked 
| 236|0x000000008ec00000, 0x000000008ec00000, 0x000000008ed00000|  0%| F|  |TAMS 0x000000008ec00000, 0x000000008ec00000| Untracked 
| 237|0x000000008ed00000, 0x000000008ed00000, 0x000000008ee00000|  0%| F|  |TAMS 0x000000008ed00000, 0x000000008ed00000| Untracked 
| 238|0x000000008ee00000, 0x000000008ee00000, 0x000000008ef00000|  0%| F|  |TAMS 0x000000008ee00000, 0x000000008ee00000| Untracked 
| 239|0x000000008ef00000, 0x000000008ef00000, 0x000000008f000000|  0%| F|  |TAMS 0x000000008ef00000, 0x000000008ef00000| Untracked 
| 240|0x000000008f000000, 0x000000008f000000, 0x000000008f100000|  0%| F|  |TAMS 0x000000008f000000, 0x000000008f000000| Untracked 
| 241|0x000000008f100000, 0x000000008f100000, 0x000000008f200000|  0%| F|  |TAMS 0x000000008f100000, 0x000000008f100000| Untracked 
| 242|0x000000008f200000, 0x000000008f200000, 0x000000008f300000|  0%| F|  |TAMS 0x000000008f200000, 0x000000008f200000| Untracked 
| 243|0x000000008f300000, 0x000000008f300000, 0x000000008f400000|  0%| F|  |TAMS 0x000000008f300000, 0x000000008f300000| Untracked 
| 244|0x000000008f400000, 0x000000008f400000, 0x000000008f500000|  0%| F|  |TAMS 0x000000008f400000, 0x000000008f400000| Untracked 
| 245|0x000000008f500000, 0x000000008f500000, 0x000000008f600000|  0%| F|  |TAMS 0x000000008f500000, 0x000000008f500000| Untracked 
| 246|0x000000008f600000, 0x000000008f600000, 0x000000008f700000|  0%| F|  |TAMS 0x000000008f600000, 0x000000008f600000| Untracked 
| 247|0x000000008f700000, 0x000000008f7a3138, 0x000000008f800000| 63%| E|  |TAMS 0x000000008f700000, 0x000000008f700000| Complete 
| 248|0x000000008f800000, 0x000000008f8ff8f0, 0x000000008f900000| 99%| E|  |TAMS 0x000000008f800000, 0x000000008f800000| Complete 
| 249|0x000000008f900000, 0x000000008fa00000, 0x000000008fa00000|100%| E|CS|TAMS 0x000000008f900000, 0x000000008f900000| Complete 
| 250|0x000000008fa00000, 0x000000008fb00000, 0x000000008fb00000|100%| E|CS|TAMS 0x000000008fa00000, 0x000000008fa00000| Complete 
| 251|0x000000008fb00000, 0x000000008fc00000, 0x000000008fc00000|100%| E|CS|TAMS 0x000000008fb00000, 0x000000008fb00000| Complete 

Card table byte_map: [0x0000021ec1430000,0x0000021ec1830000] _byte_map_base: 0x0000021ec1030000

Marking Bits (Prev, Next): (CMBitMap*) 0x0000021eaa4e7cb0, (CMBitMap*) 0x0000021eaa4e7cf0
 Prev Bits: [0x0000021ec1c30000, 0x0000021ec3c30000)
 Next Bits: [0x0000021ec3c30000, 0x0000021ec5c30000)

Polling page: 0x0000021ea8430000

Metaspace:

Usage:
  Non-class:     85.10 MB used.
      Class:     13.74 MB used.
       Both:     98.84 MB used.

Virtual space:
  Non-class space:       88.00 MB reserved,      85.56 MB ( 97%) committed,  11 nodes.
      Class space:      412.00 MB reserved,      14.19 MB (  3%) committed,  1 nodes.
             Both:      500.00 MB reserved,      99.75 MB ( 20%) committed. 

Chunk freelists:
   Non-Class:  1.62 MB
       Class:  1.66 MB
        Both:  3.29 MB

MaxMetaspaceSize: 512.00 MB
CompressedClassSpaceSize: 412.00 MB
Initial GC threshold: 21.00 MB
Current GC threshold: 159.50 MB
CDS: on
MetaspaceReclaimPolicy: balanced
 - commit_granule_bytes: 65536.
 - commit_granule_words: 8192.
 - virtual_space_node_default_size: 1048576.
 - enlarge_chunks_in_place: 1.
 - new_chunks_are_fully_committed: 0.
 - uncommit_free_chunks: 1.
 - use_allocation_guard: 0.
 - handle_deallocations: 1.


Internal statistics:

num_allocs_failed_limit: 6.
num_arena_births: 1320.
num_arena_deaths: 14.
num_vsnodes_births: 12.
num_vsnodes_deaths: 0.
num_space_committed: 1595.
num_space_uncommitted: 0.
num_chunks_returned_to_freelist: 25.
num_chunks_taken_from_freelist: 5767.
num_chunk_merges: 14.
num_chunk_splits: 3708.
num_chunks_enlarged: 2351.
num_purges: 2.
num_inconsistent_stats: 0.

CodeHeap 'non-profiled nmethods': size=120000Kb used=9552Kb max_used=9552Kb free=110447Kb
 bounds [0x0000021eb97d0000, 0x0000021eba130000, 0x0000021ec0d00000]
CodeHeap 'profiled nmethods': size=120000Kb used=25861Kb max_used=25861Kb free=94138Kb
 bounds [0x0000021eb22a0000, 0x0000021eb3bf0000, 0x0000021eb97d0000]
CodeHeap 'non-nmethods': size=5760Kb used=2404Kb max_used=2491Kb free=3355Kb
 bounds [0x0000021eb1d00000, 0x0000021eb1f80000, 0x0000021eb22a0000]
 total_blobs=14252 nmethods=13314 adapters=848
 compilation: enabled
              stopped_count=0, restarted_count=0
 full_count=0

Compilation events (20 events):
Event: 9100.857 Thread 0x0000021ed3295030 15707       4       org.gradle.internal.snapshot.DirectorySnapshot::accept (108 bytes)
Event: 9100.867 Thread 0x0000021ec866ff20 nmethod 15699 0x0000021eba11e410 code [0x0000021eba11e620, 0x0000021eba11ecb0]
Event: 9100.867 Thread 0x0000021ec866ff20 15710       4       org.gradle.internal.watch.registry.impl.WatchableHierarchies$RemoveUnwatchedFiles::shouldBeRemoved (55 bytes)
Event: 9100.897 Thread 0x0000021ed3296470 nmethod 15698 0x0000021eba11f310 code [0x0000021eba11f560, 0x0000021eba120250]
Event: 9100.897 Thread 0x0000021ed3296470 15711       4       org.gradle.internal.file.FileHierarchySet$Node::contains (101 bytes)
Event: 9100.907 Thread 0x0000021ed3295030 nmethod 15707 0x0000021eba120c90 code [0x0000021eba120ec0, 0x0000021eba121bb0]
Event: 9100.907 Thread 0x0000021ed3295030 15709       4       org.gradle.internal.watch.registry.impl.WatchableHierarchies$RemoveUnwatchedFiles::visitEntry (21 bytes)
Event: 9100.924 Thread 0x0000021ec86830c0 15714       2       org.gradle.launcher.daemon.server.health.gc.GarbageCollectionCheck::run (198 bytes)
Event: 9100.926 Thread 0x0000021ec86830c0 nmethod 15714 0x0000021eb3bbc310 code [0x0000021eb3bbc600, 0x0000021eb3bbd178]
Event: 9100.934 Thread 0x0000021ec86830c0 15716       2       java.util.HashMap::removeNode (291 bytes)
Event: 9100.935 Thread 0x0000021ec86830c0 nmethod 15716 0x0000021eb3bbda10 code [0x0000021eb3bbdc40, 0x0000021eb3bbe498]
Event: 9100.959 Thread 0x0000021ec86830c0 15717       1       java.lang.StackTraceElement::getLineNumber (5 bytes)
Event: 9100.959 Thread 0x0000021ec86830c0 nmethod 15717 0x0000021eba122590 code [0x0000021eba122720, 0x0000021eba1227f8]
Event: 9100.959 Thread 0x0000021ec86830c0 15718       1       java.lang.StackTraceElement::getFileName (5 bytes)
Event: 9100.960 Thread 0x0000021ec86830c0 nmethod 15718 0x0000021eba122890 code [0x0000021eba122a20, 0x0000021eba122af8]
Event: 9100.961 Thread 0x0000021ec86830c0 15719       3       java.io.ObjectOutputStream$BlockDataOutputStream::writeShort (47 bytes)
Event: 9100.962 Thread 0x0000021ec86830c0 nmethod 15719 0x0000021eb3bbe990 code [0x0000021eb3bbeb40, 0x0000021eb3bbedc8]
Event: 9100.967 Thread 0x0000021ec86830c0 15721       1       sun.security.provider.DigestBase::engineGetDigestLength (5 bytes)
Event: 9100.967 Thread 0x0000021ec86830c0 nmethod 15721 0x0000021eba122b90 code [0x0000021eba122d20, 0x0000021eba122df8]
Event: 9100.971 Thread 0x0000021ec86830c0 15722   !   3       java.lang.Class::newInstance (134 bytes)

GC Heap History (20 events):
Event: 39.450 GC heap before
{Heap before GC invocations=64 (full 0):
 garbage-first heap   total 229376K, used 191491K [0x0000000080000000, 0x0000000100000000)
  region size 1024K, 56 young (57344K), 1 survivors (1024K)
 Metaspace       used 97016K, committed 97920K, reserved 512000K
  class space    used 13657K, committed 14080K, reserved 421888K
}
Event: 39.457 GC heap after
{Heap after GC invocations=65 (full 0):
 garbage-first heap   total 229376K, used 134238K [0x0000000080000000, 0x0000000100000000)
  region size 1024K, 4 young (4096K), 4 survivors (4096K)
 Metaspace       used 97016K, committed 97920K, reserved 512000K
  class space    used 13657K, committed 14080K, reserved 421888K
}
Event: 39.635 GC heap before
{Heap before GC invocations=65 (full 0):
 garbage-first heap   total 229376K, used 145502K [0x0000000080000000, 0x0000000100000000)
  region size 1024K, 15 young (15360K), 4 survivors (4096K)
 Metaspace       used 97048K, committed 97920K, reserved 512000K
  class space    used 13660K, committed 14080K, reserved 421888K
}
Event: 39.641 GC heap after
{Heap after GC invocations=66 (full 0):
 garbage-first heap   total 229376K, used 137385K [0x0000000080000000, 0x0000000100000000)
  region size 1024K, 5 young (5120K), 5 survivors (5120K)
 Metaspace       used 97048K, committed 97920K, reserved 512000K
  class space    used 13660K, committed 14080K, reserved 421888K
}
Event: 40.500 GC heap before
{Heap before GC invocations=67 (full 0):
 garbage-first heap   total 258048K, used 204969K [0x0000000080000000, 0x0000000100000000)
  region size 1024K, 58 young (59392K), 5 survivors (5120K)
 Metaspace       used 97298K, committed 98176K, reserved 512000K
  class space    used 13669K, committed 14080K, reserved 421888K
}
Event: 40.514 GC heap after
{Heap after GC invocations=68 (full 0):
 garbage-first heap   total 258048K, used 139728K [0x0000000080000000, 0x0000000100000000)
  region size 1024K, 6 young (6144K), 6 survivors (6144K)
 Metaspace       used 97298K, committed 98176K, reserved 512000K
  class space    used 13669K, committed 14080K, reserved 421888K
}
Event: 40.559 GC heap before
{Heap before GC invocations=68 (full 0):
 garbage-first heap   total 258048K, used 149968K [0x0000000080000000, 0x0000000100000000)
  region size 1024K, 12 young (12288K), 6 survivors (6144K)
 Metaspace       used 97308K, committed 98176K, reserved 512000K
  class space    used 13669K, committed 14080K, reserved 421888K
}
Event: 40.568 GC heap after
{Heap after GC invocations=69 (full 0):
 garbage-first heap   total 258048K, used 140607K [0x0000000080000000, 0x0000000100000000)
  region size 1024K, 2 young (2048K), 2 survivors (2048K)
 Metaspace       used 97308K, committed 98176K, reserved 512000K
  class space    used 13669K, committed 14080K, reserved 421888K
}
Event: 41.382 GC heap before
{Heap before GC invocations=69 (full 0):
 garbage-first heap   total 258048K, used 218431K [0x0000000080000000, 0x0000000100000000)
  region size 1024K, 71 young (72704K), 2 survivors (2048K)
 Metaspace       used 97569K, committed 98432K, reserved 512000K
  class space    used 13693K, committed 14080K, reserved 421888K
}
Event: 41.390 GC heap after
{Heap after GC invocations=70 (full 0):
 garbage-first heap   total 258048K, used 144193K [0x0000000080000000, 0x0000000100000000)
  region size 1024K, 5 young (5120K), 5 survivors (5120K)
 Metaspace       used 97569K, committed 98432K, reserved 512000K
  class space    used 13693K, committed 14080K, reserved 421888K
}
Event: 41.954 GC heap before
{Heap before GC invocations=70 (full 0):
 garbage-first heap   total 258048K, used 220993K [0x0000000080000000, 0x0000000100000000)
  region size 1024K, 73 young (74752K), 5 survivors (5120K)
 Metaspace       used 97646K, committed 98560K, reserved 512000K
  class space    used 13698K, committed 14144K, reserved 421888K
}
Event: 41.966 GC heap after
{Heap after GC invocations=71 (full 0):
 garbage-first heap   total 258048K, used 148107K [0x0000000080000000, 0x0000000100000000)
  region size 1024K, 9 young (9216K), 9 survivors (9216K)
 Metaspace       used 97646K, committed 98560K, reserved 512000K
  class space    used 13698K, committed 14144K, reserved 421888K
}
Event: 899.925 GC heap before
{Heap before GC invocations=71 (full 0):
 garbage-first heap   total 258048K, used 219787K [0x0000000080000000, 0x0000000100000000)
  region size 1024K, 75 young (76800K), 9 survivors (9216K)
 Metaspace       used 100622K, committed 101568K, reserved 512000K
  class space    used 13998K, committed 14464K, reserved 421888K
}
Event: 899.954 GC heap after
{Heap after GC invocations=72 (full 0):
 garbage-first heap   total 258048K, used 151688K [0x0000000080000000, 0x0000000100000000)
  region size 1024K, 8 young (8192K), 8 survivors (8192K)
 Metaspace       used 100622K, committed 101568K, reserved 512000K
  class space    used 13998K, committed 14464K, reserved 421888K
}
Event: 3592.423 GC heap before
{Heap before GC invocations=72 (full 0):
 garbage-first heap   total 258048K, used 216200K [0x0000000080000000, 0x0000000100000000)
  region size 1024K, 71 young (72704K), 8 survivors (8192K)
 Metaspace       used 100740K, committed 101696K, reserved 512000K
  class space    used 13998K, committed 14464K, reserved 421888K
}
Event: 3592.491 GC heap after
{Heap after GC invocations=73 (full 0):
 garbage-first heap   total 258048K, used 151922K [0x0000000080000000, 0x0000000100000000)
  region size 1024K, 4 young (4096K), 4 survivors (4096K)
 Metaspace       used 100740K, committed 101696K, reserved 512000K
  class space    used 13998K, committed 14464K, reserved 421888K
}
Event: 6432.431 GC heap before
{Heap before GC invocations=73 (full 0):
 garbage-first heap   total 258048K, used 219506K [0x0000000080000000, 0x0000000100000000)
  region size 1024K, 70 young (71680K), 4 survivors (4096K)
 Metaspace       used 100742K, committed 101696K, reserved 512000K
  class space    used 13998K, committed 14464K, reserved 421888K
}
Event: 6432.452 GC heap after
{Heap after GC invocations=74 (full 0):
 garbage-first heap   total 258048K, used 150238K [0x0000000080000000, 0x0000000100000000)
  region size 1024K, 3 young (3072K), 3 survivors (3072K)
 Metaspace       used 100742K, committed 101696K, reserved 512000K
  class space    used 13998K, committed 14464K, reserved 421888K
}
Event: 9100.891 GC heap before
{Heap before GC invocations=74 (full 0):
 garbage-first heap   total 258048K, used 219870K [0x0000000080000000, 0x0000000100000000)
  region size 1024K, 72 young (73728K), 3 survivors (3072K)
 Metaspace       used 100905K, committed 101824K, reserved 512000K
  class space    used 14025K, committed 14464K, reserved 421888K
}
Event: 9100.897 GC heap after
{Heap after GC invocations=75 (full 0):
 garbage-first heap   total 258048K, used 150866K [0x0000000080000000, 0x0000000100000000)
  region size 1024K, 3 young (3072K), 3 survivors (3072K)
 Metaspace       used 100905K, committed 101824K, reserved 512000K
  class space    used 14025K, committed 14464K, reserved 421888K
}

Deoptimization events (20 events):
Event: 9100.814 Thread 0x0000021ecc9393c0 Uncommon trap: trap_request=0xffffff45 fr.pc=0x0000021eb98dc7e0 relative=0x00000000000005a0
Event: 9100.814 Thread 0x0000021ecc9393c0 Uncommon trap: reason=unstable_if action=reinterpret pc=0x0000021eb98dc7e0 method=java.util.regex.Matcher.search(I)Z @ 76 c2
Event: 9100.814 Thread 0x0000021ecc9393c0 DEOPT PACKING pc=0x0000021eb98dc7e0 sp=0x000000a0384fb7c0
Event: 9100.814 Thread 0x0000021ecc9393c0 DEOPT UNPACKING pc=0x0000021eb1d523a3 sp=0x000000a0384fb7a0 mode 2
Event: 9100.940 Thread 0x0000021ecc9393c0 Uncommon trap: trap_request=0xffffff76 fr.pc=0x0000021eb9ffea40 relative=0x0000000000000080
Event: 9100.940 Thread 0x0000021ecc9393c0 Uncommon trap: reason=predicate action=maybe_recompile pc=0x0000021eb9ffea40 method=java.util.ComparableTimSort.binarySort([Ljava/lang/Object;III)V @ 34 c2
Event: 9100.940 Thread 0x0000021ecc9393c0 DEOPT PACKING pc=0x0000021eb9ffea40 sp=0x000000a0384fd7d0
Event: 9100.940 Thread 0x0000021ecc9393c0 DEOPT UNPACKING pc=0x0000021eb1d523a3 sp=0x000000a0384fd778 mode 2
Event: 9100.967 Thread 0x0000021ecc9393c0 Uncommon trap: trap_request=0xffffffde fr.pc=0x0000021eb9f4379c relative=0x000000000000061c
Event: 9100.967 Thread 0x0000021ecc9393c0 Uncommon trap: reason=class_check action=maybe_recompile pc=0x0000021eb9f4379c method=com.google.common.cache.LocalCache$Segment.setValue(Lcom/google/common/cache/ReferenceEntry;Ljava/lang/Object;Ljava/lang/Object;J)V @ 51 c2
Event: 9100.967 Thread 0x0000021ecc9393c0 DEOPT PACKING pc=0x0000021eb9f4379c sp=0x000000a0384fd0c0
Event: 9100.967 Thread 0x0000021ecc9393c0 DEOPT UNPACKING pc=0x0000021eb1d523a3 sp=0x000000a0384fd058 mode 2
Event: 9100.970 Thread 0x0000021ecc9393c0 Uncommon trap: trap_request=0xffffffde fr.pc=0x0000021eb9f4379c relative=0x000000000000061c
Event: 9100.970 Thread 0x0000021ecc9393c0 Uncommon trap: reason=class_check action=maybe_recompile pc=0x0000021eb9f4379c method=com.google.common.cache.LocalCache$Segment.setValue(Lcom/google/common/cache/ReferenceEntry;Ljava/lang/Object;Ljava/lang/Object;J)V @ 51 c2
Event: 9100.970 Thread 0x0000021ecc9393c0 DEOPT PACKING pc=0x0000021eb9f4379c sp=0x000000a0384fd320
Event: 9100.970 Thread 0x0000021ecc9393c0 DEOPT UNPACKING pc=0x0000021eb1d523a3 sp=0x000000a0384fd2b8 mode 2
Event: 9100.970 Thread 0x0000021ecc9393c0 Uncommon trap: trap_request=0xffffffde fr.pc=0x0000021eb9f4379c relative=0x000000000000061c
Event: 9100.970 Thread 0x0000021ecc9393c0 Uncommon trap: reason=class_check action=maybe_recompile pc=0x0000021eb9f4379c method=com.google.common.cache.LocalCache$Segment.setValue(Lcom/google/common/cache/ReferenceEntry;Ljava/lang/Object;Ljava/lang/Object;J)V @ 51 c2
Event: 9100.970 Thread 0x0000021ecc9393c0 DEOPT PACKING pc=0x0000021eb9f4379c sp=0x000000a0384fd570
Event: 9100.970 Thread 0x0000021ecc9393c0 DEOPT UNPACKING pc=0x0000021eb1d523a3 sp=0x000000a0384fd508 mode 2

Classes unloaded (7 events):
Event: 39.880 Thread 0x0000021ec864c950 Unloading class 0x00000008019c1c00 'java/lang/invoke/LambdaForm$DMH+0x00000008019c1c00'
Event: 39.880 Thread 0x0000021ec864c950 Unloading class 0x00000008019c1800 'java/lang/invoke/LambdaForm$DMH+0x00000008019c1800'
Event: 39.880 Thread 0x0000021ec864c950 Unloading class 0x00000008019c1400 'java/lang/invoke/LambdaForm$DMH+0x00000008019c1400'
Event: 39.880 Thread 0x0000021ec864c950 Unloading class 0x00000008019c1000 'java/lang/invoke/LambdaForm$DMH+0x00000008019c1000'
Event: 39.880 Thread 0x0000021ec864c950 Unloading class 0x00000008019c0400 'java/lang/invoke/LambdaForm$DMH+0x00000008019c0400'
Event: 39.880 Thread 0x0000021ec864c950 Unloading class 0x00000008019c0000 'java/lang/invoke/LambdaForm$DMH+0x00000008019c0000'
Event: 39.880 Thread 0x0000021ec864c950 Unloading class 0x00000008019c0c00 'java/lang/invoke/LambdaForm$DMH+0x00000008019c0c00'

Classes redefined (0 events):
No events

Internal exceptions (20 events):
Event: 8636.652 Thread 0x0000021ed56b7d20 Exception <a 'java/net/ConnectException'{0x000000008c8af3a8}: Connection refused: connect> (0x000000008c8af3a8) 
thrown [s\open\src\hotspot\share\prims\jni.cpp, line 535]
Event: 8637.665 Thread 0x0000021ed56b7d20 Exception <a 'java/net/ConnectException'{0x000000008c8b20c0}: Connection refused: connect> (0x000000008c8b20c0) 
thrown [s\open\src\hotspot\share\prims\jni.cpp, line 535]
Event: 8637.665 Thread 0x0000021ed56b7d20 Exception <a 'java/net/ConnectException'{0x000000008c8b2868}: Connection refused: connect> (0x000000008c8b2868) 
thrown [s\open\src\hotspot\share\prims\jni.cpp, line 535]
Event: 8638.668 Thread 0x0000021ed56b7d20 Exception <a 'java/net/ConnectException'{0x000000008c8b5580}: Connection refused: connect> (0x000000008c8b5580) 
thrown [s\open\src\hotspot\share\prims\jni.cpp, line 535]
Event: 8638.669 Thread 0x0000021ed56b7d20 Exception <a 'java/net/ConnectException'{0x000000008c8b5ae8}: Connection refused: connect> (0x000000008c8b5ae8) 
thrown [s\open\src\hotspot\share\prims\jni.cpp, line 535]
Event: 8639.679 Thread 0x0000021ed56b7d20 Exception <a 'java/net/ConnectException'{0x000000008c8b8800}: Connection refused: connect> (0x000000008c8b8800) 
thrown [s\open\src\hotspot\share\prims\jni.cpp, line 535]
Event: 8639.680 Thread 0x0000021ed56b7d20 Exception <a 'java/net/ConnectException'{0x000000008c8b8fb0}: Connection refused: connect> (0x000000008c8b8fb0) 
thrown [s\open\src\hotspot\share\prims\jni.cpp, line 535]
Event: 8640.695 Thread 0x0000021ed56b7d20 Exception <a 'java/net/ConnectException'{0x000000008c8bbcc8}: Connection refused: connect> (0x000000008c8bbcc8) 
thrown [s\open\src\hotspot\share\prims\jni.cpp, line 535]
Event: 8640.696 Thread 0x0000021ed56b7d20 Exception <a 'java/net/ConnectException'{0x000000008c8bc230}: Connection refused: connect> (0x000000008c8bc230) 
thrown [s\open\src\hotspot\share\prims\jni.cpp, line 535]
Event: 9100.567 Thread 0x0000021ecc9393c0 Implicit null exception at 0x0000021eba01018d to 0x0000021eba01134c
Event: 9100.678 Thread 0x0000021ecc9393c0 Exception <a 'sun/nio/fs/WindowsException'{0x000000008b9c4578}> (0x000000008b9c4578) 
thrown [s\open\src\hotspot\share\prims\jni.cpp, line 516]
Event: 9100.679 Thread 0x0000021ecc9393c0 Exception <a 'sun/nio/fs/WindowsException'{0x000000008b9c5af0}> (0x000000008b9c5af0) 
thrown [s\open\src\hotspot\share\prims\jni.cpp, line 516]
Event: 9100.680 Thread 0x0000021ecc9393c0 Exception <a 'sun/nio/fs/WindowsException'{0x000000008b9c7068}> (0x000000008b9c7068) 
thrown [s\open\src\hotspot\share\prims\jni.cpp, line 516]
Event: 9100.681 Thread 0x0000021ecc9393c0 Exception <a 'sun/nio/fs/WindowsException'{0x000000008b9c85c0}> (0x000000008b9c85c0) 
thrown [s\open\src\hotspot\share\prims\jni.cpp, line 516]
Event: 9100.785 Thread 0x0000021ecc9393c0 Exception <a 'java/lang/ClassNotFoundException'{0x000000008b8392b8}: java/lang/ExceptionBeanInfo> (0x000000008b8392b8) 
thrown [s\open\src\hotspot\share\classfile\systemDictionary.cpp, line 256]
Event: 9100.786 Thread 0x0000021ecc9393c0 Exception <a 'java/lang/ClassNotFoundException'{0x000000008b83e8a8}: java/lang/ThrowableBeanInfo> (0x000000008b83e8a8) 
thrown [s\open\src\hotspot\share\classfile\systemDictionary.cpp, line 256]
Event: 9100.786 Thread 0x0000021ecc9393c0 Exception <a 'java/lang/ClassNotFoundException'{0x000000008b843e68}: java/lang/ThrowableCustomizer> (0x000000008b843e68) 
thrown [s\open\src\hotspot\share\classfile\systemDictionary.cpp, line 256]
Event: 9100.788 Thread 0x0000021ecc9393c0 Exception <a 'java/lang/ClassNotFoundException'{0x000000008b851560}: java/lang/ExceptionCustomizer> (0x000000008b851560) 
thrown [s\open\src\hotspot\share\classfile\systemDictionary.cpp, line 256]
Event: 9100.791 Thread 0x0000021ecc9393c0 Exception <a 'java/lang/reflect/InvocationTargetException'{0x000000008b85a3e0}> (0x000000008b85a3e0) 
thrown [s\open\src\hotspot\share\runtime\reflection.cpp, line 1121]
Event: 9100.836 Thread 0x0000021ecc9393c0 Exception <a 'java/lang/NoSuchMethodError'{0x000000008b8b2fc0}: 'void java.lang.invoke.DirectMethodHandle$Holder.invokeStatic(java.lang.Object, int, java.lang.Object)'> (0x000000008b8b2fc0) 
thrown [s\open\src\hotspot\share\interpreter\linkResolver.cpp, line 759]

VM Operations (20 events):
Event: 8641.584 Executing VM operation: Cleanup
Event: 8641.584 Executing VM operation: Cleanup done
Event: 8646.618 Executing VM operation: Cleanup
Event: 8646.618 Executing VM operation: Cleanup done
Event: 8713.037 Executing VM operation: Cleanup
Event: 8713.038 Executing VM operation: Cleanup done
Event: 8762.436 Executing VM operation: Cleanup
Event: 8762.436 Executing VM operation: Cleanup done
Event: 8873.252 Executing VM operation: Cleanup
Event: 8873.253 Executing VM operation: Cleanup done
Event: 9100.659 Executing VM operation: Cleanup
Event: 9100.659 Executing VM operation: Cleanup done
Event: 9100.833 Executing VM operation: HandshakeAllThreads
Event: 9100.833 Executing VM operation: HandshakeAllThreads done
Event: 9100.841 Executing VM operation: HandshakeAllThreads
Event: 9100.841 Executing VM operation: HandshakeAllThreads done
Event: 9100.891 Executing VM operation: G1CollectForAllocation
Event: 9100.897 Executing VM operation: G1CollectForAllocation done
Event: 9100.966 Executing VM operation: HandshakeAllThreads
Event: 9100.966 Executing VM operation: HandshakeAllThreads done

Events (20 events):
Event: 9100.786 loading class java/lang/ThrowableBeanInfo
Event: 9100.786 loading class java/lang/ThrowableBeanInfo done
Event: 9100.786 loading class java/lang/ThrowableCustomizer
Event: 9100.786 loading class java/lang/ThrowableCustomizer done
Event: 9100.786 loading class java/lang/ThrowableCustomizer
Event: 9100.786 loading class java/lang/ThrowableCustomizer done
Event: 9100.787 loading class java/lang/ExceptionCustomizer
Event: 9100.788 loading class java/lang/ExceptionCustomizer done
Event: 9100.788 loading class java/lang/ExceptionCustomizer
Event: 9100.788 loading class java/lang/ExceptionCustomizer done
Event: 9100.814 Thread 0x0000021ed3295030 Thread exited: 0x0000021ed3295030
Event: 9100.815 loading class java/util/logging/LogRecord
Event: 9100.818 loading class java/util/logging/LogRecord done
Event: 9100.856 Thread 0x0000021ed3295030 Thread added: 0x0000021ed3295030
Event: 9100.915 Thread 0x0000021ecc9376e0 Thread exited: 0x0000021ecc9376e0
Event: 9100.916 Thread 0x0000021ecc937210 Thread exited: 0x0000021ecc937210
Event: 9100.917 Thread 0x0000021ecc937210 Thread added: 0x0000021ecc937210
Event: 9100.917 Thread 0x0000021ecc937210 Thread exited: 0x0000021ecc937210
Event: 9100.970 loading class java/io/SerialCallbackContext
Event: 9100.970 loading class java/io/SerialCallbackContext done


Dynamic libraries:
0x00007ff777f90000 - 0x00007ff777fa0000 	C:\Program Files\Java\jdk-17.0.4\bin\java.exe
0x00007ffaf4af0000 - 0x00007ffaf4ce8000 	C:\Windows\SYSTEM32\ntdll.dll
0x00007ffaf4750000 - 0x00007ffaf480d000 	C:\Windows\System32\KERNEL32.DLL
0x00007ffaf2490000 - 0x00007ffaf2786000 	C:\Windows\System32\KERNELBASE.dll
0x00007ffaf2790000 - 0x00007ffaf2890000 	C:\Windows\System32\ucrtbase.dll
0x00007ffaea010000 - 0x00007ffaea02a000 	C:\Program Files\Java\jdk-17.0.4\bin\VCRUNTIME140.dll
0x00007ffaec760000 - 0x00007ffaec778000 	C:\Program Files\Java\jdk-17.0.4\bin\jli.dll
0x00007ffaf3cb0000 - 0x00007ffaf3d63000 	C:\Windows\System32\ADVAPI32.dll
0x00007ffaf4960000 - 0x00007ffaf49fe000 	C:\Windows\System32\msvcrt.dll
0x00007ffaf48c0000 - 0x00007ffaf495f000 	C:\Windows\System32\sechost.dll
0x00007ffaf2bb0000 - 0x00007ffaf2cd6000 	C:\Windows\System32\RPCRT4.dll
0x00007ffaf2460000 - 0x00007ffaf2487000 	C:\Windows\System32\bcrypt.dll
0x00007ffaf3110000 - 0x00007ffaf32ae000 	C:\Windows\System32\USER32.dll
0x00007ffad36d0000 - 0x00007ffad396a000 	C:\Windows\WinSxS\amd64_microsoft.windows.common-controls_6595b64144ccf1df_6.0.19041.3636_none_60b6a03d71f818d5\COMCTL32.dll
0x00007ffaf2430000 - 0x00007ffaf2452000 	C:\Windows\System32\win32u.dll
0x00007ffaf4a20000 - 0x00007ffaf4a4b000 	C:\Windows\System32\GDI32.dll
0x00007ffaf21b0000 - 0x00007ffaf22c7000 	C:\Windows\System32\gdi32full.dll
0x00007ffaf2950000 - 0x00007ffaf29ed000 	C:\Windows\System32\msvcp_win.dll
0x00007ffaecc00000 - 0x00007ffaecc0a000 	C:\Windows\SYSTEM32\VERSION.dll
0x00007ffaf3e90000 - 0x00007ffaf3ec2000 	C:\Windows\System32\IMM32.DLL
0x00007ffaec7a0000 - 0x00007ffaec7ac000 	C:\Program Files\Java\jdk-17.0.4\bin\vcruntime140_1.dll
0x00007ffacd6e0000 - 0x00007ffacd76d000 	C:\Program Files\Java\jdk-17.0.4\bin\msvcp140.dll
0x00007ffac65a0000 - 0x00007ffac7162000 	C:\Program Files\Java\jdk-17.0.4\bin\server\jvm.dll
0x00007ffaf3720000 - 0x00007ffaf3728000 	C:\Windows\System32\PSAPI.DLL
0x00007ffad80e0000 - 0x00007ffad80e9000 	C:\Windows\SYSTEM32\WSOCK32.dll
0x00007ffadadd0000 - 0x00007ffadadf7000 	C:\Windows\SYSTEM32\WINMM.dll
0x00007ffaf3d70000 - 0x00007ffaf3ddb000 	C:\Windows\System32\WS2_32.dll
0x00007ffaf09f0000 - 0x00007ffaf0a02000 	C:\Windows\SYSTEM32\kernel.appcore.dll
0x00007ffae9d30000 - 0x00007ffae9d3a000 	C:\Program Files\Java\jdk-17.0.4\bin\jimage.dll
0x00007ffaeff70000 - 0x00007ffaf0154000 	C:\Windows\SYSTEM32\DBGHELP.DLL
0x00007ffae8930000 - 0x00007ffae8964000 	C:\Windows\SYSTEM32\dbgcore.DLL
0x00007ffaf29f0000 - 0x00007ffaf2a72000 	C:\Windows\System32\bcryptPrimitives.dll
0x00007ffaec6c0000 - 0x00007ffaec6ce000 	C:\Program Files\Java\jdk-17.0.4\bin\instrument.dll
0x00007ffadcb30000 - 0x00007ffadcb55000 	C:\Program Files\Java\jdk-17.0.4\bin\java.dll
0x00007ffaca7a0000 - 0x00007ffaca876000 	C:\Program Files\Java\jdk-17.0.4\bin\jsvml.dll
0x00007ffaf3ed0000 - 0x00007ffaf4615000 	C:\Windows\System32\SHELL32.dll
0x00007ffaf0240000 - 0x00007ffaf09dc000 	C:\Windows\SYSTEM32\windows.storage.dll
0x00007ffaf38f0000 - 0x00007ffaf3c44000 	C:\Windows\System32\combase.dll
0x00007ffaf1b10000 - 0x00007ffaf1b3e000 	C:\Windows\SYSTEM32\Wldp.dll
0x00007ffaf4620000 - 0x00007ffaf46ed000 	C:\Windows\System32\OLEAUT32.dll
0x00007ffaf3de0000 - 0x00007ffaf3e8d000 	C:\Windows\System32\SHCORE.dll
0x00007ffaf46f0000 - 0x00007ffaf4745000 	C:\Windows\System32\shlwapi.dll
0x00007ffaf20e0000 - 0x00007ffaf2105000 	C:\Windows\SYSTEM32\profapi.dll
0x00007ffae4360000 - 0x00007ffae4378000 	C:\Program Files\Java\jdk-17.0.4\bin\zip.dll
0x00007ffae8bd0000 - 0x00007ffae8be9000 	C:\Program Files\Java\jdk-17.0.4\bin\net.dll
0x00007ffae73b0000 - 0x00007ffae74ba000 	C:\Windows\SYSTEM32\WINHTTP.dll
0x00007ffaf1870000 - 0x00007ffaf18da000 	C:\Windows\system32\mswsock.dll
0x00007ffae8b00000 - 0x00007ffae8b16000 	C:\Program Files\Java\jdk-17.0.4\bin\nio.dll
0x00007ffaec090000 - 0x00007ffaec0a0000 	C:\Program Files\Java\jdk-17.0.4\bin\verify.dll
0x00007ffae9290000 - 0x00007ffae92b7000 	C:\Users\keita\.gradle\native\68d5fa5c4cc2d200863cafc0d521ce42e7d3e7ee720ec0a83991735586a16f82\windows-amd64\native-platform.dll
0x00007ffacca20000 - 0x00007ffaccb64000 	C:\Users\keita\.gradle\native\e376f236ea51e6404a007f0833ffe2c6e607c4080706a723a18a27aeea778392\windows-amd64\native-platform-file-events.dll
0x00007ffadff50000 - 0x00007ffadff59000 	C:\Program Files\Java\jdk-17.0.4\bin\management.dll
0x00007ffadcd80000 - 0x00007ffadcd8b000 	C:\Program Files\Java\jdk-17.0.4\bin\management_ext.dll
0x00007ffaf1a70000 - 0x00007ffaf1a88000 	C:\Windows\SYSTEM32\CRYPTSP.dll
0x00007ffaf11a0000 - 0x00007ffaf11d4000 	C:\Windows\system32\rsaenh.dll
0x00007ffaf20a0000 - 0x00007ffaf20ce000 	C:\Windows\SYSTEM32\USERENV.dll
0x00007ffaf1a60000 - 0x00007ffaf1a6c000 	C:\Windows\SYSTEM32\CRYPTBASE.dll
0x00007ffaf1560000 - 0x00007ffaf159b000 	C:\Windows\SYSTEM32\IPHLPAPI.DLL
0x00007ffaf2ef0000 - 0x00007ffaf2ef8000 	C:\Windows\System32\NSI.dll
0x00007ffae89f0000 - 0x00007ffae8a07000 	C:\Windows\SYSTEM32\dhcpcsvc6.DLL
0x00007ffae89d0000 - 0x00007ffae89ed000 	C:\Windows\SYSTEM32\dhcpcsvc.DLL
0x00007ffaf15a0000 - 0x00007ffaf166b000 	C:\Windows\SYSTEM32\DNSAPI.dll
0x00007ffadcd70000 - 0x00007ffadcd7e000 	C:\Program Files\Java\jdk-17.0.4\bin\sunmscapi.dll
0x00007ffaf22d0000 - 0x00007ffaf242d000 	C:\Windows\System32\CRYPT32.dll
0x00007ffaf1b80000 - 0x00007ffaf1ba8000 	C:\Windows\SYSTEM32\ncrypt.dll
0x00007ffaf1b40000 - 0x00007ffaf1b7b000 	C:\Windows\SYSTEM32\NTASN1.dll
0x00007ffadcc80000 - 0x00007ffadcc87000 	C:\Windows\system32\wshunix.dll
0x00007ffadc990000 - 0x00007ffadc9a7000 	C:\Windows\system32\napinsp.dll
0x00007ffadc970000 - 0x00007ffadc98b000 	C:\Windows\system32\pnrpnsp.dll
0x00007ffaecfb0000 - 0x00007ffaecfc5000 	C:\Windows\system32\wshbth.dll
0x00007ffae9a70000 - 0x00007ffae9a8d000 	C:\Windows\system32\NLAapi.dll
0x00007ffad89f0000 - 0x00007ffad8a02000 	C:\Windows\System32\winrnr.dll
0x000000005fee0000 - 0x000000005ff06000 	C:\Program Files\Bonjour\mdnsNSP.dll
0x00007ffae8a10000 - 0x00007ffae8a1a000 	C:\Windows\System32\rasadhlp.dll
0x00007ffae57c0000 - 0x00007ffae5840000 	C:\Windows\System32\fwpuclnt.dll

dbghelp: loaded successfully - version: 4.0.5 - missing functions: none
symbol engine: initialized successfully - sym options: 0x614 - pdb path: .;C:\Program Files\Java\jdk-17.0.4\bin;C:\Windows\SYSTEM32;C:\Windows\WinSxS\amd64_microsoft.windows.common-controls_6595b64144ccf1df_6.0.19041.3636_none_60b6a03d71f818d5;C:\Program Files\Java\jdk-17.0.4\bin\server;C:\Users\keita\.gradle\native\68d5fa5c4cc2d200863cafc0d521ce42e7d3e7ee720ec0a83991735586a16f82\windows-amd64;C:\Users\keita\.gradle\native\e376f236ea51e6404a007f0833ffe2c6e607c4080706a723a18a27aeea778392\windows-amd64;C:\Program Files\Bonjour

VM Arguments:
jvm_args: -XX:MaxMetaspaceSize=512m --add-opens=java.base/java.util=ALL-UNNAMED --add-opens=java.base/java.lang=ALL-UNNAMED --add-opens=java.base/java.lang.invoke=ALL-UNNAMED --add-opens=java.prefs/java.util.prefs=ALL-UNNAMED --add-opens=java.base/java.nio.charset=ALL-UNNAMED --add-opens=java.base/java.net=ALL-UNNAMED --add-opens=java.base/java.util.concurrent.atomic=ALL-UNNAMED -Xmx2048m -Dfile.encoding=windows-1252 -Duser.country=ML -Duser.language=fr -Duser.variant -javaagent:C:\Users\keita\.gradle\wrapper\dists\gradle-8.3-all\6en3ugtfdg5xnpx44z4qbwgas\gradle-8.3\lib\agents\gradle-instrumentation-agent-8.3.jar 
java_command: org.gradle.launcher.daemon.bootstrap.GradleDaemon 8.3
java_class_path (initial): C:\Users\keita\.gradle\wrapper\dists\gradle-8.3-all\6en3ugtfdg5xnpx44z4qbwgas\gradle-8.3\lib\gradle-launcher-8.3.jar
Launcher Type: SUN_STANDARD

[Global flags]
     intx CICompilerCount                          = 4                                         {product} {ergonomic}
   size_t CompressedClassSpaceSize                 = 432013312                                 {product} {ergonomic}
     uint ConcGCThreads                            = 2                                         {product} {ergonomic}
     uint G1ConcRefinementThreads                  = 8                                         {product} {ergonomic}
   size_t G1HeapRegionSize                         = 1048576                                   {product} {ergonomic}
    uintx GCDrainStackTargetSize                   = 64                                        {product} {ergonomic}
   size_t InitialHeapSize                          = 134217728                                 {product} {ergonomic}
   size_t MarkStackSize                            = 4194304                                   {product} {ergonomic}
   size_t MaxHeapSize                              = 2147483648                                {product} {command line}
   size_t MaxMetaspaceSize                         = 536870912                                 {product} {command line}
   size_t MaxNewSize                               = 1287651328                                {product} {ergonomic}
   size_t MinHeapDeltaBytes                        = 1048576                                   {product} {ergonomic}
   size_t MinHeapSize                              = 8388608                                   {product} {ergonomic}
    uintx NonNMethodCodeHeapSize                   = 5839372                                {pd product} {ergonomic}
    uintx NonProfiledCodeHeapSize                  = 122909434                              {pd product} {ergonomic}
    uintx ProfiledCodeHeapSize                     = 122909434                              {pd product} {ergonomic}
    uintx ReservedCodeCacheSize                    = 251658240                              {pd product} {ergonomic}
     bool SegmentedCodeCache                       = true                                      {product} {ergonomic}
   size_t SoftMaxHeapSize                          = 2147483648                             {manageable} {ergonomic}
     bool UseCompressedClassPointers               = true                           {product lp64_product} {ergonomic}
     bool UseCompressedOops                        = true                           {product lp64_product} {ergonomic}
     bool UseG1GC                                  = true                                      {product} {ergonomic}
     bool UseLargePagesIndividualAllocation        = false                                  {pd product} {ergonomic}

Logging:
Log output configuration:
 #0: stdout all=warning uptime,level,tags
 #1: stderr all=off uptime,level,tags

Environment Variables:
CLASSPATH=D:\keita\project\cours\react-native\Instagram\android\\gradle\wrapper\gradle-wrapper.jar
PATH=D:\keita\project\cours\react-native\Instagram\node_modules\.bin;D:\keita\project\cours\react-native\node_modules\.bin;D:\keita\project\cours\node_modules\.bin;D:\keita\project\node_modules\.bin;D:\keita\node_modules\.bin;D:\node_modules\.bin;C:\Program Files\nodejs\node_modules\npm\node_modules\@npmcli\run-script\lib\node-gyp-bin;C:\Program Files (x86)\VMware\VMware Workstation\bin\;C:\Program Files\Common Files\Oracle\Java\javapath;C:\Python311\Scripts\;C:\Python311\;C:\Windows\system32;C:\Windows;C:\Windows\System32\Wbem;C:\Windows\System32\WindowsPowerShell\v1.0\;C:\Windows\System32\OpenSSH\;C:\Program Files\nodejs\;C:\ProgramData\chocolatey\bin;C:\Program Files\Intel\WiFi\bin\;C:\Program Files\Common Files\Intel\WirelessCommon\;C:\Program Files\Git\cmd;C:\Users\keita\AppData\Local\Microsoft\WindowsApps;C:\Users\keita\AppData\Local\Programs\Microsoft VS Code\bin;C:\Users\keita\AppData\Roaming\npm;C:\Users\keita\AppData\Local\Google\Cloud SDK\google-cloud-sdk\bin;D:\programes\maven\bin;D:\programes\flutter\bin;C:\Program Files\Java\jdk-17.0.4\bin;C:\Users\keita\AppData\Local\Android\Sdk\platform-tools;C:\Python311;
USERNAME=keita
LANG=en_US.UTF-8
OS=Windows_NT
PROCESSOR_IDENTIFIER=Intel64 Family 6 Model 142 Stepping 10, GenuineIntel



---------------  S Y S T E M  ---------------

OS:
 Windows 10 , 64 bit Build 19041 (10.0.19041.3636)
OS uptime: 1 days 4:12 hours

CPU: total 8 (initial active 8) (4 cores per cpu, 2 threads per core) family 6 model 142 stepping 10 microcode 0xf0, cx8, cmov, fxsr, ht, mmx, 3dnowpref, sse, sse2, sse3, ssse3, sse4.1, sse4.2, popcnt, lzcnt, tsc, tscinvbit, avx, avx2, aes, erms, clmul, bmi1, bmi2, adx, fma, vzeroupper, clflush, clflushopt

Memory: 4k page, system-wide physical 8086M (1943M free)
TotalPageFile size 10134M (AvailPageFile size 0M)
current process WorkingSet (physical memory assigned to process): 287M, peak: 571M
current process commit charge ("private bytes"): 590M, peak: 617M

vm_info: Java HotSpot(TM) 64-Bit Server VM (17.0.4+11-LTS-179) for windows-amd64 JRE (17.0.4+11-LTS-179), built on Jun 28 2022 08:23:05 by "mach5one" with MS VC++ 16.8 / 16.9 (VS2019)

END.
