#
# There is insufficient memory for the Java Runtime Environment to continue.
# Native memory allocation (malloc) failed to allocate 783744 bytes for Chunk::new
# Possible reasons:
#   The system is out of physical RAM or swap space
#   The process is running with CompressedOops enabled, and the Java Heap may be blocking the growth of the native heap
# Possible solutions:
#   Reduce memory load on the system
#   Increase physical memory or swap space
#   Check if swap backing store is full
#   Decrease Java heap size (-Xmx/-Xms)
#   Decrease number of Java threads
#   Decrease Java thread stack sizes (-Xss)
#   Set larger code cache with -XX:ReservedCodeCacheSize=
#   JVM is running with Unscaled Compressed Oops mode in which the Java heap is
#     placed in the first 4GB address space. The Java Heap base address is the
#     maximum limit for the native heap growth. Please use -XX:HeapBaseMinAddress
#     to set the Java Heap base and to place the Java Heap above 4GB virtual address.
# This output file may be truncated or incomplete.
#
#  Out of Memory Error (arena.cpp:189), pid=10072, tid=12268
#
# JRE version: Java(TM) SE Runtime Environment (17.0.4+11) (build 17.0.4+11-LTS-179)
# Java VM: Java HotSpot(TM) 64-Bit Server VM (17.0.4+11-LTS-179, mixed mode, sharing, tiered, compressed oops, compressed class ptrs, g1 gc, windows-amd64)
# No core dump will be written. Minidumps are not enabled by default on client versions of Windows
#

---------------  S U M M A R Y ------------

Command Line: -XX:MaxMetaspaceSize=512m --add-opens=java.base/java.util=ALL-UNNAMED --add-opens=java.base/java.lang=ALL-UNNAMED --add-opens=java.base/java.lang.invoke=ALL-UNNAMED --add-opens=java.prefs/java.util.prefs=ALL-UNNAMED --add-opens=java.base/java.nio.charset=ALL-UNNAMED --add-opens=java.base/java.net=ALL-UNNAMED --add-opens=java.base/java.util.concurrent.atomic=ALL-UNNAMED -Xmx2048m -Dfile.encoding=windows-1252 -Duser.country=ML -Duser.language=fr -Duser.variant -javaagent:C:\Users\keita\.gradle\wrapper\dists\gradle-8.3-all\6en3ugtfdg5xnpx44z4qbwgas\gradle-8.3\lib\agents\gradle-instrumentation-agent-8.3.jar org.gradle.launcher.daemon.bootstrap.GradleDaemon 8.3

Host: Intel(R) Core(TM) i5-8250U CPU @ 1.60GHz, 8 cores, 7G,  Windows 10 , 64 bit Build 19041 (10.0.19041.3636)
Time: Thu Feb  1 13:29:44 2024 Les Açores elapsed time: 16.293819 seconds (0d 0h 0m 16s)

---------------  T H R E A D  ---------------

Current thread (0x000001e3be628da0):  JavaThread "C2 CompilerThread0" daemon [_thread_in_native, id=12268, stack(0x000000b08d000000,0x000000b08d100000)]


Current CompileTask:
C2:  16293 3709   !   4       jdk.internal.loader.URLClassPath$JarLoader::getResource (354 bytes)

Stack: [0x000000b08d000000,0x000000b08d100000]
Native frames: (J=compiled Java code, j=interpreted, Vv=VM code, C=native code)
V  [jvm.dll+0x6723da]
V  [jvm.dll+0x7d1f74]
V  [jvm.dll+0x7d371e]
V  [jvm.dll+0x7d3d83]
V  [jvm.dll+0x242ed5]
V  [jvm.dll+0xaa57b]
V  [jvm.dll+0xaab0c]
V  [jvm.dll+0x360447]
V  [jvm.dll+0x32a7e1]
V  [jvm.dll+0x329c8a]
V  [jvm.dll+0x215ff1]
V  [jvm.dll+0x215411]
V  [jvm.dll+0x1a1fcd]
V  [jvm.dll+0x224c78]
V  [jvm.dll+0x222de5]
V  [jvm.dll+0x787a5b]
V  [jvm.dll+0x78201a]
V  [jvm.dll+0x671265]
C  [ucrtbase.dll+0x21bb2]
C  [KERNEL32.DLL+0x17344]
C  [ntdll.dll+0x526b1]


---------------  P R O C E S S  ---------------

Threads class SMR info:
_java_thread_list=0x000001e3c3058000, length=37, elements={
0x000001e3a045e0b0, 0x000001e3be612680, 0x000001e3be613ba0, 0x000001e3be624870,
0x000001e3be625330, 0x000001e3be62a4e0, 0x000001e3be628100, 0x000001e3be628da0,
0x000001e3be629750, 0x000001e3be640ac0, 0x000001e3bf093850, 0x000001e3bf1513c0,
0x000001e3c052f3a0, 0x000001e3c0b48b60, 0x000001e3c0b514e0, 0x000001e3c0567670,
0x000001e3bfb212e0, 0x000001e3bfa4cdf0, 0x000001e3bfa4d2c0, 0x000001e3c070b860,
0x000001e3c070c200, 0x000001e3c070cba0, 0x000001e3c070bd30, 0x000001e3c070c6d0,
0x000001e3c070b390, 0x000001e3c2ce0870, 0x000001e3c2ce1bb0, 0x000001e3c2ce16e0,
0x000001e3c2ce2080, 0x000001e3c2ce5a40, 0x000001e3c2ce2a20, 0x000001e3c2ce68b0,
0x000001e3c2ce2ef0, 0x000001e3c2ce33c0, 0x000001e3c2ce3890, 0x000001e3c2ce1210,
0x000001e3c2ce4700
}

Java Threads: ( => current thread )
  0x000001e3a045e0b0 JavaThread "main" [_thread_blocked, id=8496, stack(0x000000b08c300000,0x000000b08c400000)]
  0x000001e3be612680 JavaThread "Reference Handler" daemon [_thread_blocked, id=11288, stack(0x000000b08ca00000,0x000000b08cb00000)]
  0x000001e3be613ba0 JavaThread "Finalizer" daemon [_thread_blocked, id=2272, stack(0x000000b08cb00000,0x000000b08cc00000)]
  0x000001e3be624870 JavaThread "Signal Dispatcher" daemon [_thread_blocked, id=1500, stack(0x000000b08cc00000,0x000000b08cd00000)]
  0x000001e3be625330 JavaThread "Attach Listener" daemon [_thread_blocked, id=1904, stack(0x000000b08cd00000,0x000000b08ce00000)]
  0x000001e3be62a4e0 JavaThread "Service Thread" daemon [_thread_blocked, id=6384, stack(0x000000b08ce00000,0x000000b08cf00000)]
  0x000001e3be628100 JavaThread "Monitor Deflation Thread" daemon [_thread_blocked, id=7932, stack(0x000000b08cf00000,0x000000b08d000000)]
=>0x000001e3be628da0 JavaThread "C2 CompilerThread0" daemon [_thread_in_native, id=12268, stack(0x000000b08d000000,0x000000b08d100000)]
  0x000001e3be629750 JavaThread "C1 CompilerThread0" daemon [_thread_blocked, id=6884, stack(0x000000b08d100000,0x000000b08d200000)]
  0x000001e3be640ac0 JavaThread "Sweeper thread" daemon [_thread_blocked, id=5852, stack(0x000000b08d200000,0x000000b08d300000)]
  0x000001e3bf093850 JavaThread "Common-Cleaner" daemon [_thread_blocked, id=4256, stack(0x000000b08d300000,0x000000b08d400000)]
  0x000001e3bf1513c0 JavaThread "Notification Thread" daemon [_thread_blocked, id=10032, stack(0x000000b08d400000,0x000000b08d500000)]
  0x000001e3c052f3a0 JavaThread "Daemon health stats" [_thread_blocked, id=6324, stack(0x000000b08da00000,0x000000b08db00000)]
  0x000001e3c0b48b60 JavaThread "Incoming local TCP Connector on port 50324" [_thread_in_native, id=5796, stack(0x000000b08db00000,0x000000b08dc00000)]
  0x000001e3c0b514e0 JavaThread "Daemon periodic checks" [_thread_blocked, id=8476, stack(0x000000b08dc00000,0x000000b08dd00000)]
  0x000001e3c0567670 JavaThread "Daemon" [_thread_blocked, id=1448, stack(0x000000b08dd00000,0x000000b08de00000)]
  0x000001e3bfb212e0 JavaThread "Handler for socket connection from /127.0.0.1:50324 to /127.0.0.1:50325" [_thread_in_native, id=12096, stack(0x000000b08de00000,0x000000b08df00000)]
  0x000001e3bfa4cdf0 JavaThread "Cancel handler" [_thread_blocked, id=4312, stack(0x000000b08df00000,0x000000b08e000000)]
  0x000001e3bfa4d2c0 JavaThread "Daemon worker" [_thread_in_native, id=2480, stack(0x000000b08e000000,0x000000b08e100000)]
  0x000001e3c070b860 JavaThread "Asynchronous log dispatcher for DefaultDaemonConnection: socket connection from /127.0.0.1:50324 to /127.0.0.1:50325" [_thread_blocked, id=1220, stack(0x000000b08e100000,0x000000b08e200000)]
  0x000001e3c070c200 JavaThread "Stdin handler" [_thread_blocked, id=10396, stack(0x000000b08e200000,0x000000b08e300000)]
  0x000001e3c070cba0 JavaThread "Daemon client event forwarder" [_thread_blocked, id=10560, stack(0x000000b08e300000,0x000000b08e400000)]
  0x000001e3c070bd30 JavaThread "Cache worker for journal cache (C:\Users\keita\.gradle\caches\journal-1)" [_thread_blocked, id=1592, stack(0x000000b08e400000,0x000000b08e500000)]
  0x000001e3c070c6d0 JavaThread "File lock request listener" [_thread_in_native, id=496, stack(0x000000b08e500000,0x000000b08e600000)]
  0x000001e3c070b390 JavaThread "Cache worker for file hash cache (C:\Users\keita\.gradle\caches\8.3\fileHashes)" [_thread_blocked, id=11800, stack(0x000000b08e600000,0x000000b08e700000)]
  0x000001e3c2ce0870 JavaThread "File watcher server" daemon [_thread_in_native, id=6328, stack(0x000000b08ea00000,0x000000b08eb00000)]
  0x000001e3c2ce1bb0 JavaThread "File watcher consumer" daemon [_thread_blocked, id=5400, stack(0x000000b08eb00000,0x000000b08ec00000)]
  0x000001e3c2ce16e0 JavaThread "Cache worker for checksums cache (D:\keita\project\cours\react-native\Instagram\android\.gradle\8.3\checksums)" [_thread_blocked, id=8832, stack(0x000000b08ec00000,0x000000b08ed00000)]
  0x000001e3c2ce2080 JavaThread "Cache worker for file hash cache (D:\keita\project\cours\react-native\Instagram\android\.gradle\8.3\fileHashes)" [_thread_blocked, id=9048, stack(0x000000b08ed00000,0x000000b08ee00000)]
  0x000001e3c2ce5a40 JavaThread "Cache worker for cache directory md-supplier (C:\Users\keita\.gradle\caches\8.3\md-supplier)" [_thread_blocked, id=5296, stack(0x000000b08ee00000,0x000000b08ef00000)]
  0x000001e3c2ce2a20 JavaThread "Cache worker for file content cache (C:\Users\keita\.gradle\caches\8.3\fileContent)" [_thread_blocked, id=11136, stack(0x000000b08ef00000,0x000000b08f000000)]
  0x000001e3c2ce68b0 JavaThread "Cache worker for cache directory md-rule (C:\Users\keita\.gradle\caches\8.3\md-rule)" [_thread_blocked, id=11188, stack(0x000000b08f100000,0x000000b08f200000)]
  0x000001e3c2ce2ef0 JavaThread "Cache worker for execution history cache (C:\Users\keita\.gradle\caches\8.3\executionHistory)" [_thread_blocked, id=2004, stack(0x000000b08f200000,0x000000b08f300000)]
  0x000001e3c2ce33c0 JavaThread "jar transforms" [_thread_blocked, id=10104, stack(0x000000b08f300000,0x000000b08f400000)]
  0x000001e3c2ce3890 JavaThread "jar transforms Thread 2" [_thread_blocked, id=2552, stack(0x000000b08f400000,0x000000b08f500000)]
  0x000001e3c2ce1210 JavaThread "jar transforms Thread 3" [_thread_blocked, id=7592, stack(0x000000b08f500000,0x000000b08f600000)]
  0x000001e3c2ce4700 JavaThread "jar transforms Thread 4" [_thread_blocked, id=6492, stack(0x000000b08f600000,0x000000b08f700000)]

Other Threads:
  0x000001e3be60b3c0 VMThread "VM Thread" [stack: 0x000000b08c900000,0x000000b08ca00000] [id=11524]
  0x000001e3a045ff80 WatcherThread [stack: 0x000000b08d500000,0x000000b08d600000] [id=10896]
  0x000001e3a04b9bf0 GCTaskThread "GC Thread#0" [stack: 0x000000b08c400000,0x000000b08c500000] [id=2208]
  0x000001e3bfa9de80 GCTaskThread "GC Thread#1" [stack: 0x000000b08d600000,0x000000b08d700000] [id=4944]
  0x000001e3bfa9e130 GCTaskThread "GC Thread#2" [stack: 0x000000b08d700000,0x000000b08d800000] [id=6220]
  0x000001e3bf84b290 GCTaskThread "GC Thread#3" [stack: 0x000000b08d800000,0x000000b08d900000] [id=3260]
  0x000001e3bfa75510 GCTaskThread "GC Thread#4" [stack: 0x000000b08d900000,0x000000b08da00000] [id=10048]
  0x000001e3c0510cd0 GCTaskThread "GC Thread#5" [stack: 0x000000b08e700000,0x000000b08e800000] [id=3668]
  0x000001e3bfe652d0 GCTaskThread "GC Thread#6" [stack: 0x000000b08e800000,0x000000b08e900000] [id=9324]
  0x000001e3bfe65580 GCTaskThread "GC Thread#7" [stack: 0x000000b08e900000,0x000000b08ea00000] [id=5432]
  0x000001e3a04caa40 ConcurrentGCThread "G1 Main Marker" [stack: 0x000000b08c500000,0x000000b08c600000] [id=8656]
  0x000001e3a04cbb00 ConcurrentGCThread "G1 Conc#0" [stack: 0x000000b08c600000,0x000000b08c700000] [id=9128]
  0x000001e3bff2eaf0 ConcurrentGCThread "G1 Conc#1" [stack: 0x000000b08f000000,0x000000b08f100000] [id=7972]
  0x000001e3a052daa0 ConcurrentGCThread "G1 Refine#0" [stack: 0x000000b08c700000,0x000000b08c800000] [id=11776]
  0x000001e3a052e3d0 ConcurrentGCThread "G1 Service" [stack: 0x000000b08c800000,0x000000b08c900000] [id=6336]

Threads with active compile tasks:
C2 CompilerThread0    16377 3709   !   4       jdk.internal.loader.URLClassPath$JarLoader::getResource (354 bytes)

VM state: not at safepoint (normal execution)

VM Mutex/Monitor currently owned by a thread: None

Heap address: 0x0000000080000000, size: 2048 MB, Compressed Oops mode: 32-bit

CDS archive(s) mapped at: [0x0000000800000000-0x0000000800bc0000-0x0000000800bc0000), size 12320768, SharedBaseAddress: 0x0000000800000000, ArchiveRelocationMode: 0.
Compressed class space mapped at: 0x0000000800c00000-0x000000081a800000, reserved size: 432013312
Narrow klass base: 0x0000000800000000, Narrow klass shift: 0, Narrow klass range: 0x100000000

GC Precious Log:
 CPUs: 8 total, 8 available
 Memory: 8086M
 Large Page Support: Disabled
 NUMA Support: Disabled
 Compressed Oops: Enabled (32-bit)
 Heap Region Size: 1M
 Heap Min Capacity: 8M
 Heap Initial Capacity: 128M
 Heap Max Capacity: 2G
 Pre-touch: Disabled
 Parallel Workers: 8
 Concurrent Workers: 2
 Concurrent Refinement Workers: 8
 Periodic GC: Disabled

Heap:
 garbage-first heap   total 81920K, used 50901K [0x0000000080000000, 0x0000000100000000)
  region size 1024K, 24 young (24576K), 3 survivors (3072K)
 Metaspace       used 33030K, committed 33408K, reserved 454656K
  class space    used 4558K, committed 4736K, reserved 421888K

Heap Regions: E=young(eden), S=young(survivor), O=old, HS=humongous(starts), HC=humongous(continues), CS=collection set, F=free, OA=open archive, CA=closed archive, TAMS=top-at-mark-start (previous, next)
|   0|0x0000000080000000, 0x0000000080100000, 0x0000000080100000|100%|HS|  |TAMS 0x0000000080100000, 0x0000000080000000| Complete 
|   1|0x0000000080100000, 0x0000000080200000, 0x0000000080200000|100%|HC|  |TAMS 0x0000000080200000, 0x0000000080100000| Complete 
|   2|0x0000000080200000, 0x0000000080300000, 0x0000000080300000|100%|HC|  |TAMS 0x0000000080300000, 0x0000000080200000| Complete 
|   3|0x0000000080300000, 0x0000000080400000, 0x0000000080400000|100%|HC|  |TAMS 0x0000000080400000, 0x0000000080300000| Complete 
|   4|0x0000000080400000, 0x0000000080500000, 0x0000000080500000|100%| O|  |TAMS 0x0000000080500000, 0x0000000080400000| Untracked 
|   5|0x0000000080500000, 0x0000000080600000, 0x0000000080600000|100%| O|  |TAMS 0x0000000080600000, 0x0000000080500000| Untracked 
|   6|0x0000000080600000, 0x0000000080700000, 0x0000000080700000|100%| O|  |TAMS 0x0000000080700000, 0x0000000080600000| Untracked 
|   7|0x0000000080700000, 0x0000000080800000, 0x0000000080800000|100%| O|  |TAMS 0x0000000080800000, 0x0000000080700000| Untracked 
|   8|0x0000000080800000, 0x0000000080900000, 0x0000000080900000|100%| O|  |TAMS 0x0000000080900000, 0x0000000080800000| Untracked 
|   9|0x0000000080900000, 0x0000000080a00000, 0x0000000080a00000|100%| O|  |TAMS 0x0000000080a00000, 0x0000000080900000| Untracked 
|  10|0x0000000080a00000, 0x0000000080b00000, 0x0000000080b00000|100%| O|  |TAMS 0x0000000080a56c00, 0x0000000080a00000| Untracked 
|  11|0x0000000080b00000, 0x0000000080c00000, 0x0000000080c00000|100%| O|  |TAMS 0x0000000080b00000, 0x0000000080b00000| Untracked 
|  12|0x0000000080c00000, 0x0000000080d00000, 0x0000000080d00000|100%| O|  |TAMS 0x0000000080c00000, 0x0000000080c00000| Untracked 
|  13|0x0000000080d00000, 0x0000000080e00000, 0x0000000080e00000|100%| O|  |TAMS 0x0000000080d00000, 0x0000000080d00000| Untracked 
|  14|0x0000000080e00000, 0x0000000080f00000, 0x0000000080f00000|100%| O|  |TAMS 0x0000000080e00000, 0x0000000080e00000| Untracked 
|  15|0x0000000080f00000, 0x0000000081000000, 0x0000000081000000|100%| O|  |TAMS 0x0000000080f00000, 0x0000000080f00000| Untracked 
|  16|0x0000000081000000, 0x0000000081100000, 0x0000000081100000|100%| O|  |TAMS 0x0000000081000000, 0x0000000081000000| Untracked 
|  17|0x0000000081100000, 0x0000000081200000, 0x0000000081200000|100%| O|  |TAMS 0x0000000081100000, 0x0000000081100000| Untracked 
|  18|0x0000000081200000, 0x0000000081300000, 0x0000000081300000|100%| O|  |TAMS 0x0000000081200000, 0x0000000081200000| Untracked 
|  19|0x0000000081300000, 0x0000000081371800, 0x0000000081400000| 44%| O|  |TAMS 0x0000000081300000, 0x0000000081300000| Untracked 
|  20|0x0000000081400000, 0x0000000081500000, 0x0000000081500000|100%| O|  |TAMS 0x0000000081400000, 0x0000000081400000| Untracked 
|  21|0x0000000081500000, 0x0000000081600000, 0x0000000081600000|100%| O|  |TAMS 0x0000000081500000, 0x0000000081500000| Untracked 
|  22|0x0000000081600000, 0x0000000081600000, 0x0000000081700000|  0%| F|  |TAMS 0x0000000081600000, 0x0000000081600000| Untracked 
|  23|0x0000000081700000, 0x0000000081700000, 0x0000000081800000|  0%| F|  |TAMS 0x0000000081700000, 0x0000000081700000| Untracked 
|  24|0x0000000081800000, 0x0000000081800000, 0x0000000081900000|  0%| F|  |TAMS 0x0000000081800000, 0x0000000081800000| Untracked 
|  25|0x0000000081900000, 0x0000000081a00000, 0x0000000081a00000|100%| O|  |TAMS 0x0000000081900000, 0x0000000081900000| Untracked 
|  26|0x0000000081a00000, 0x0000000081a00000, 0x0000000081b00000|  0%| F|  |TAMS 0x0000000081a00000, 0x0000000081a00000| Untracked 
|  27|0x0000000081b00000, 0x0000000081b00000, 0x0000000081c00000|  0%| F|  |TAMS 0x0000000081b00000, 0x0000000081b00000| Untracked 
|  28|0x0000000081c00000, 0x0000000081c00000, 0x0000000081d00000|  0%| F|  |TAMS 0x0000000081c00000, 0x0000000081c00000| Untracked 
|  29|0x0000000081d00000, 0x0000000081d00000, 0x0000000081e00000|  0%| F|  |TAMS 0x0000000081d00000, 0x0000000081d00000| Untracked 
|  30|0x0000000081e00000, 0x0000000081e00000, 0x0000000081f00000|  0%| F|  |TAMS 0x0000000081e00000, 0x0000000081e00000| Untracked 
|  31|0x0000000081f00000, 0x0000000081f00000, 0x0000000082000000|  0%| F|  |TAMS 0x0000000081f00000, 0x0000000081f00000| Untracked 
|  32|0x0000000082000000, 0x0000000082000000, 0x0000000082100000|  0%| F|  |TAMS 0x0000000082000000, 0x0000000082000000| Untracked 
|  33|0x0000000082100000, 0x0000000082100000, 0x0000000082200000|  0%| F|  |TAMS 0x0000000082100000, 0x0000000082100000| Untracked 
|  34|0x0000000082200000, 0x0000000082300000, 0x0000000082300000|100%| O|  |TAMS 0x0000000082200000, 0x0000000082200000| Untracked 
|  35|0x0000000082300000, 0x0000000082400000, 0x0000000082400000|100%| O|  |TAMS 0x0000000082300000, 0x0000000082300000| Untracked 
|  36|0x0000000082400000, 0x0000000082500000, 0x0000000082500000|100%| O|  |TAMS 0x0000000082400000, 0x0000000082400000| Untracked 
|  37|0x0000000082500000, 0x0000000082600000, 0x0000000082600000|100%| O|  |TAMS 0x0000000082500000, 0x0000000082500000| Untracked 
|  38|0x0000000082600000, 0x0000000082643c00, 0x0000000082700000| 26%| O|  |TAMS 0x0000000082600000, 0x0000000082600000| Untracked 
|  39|0x0000000082700000, 0x0000000082700000, 0x0000000082800000|  0%| F|  |TAMS 0x0000000082700000, 0x0000000082700000| Untracked 
|  40|0x0000000082800000, 0x0000000082800000, 0x0000000082900000|  0%| F|  |TAMS 0x0000000082800000, 0x0000000082800000| Untracked 
|  41|0x0000000082900000, 0x0000000082900000, 0x0000000082a00000|  0%| F|  |TAMS 0x0000000082900000, 0x0000000082900000| Untracked 
|  42|0x0000000082a00000, 0x0000000082a00000, 0x0000000082b00000|  0%| F|  |TAMS 0x0000000082a00000, 0x0000000082a00000| Untracked 
|  43|0x0000000082b00000, 0x0000000082b00000, 0x0000000082c00000|  0%| F|  |TAMS 0x0000000082b00000, 0x0000000082b00000| Untracked 
|  44|0x0000000082c00000, 0x0000000082c00000, 0x0000000082d00000|  0%| F|  |TAMS 0x0000000082c00000, 0x0000000082c00000| Untracked 
|  45|0x0000000082d00000, 0x0000000082e00000, 0x0000000082e00000|100%| S|CS|TAMS 0x0000000082d00000, 0x0000000082d00000| Complete 
|  46|0x0000000082e00000, 0x0000000082f00000, 0x0000000082f00000|100%| S|CS|TAMS 0x0000000082e00000, 0x0000000082e00000| Complete 
|  47|0x0000000082f00000, 0x0000000083000000, 0x0000000083000000|100%| S|CS|TAMS 0x0000000082f00000, 0x0000000082f00000| Complete 
|  48|0x0000000083000000, 0x0000000083000000, 0x0000000083100000|  0%| F|  |TAMS 0x0000000083000000, 0x0000000083000000| Untracked 
|  49|0x0000000083100000, 0x0000000083100000, 0x0000000083200000|  0%| F|  |TAMS 0x0000000083100000, 0x0000000083100000| Untracked 
|  50|0x0000000083200000, 0x0000000083200000, 0x0000000083300000|  0%| F|  |TAMS 0x0000000083200000, 0x0000000083200000| Untracked 
|  51|0x0000000083300000, 0x0000000083300000, 0x0000000083400000|  0%| F|  |TAMS 0x0000000083300000, 0x0000000083300000| Untracked 
|  52|0x0000000083400000, 0x0000000083400000, 0x0000000083500000|  0%| F|  |TAMS 0x0000000083400000, 0x0000000083400000| Untracked 
|  53|0x0000000083500000, 0x0000000083500000, 0x0000000083600000|  0%| F|  |TAMS 0x0000000083500000, 0x0000000083500000| Untracked 
|  54|0x0000000083600000, 0x0000000083600000, 0x0000000083700000|  0%| F|  |TAMS 0x0000000083600000, 0x0000000083600000| Untracked 
|  55|0x0000000083700000, 0x0000000083700000, 0x0000000083800000|  0%| F|  |TAMS 0x0000000083700000, 0x0000000083700000| Untracked 
|  56|0x0000000083800000, 0x0000000083800000, 0x0000000083900000|  0%| F|  |TAMS 0x0000000083800000, 0x0000000083800000| Untracked 
|  57|0x0000000083900000, 0x0000000083900000, 0x0000000083a00000|  0%| F|  |TAMS 0x0000000083900000, 0x0000000083900000| Untracked 
|  58|0x0000000083a00000, 0x0000000083a00000, 0x0000000083b00000|  0%| F|  |TAMS 0x0000000083a00000, 0x0000000083a00000| Untracked 
|  59|0x0000000083b00000, 0x0000000083b9a2e0, 0x0000000083c00000| 60%| E|  |TAMS 0x0000000083b00000, 0x0000000083b00000| Complete 
|  60|0x0000000083c00000, 0x0000000083d00000, 0x0000000083d00000|100%| E|CS|TAMS 0x0000000083c00000, 0x0000000083c00000| Complete 
|  61|0x0000000083d00000, 0x0000000083e00000, 0x0000000083e00000|100%| E|CS|TAMS 0x0000000083d00000, 0x0000000083d00000| Complete 
|  62|0x0000000083e00000, 0x0000000083f00000, 0x0000000083f00000|100%| E|CS|TAMS 0x0000000083e00000, 0x0000000083e00000| Complete 
|  63|0x0000000083f00000, 0x0000000084000000, 0x0000000084000000|100%| E|CS|TAMS 0x0000000083f00000, 0x0000000083f00000| Complete 
|  64|0x0000000084000000, 0x0000000084100000, 0x0000000084100000|100%| E|CS|TAMS 0x0000000084000000, 0x0000000084000000| Complete 
|  65|0x0000000084100000, 0x0000000084200000, 0x0000000084200000|100%| E|CS|TAMS 0x0000000084100000, 0x0000000084100000| Complete 
|  66|0x0000000084200000, 0x0000000084300000, 0x0000000084300000|100%| E|CS|TAMS 0x0000000084200000, 0x0000000084200000| Complete 
|  67|0x0000000084300000, 0x0000000084400000, 0x0000000084400000|100%| E|CS|TAMS 0x0000000084300000, 0x0000000084300000| Complete 
|  68|0x0000000084400000, 0x0000000084500000, 0x0000000084500000|100%| E|CS|TAMS 0x0000000084400000, 0x0000000084400000| Complete 
|  69|0x0000000084500000, 0x0000000084600000, 0x0000000084600000|100%| E|CS|TAMS 0x0000000084500000, 0x0000000084500000| Complete 
|  70|0x0000000084600000, 0x0000000084700000, 0x0000000084700000|100%| E|CS|TAMS 0x0000000084600000, 0x0000000084600000| Complete 
|  71|0x0000000084700000, 0x0000000084800000, 0x0000000084800000|100%| E|CS|TAMS 0x0000000084700000, 0x0000000084700000| Complete 
|  72|0x0000000084800000, 0x0000000084900000, 0x0000000084900000|100%| E|CS|TAMS 0x0000000084800000, 0x0000000084800000| Complete 
|  73|0x0000000084900000, 0x0000000084a00000, 0x0000000084a00000|100%| E|CS|TAMS 0x0000000084900000, 0x0000000084900000| Complete 
|  74|0x0000000084a00000, 0x0000000084b00000, 0x0000000084b00000|100%| E|CS|TAMS 0x0000000084a00000, 0x0000000084a00000| Complete 
|  75|0x0000000084b00000, 0x0000000084c00000, 0x0000000084c00000|100%| E|CS|TAMS 0x0000000084b00000, 0x0000000084b00000| Complete 
|  85|0x0000000085500000, 0x0000000085600000, 0x0000000085600000|100%| E|CS|TAMS 0x0000000085500000, 0x0000000085500000| Complete 
|  86|0x0000000085600000, 0x0000000085700000, 0x0000000085700000|100%| E|CS|TAMS 0x0000000085600000, 0x0000000085600000| Complete 
|  87|0x0000000085700000, 0x0000000085800000, 0x0000000085800000|100%| E|CS|TAMS 0x0000000085700000, 0x0000000085700000| Complete 
| 127|0x0000000087f00000, 0x0000000088000000, 0x0000000088000000|100%| E|CS|TAMS 0x0000000087f00000, 0x0000000087f00000| Complete 

Card table byte_map: [0x000001e3b7400000,0x000001e3b7800000] _byte_map_base: 0x000001e3b7000000

Marking Bits (Prev, Next): (CMBitMap*) 0x000001e3a04ba150, (CMBitMap*) 0x000001e3a04ba110
 Prev Bits: [0x000001e3b9c00000, 0x000001e3bbc00000)
 Next Bits: [0x000001e3b7c00000, 0x000001e3b9c00000)

Polling page: 0x000001e39e360000

Metaspace:

Usage:
  Non-class:     27.81 MB used.
      Class:      4.45 MB used.
       Both:     32.26 MB used.

Virtual space:
  Non-class space:       32.00 MB reserved,      28.00 MB ( 88%) committed,  4 nodes.
      Class space:      412.00 MB reserved,       4.62 MB (  1%) committed,  1 nodes.
             Both:      444.00 MB reserved,      32.62 MB (  7%) committed. 

Chunk freelists:
   Non-Class:  3.59 MB
       Class:  3.28 MB
        Both:  6.88 MB

MaxMetaspaceSize: 512.00 MB
CompressedClassSpaceSize: 412.00 MB
Initial GC threshold: 21.00 MB
Current GC threshold: 35.12 MB
CDS: on
MetaspaceReclaimPolicy: balanced
 - commit_granule_bytes: 65536.
 - commit_granule_words: 8192.
 - virtual_space_node_default_size: 1048576.
 - enlarge_chunks_in_place: 1.
 - new_chunks_are_fully_committed: 0.
 - uncommit_free_chunks: 1.
 - use_allocation_guard: 0.
 - handle_deallocations: 1.


Internal statistics:

num_allocs_failed_limit: 3.
num_arena_births: 334.
num_arena_deaths: 0.
num_vsnodes_births: 5.
num_vsnodes_deaths: 0.
num_space_committed: 522.
num_space_uncommitted: 0.
num_chunks_returned_to_freelist: 3.
num_chunks_taken_from_freelist: 1487.
num_chunk_merges: 3.
num_chunk_splits: 1012.
num_chunks_enlarged: 726.
num_purges: 0.
num_inconsistent_stats: 0.

CodeHeap 'non-profiled nmethods': size=120000Kb used=1679Kb max_used=1679Kb free=118320Kb
 bounds [0x000001e3af7a0000, 0x000001e3afa10000, 0x000001e3b6cd0000]
CodeHeap 'profiled nmethods': size=120000Kb used=7943Kb max_used=7943Kb free=112056Kb
 bounds [0x000001e3a8270000, 0x000001e3a8a40000, 0x000001e3af7a0000]
CodeHeap 'non-nmethods': size=5760Kb used=2291Kb max_used=2360Kb free=3468Kb
 bounds [0x000001e3a7cd0000, 0x000001e3a7f40000, 0x000001e3a8270000]
 total_blobs=4654 nmethods=3857 adapters=709
 compilation: enabled
              stopped_count=0, restarted_count=0
 full_count=0

Compilation events (20 events):
Event: 16.112 Thread 0x000001e3be629750 3926       2       org.gradle.internal.logging.slf4j.OutputEventListenerBackedLogger::isDebugEnabled (5 bytes)
Event: 16.113 Thread 0x000001e3be629750 nmethod 3926 0x000001e3a8a2e210 code [0x000001e3a8a2e3c0, 0x000001e3a8a2e568]
Event: 16.124 Thread 0x000001e3be629750 3928       2       java.lang.AbstractStringBuilder::append (45 bytes)
Event: 16.124 Thread 0x000001e3be629750 nmethod 3928 0x000001e3a8a2e690 code [0x000001e3a8a2e840, 0x000001e3a8a2ea28]
Event: 16.124 Thread 0x000001e3be629750 3929       2       java.lang.AbstractStringBuilder::append (54 bytes)
Event: 16.125 Thread 0x000001e3be629750 nmethod 3929 0x000001e3a8a2eb90 code [0x000001e3a8a2ed80, 0x000001e3a8a2f0e8]
Event: 16.126 Thread 0x000001e3be629750 3930       2       java.beans.Introspector::makeQualifiedMethodName (50 bytes)
Event: 16.127 Thread 0x000001e3be629750 nmethod 3930 0x000001e3a8a2f210 code [0x000001e3a8a2f400, 0x000001e3a8a2f6f8]
Event: 16.133 Thread 0x000001e3be629750 3931       2       java.lang.reflect.Method::isSynthetic (5 bytes)
Event: 16.133 Thread 0x000001e3be629750 nmethod 3931 0x000001e3a8a2f910 code [0x000001e3a8a2faa0, 0x000001e3a8a2fbd8]
Event: 16.133 Thread 0x000001e3be629750 3932       2       java.beans.FeatureDescriptor::<init> (137 bytes)
Event: 16.134 Thread 0x000001e3be629750 nmethod 3932 0x000001e3a8a2fc90 code [0x000001e3a8a2fec0, 0x000001e3a8a30618]
Event: 16.134 Thread 0x000001e3be629750 3933       2       com.sun.beans.util.Cache::getEntryValue (33 bytes)
Event: 16.135 Thread 0x000001e3be629750 nmethod 3933 0x000001e3a8a30810 code [0x000001e3a8a309c0, 0x000001e3a8a30c18]
Event: 16.135 Thread 0x000001e3be629750 3934       2       java.util.Collections$UnmodifiableMap$UnmodifiableEntrySet$UnmodifiableEntry::getValue (10 bytes)
Event: 16.135 Thread 0x000001e3be629750 nmethod 3934 0x000001e3a8a30d90 code [0x000001e3a8a30f20, 0x000001e3a8a31048]
Event: 16.135 Thread 0x000001e3be629750 3935       2       java.util.stream.SpinedBuffer::ensureCapacity (138 bytes)
Event: 16.136 Thread 0x000001e3be629750 nmethod 3935 0x000001e3a8a31110 code [0x000001e3a8a31320, 0x000001e3a8a31c08]
Event: 16.144 Thread 0x000001e3be628da0 nmethod 3739% 0x000001e3af942590 code [0x000001e3af942820, 0x000001e3af9433e0]
Event: 16.145 Thread 0x000001e3be628da0 3709   !   4       jdk.internal.loader.URLClassPath$JarLoader::getResource (354 bytes)

GC Heap History (12 events):
Event: 2.272 GC heap before
{Heap before GC invocations=0 (full 0):
 garbage-first heap   total 131072K, used 26624K [0x0000000080000000, 0x0000000100000000)
  region size 1024K, 23 young (23552K), 0 survivors (0K)
 Metaspace       used 3059K, committed 3200K, reserved 430080K
  class space    used 392K, committed 448K, reserved 421888K
}
Event: 2.287 GC heap after
{Heap after GC invocations=1 (full 0):
 garbage-first heap   total 131072K, used 10479K [0x0000000080000000, 0x0000000100000000)
  region size 1024K, 3 young (3072K), 3 survivors (3072K)
 Metaspace       used 3059K, committed 3200K, reserved 430080K
  class space    used 392K, committed 448K, reserved 421888K
}
Event: 3.609 GC heap before
{Heap before GC invocations=1 (full 0):
 garbage-first heap   total 131072K, used 36079K [0x0000000080000000, 0x0000000100000000)
  region size 1024K, 29 young (29696K), 3 survivors (3072K)
 Metaspace       used 4008K, committed 4160K, reserved 430080K
  class space    used 490K, committed 576K, reserved 421888K
}
Event: 3.617 GC heap after
{Heap after GC invocations=2 (full 0):
 garbage-first heap   total 131072K, used 11900K [0x0000000080000000, 0x0000000100000000)
  region size 1024K, 2 young (2048K), 2 survivors (2048K)
 Metaspace       used 4008K, committed 4160K, reserved 430080K
  class space    used 490K, committed 576K, reserved 421888K
}
Event: 9.013 GC heap before
{Heap before GC invocations=2 (full 0):
 garbage-first heap   total 131072K, used 88700K [0x0000000080000000, 0x0000000100000000)
  region size 1024K, 76 young (77824K), 2 survivors (2048K)
 Metaspace       used 16071K, committed 16384K, reserved 438272K
  class space    used 2311K, committed 2496K, reserved 421888K
}
Event: 9.028 GC heap after
{Heap after GC invocations=3 (full 0):
 garbage-first heap   total 131072K, used 20408K [0x0000000080000000, 0x0000000100000000)
  region size 1024K, 10 young (10240K), 10 survivors (10240K)
 Metaspace       used 16071K, committed 16384K, reserved 438272K
  class space    used 2311K, committed 2496K, reserved 421888K
}
Event: 11.432 GC heap before
{Heap before GC invocations=3 (full 0):
 garbage-first heap   total 131072K, used 60344K [0x0000000080000000, 0x0000000100000000)
  region size 1024K, 50 young (51200K), 10 survivors (10240K)
 Metaspace       used 21153K, committed 21504K, reserved 446464K
  class space    used 3121K, committed 3328K, reserved 421888K
}
Event: 11.440 GC heap after
{Heap after GC invocations=4 (full 0):
 garbage-first heap   total 131072K, used 22669K [0x0000000080000000, 0x0000000100000000)
  region size 1024K, 3 young (3072K), 3 survivors (3072K)
 Metaspace       used 21153K, committed 21504K, reserved 446464K
  class space    used 3121K, committed 3328K, reserved 421888K
}
Event: 14.069 GC heap before
{Heap before GC invocations=5 (full 0):
 garbage-first heap   total 81920K, used 67725K [0x0000000080000000, 0x0000000100000000)
  region size 1024K, 48 young (49152K), 3 survivors (3072K)
 Metaspace       used 29416K, committed 29760K, reserved 454656K
  class space    used 4140K, committed 4288K, reserved 421888K
}
Event: 14.077 GC heap after
{Heap after GC invocations=6 (full 0):
 garbage-first heap   total 81920K, used 27190K [0x0000000080000000, 0x0000000100000000)
  region size 1024K, 6 young (6144K), 6 survivors (6144K)
 Metaspace       used 29416K, committed 29760K, reserved 454656K
  class space    used 4140K, committed 4288K, reserved 421888K
}
Event: 15.273 GC heap before
{Heap before GC invocations=6 (full 0):
 garbage-first heap   total 81920K, used 64054K [0x0000000080000000, 0x0000000100000000)
  region size 1024K, 38 young (38912K), 6 survivors (6144K)
 Metaspace       used 32052K, committed 32448K, reserved 454656K
  class space    used 4429K, committed 4608K, reserved 421888K
}
Event: 15.284 GC heap after
{Heap after GC invocations=7 (full 0):
 garbage-first heap   total 81920K, used 30421K [0x0000000080000000, 0x0000000100000000)
  region size 1024K, 3 young (3072K), 3 survivors (3072K)
 Metaspace       used 32052K, committed 32448K, reserved 454656K
  class space    used 4429K, committed 4608K, reserved 421888K
}

Deoptimization events (20 events):
Event: 15.030 Thread 0x000001e3bfa4d2c0 DEOPT PACKING pc=0x000001e3af90f6f0 sp=0x000000b08e0f8360
Event: 15.030 Thread 0x000001e3bfa4d2c0 DEOPT UNPACKING pc=0x000001e3a7d223a3 sp=0x000000b08e0f8290 mode 2
Event: 15.387 Thread 0x000001e3bfa4d2c0 Uncommon trap: trap_request=0xffffffde fr.pc=0x000001e3af90f6f0 relative=0x0000000000000490
Event: 15.387 Thread 0x000001e3bfa4d2c0 Uncommon trap: reason=class_check action=maybe_recompile pc=0x000001e3af90f6f0 method=java.util.regex.Pattern$Start.match(Ljava/util/regex/Matcher;ILjava/lang/CharSequence;)Z @ 44 c2
Event: 15.387 Thread 0x000001e3bfa4d2c0 DEOPT PACKING pc=0x000001e3af90f6f0 sp=0x000000b08e0f9300
Event: 15.387 Thread 0x000001e3bfa4d2c0 DEOPT UNPACKING pc=0x000001e3a7d223a3 sp=0x000000b08e0f9230 mode 2
Event: 15.534 Thread 0x000001e3bfa4d2c0 DEOPT PACKING pc=0x000001e3a832ac5c sp=0x000000b08e0f97c0
Event: 15.534 Thread 0x000001e3bfa4d2c0 DEOPT UNPACKING pc=0x000001e3a7d22b43 sp=0x000000b08e0f8d40 mode 0
Event: 16.117 Thread 0x000001e3c0b514e0 Uncommon trap: trap_request=0xffffff45 fr.pc=0x000001e3af7dc124 relative=0x0000000000000664
Event: 16.117 Thread 0x000001e3c0b514e0 Uncommon trap: reason=unstable_if action=reinterpret pc=0x000001e3af7dc124 method=java.lang.AbstractStringBuilder.append(Ljava/lang/String;)Ljava/lang/AbstractStringBuilder; @ 1 c2
Event: 16.117 Thread 0x000001e3c0b514e0 DEOPT PACKING pc=0x000001e3af7dc124 sp=0x000000b08dcfea30
Event: 16.117 Thread 0x000001e3c0b514e0 DEOPT UNPACKING pc=0x000001e3a7d223a3 sp=0x000000b08dcfe9b0 mode 2
Event: 16.119 Thread 0x000001e3c0b514e0 Uncommon trap: trap_request=0xffffff45 fr.pc=0x000001e3af7dd224 relative=0x0000000000000664
Event: 16.119 Thread 0x000001e3c0b514e0 Uncommon trap: reason=unstable_if action=reinterpret pc=0x000001e3af7dd224 method=java.lang.AbstractStringBuilder.append(Ljava/lang/String;)Ljava/lang/AbstractStringBuilder; @ 1 c2
Event: 16.119 Thread 0x000001e3c0b514e0 DEOPT PACKING pc=0x000001e3af7dd224 sp=0x000000b08dcfe9d0
Event: 16.119 Thread 0x000001e3c0b514e0 DEOPT UNPACKING pc=0x000001e3a7d223a3 sp=0x000000b08dcfe9b8 mode 2
Event: 16.138 Thread 0x000001e3bfa4d2c0 Uncommon trap: trap_request=0xffffffde fr.pc=0x000001e3af928a4c relative=0x00000000000008cc
Event: 16.138 Thread 0x000001e3bfa4d2c0 Uncommon trap: reason=class_check action=maybe_recompile pc=0x000001e3af928a4c method=java.io.BufferedInputStream.read1([BII)I @ 39 c2
Event: 16.138 Thread 0x000001e3bfa4d2c0 DEOPT PACKING pc=0x000001e3af928a4c sp=0x000000b08e0f7a80
Event: 16.138 Thread 0x000001e3bfa4d2c0 DEOPT UNPACKING pc=0x000001e3a7d223a3 sp=0x000000b08e0f79b8 mode 2

Classes unloaded (0 events):
No events

Classes redefined (0 events):
No events

Internal exceptions (20 events):
Event: 16.006 Thread 0x000001e3bfa4d2c0 Exception <a 'java/lang/NoSuchMethodError'{0x0000000083fea3e0}: 'void java.lang.invoke.DirectMethodHandle$Holder.invokeStatic(java.lang.Object, long)'> (0x0000000083fea3e0) 
thrown [s\open\src\hotspot\share\interpreter\linkResolver.cpp, line 759]
Event: 16.009 Thread 0x000001e3bfa4d2c0 Exception <a 'java/lang/NoSuchMethodError'{0x0000000083ff0a20}: 'java.lang.Object java.lang.invoke.DirectMethodHandle$Holder.newInvokeSpecial(java.lang.Object, long)'> (0x0000000083ff0a20) 
thrown [s\open\src\hotspot\share\interpreter\linkResolver.cpp, line 759]
Event: 16.015 Thread 0x000001e3bfa4d2c0 Exception <a 'java/lang/NoSuchMethodError'{0x0000000083ffb0e0}: 'java.lang.Object java.lang.invoke.DirectMethodHandle$Holder.invokeStatic(java.lang.Object, java.lang.Object, long, java.lang.Object)'> (0x0000000083ffb0e0) 
thrown [s\open\src\hotspot\share\interpreter\linkResolver.cpp, line 759]
Event: 16.016 Thread 0x000001e3bfa4d2c0 Exception <a 'java/lang/NoSuchMethodError'{0x0000000083fff8a8}: 'java.lang.Object java.lang.invoke.DirectMethodHandle$Holder.invokeStaticInit(java.lang.Object, java.lang.Object, long, java.lang.Object)'> (0x0000000083fff8a8) 
thrown [s\open\src\hotspot\share\interpreter\linkResolver.cpp, line 759]
Event: 16.032 Thread 0x000001e3bfa4d2c0 Exception <a 'java/lang/ClassNotFoundException'{0x0000000083e21d38}: java/lang/ProcessImplBeanInfo> (0x0000000083e21d38) 
thrown [s\open\src\hotspot\share\classfile\systemDictionary.cpp, line 256]
Event: 16.033 Thread 0x000001e3bfa4d2c0 Exception <a 'java/lang/ClassNotFoundException'{0x0000000083e27698}: java/lang/ProcessBeanInfo> (0x0000000083e27698) 
thrown [s\open\src\hotspot\share\classfile\systemDictionary.cpp, line 256]
Event: 16.033 Thread 0x000001e3bfa4d2c0 Exception <a 'java/lang/ClassNotFoundException'{0x0000000083e2cfc0}: java/lang/ProcessCustomizer> (0x0000000083e2cfc0) 
thrown [s\open\src\hotspot\share\classfile\systemDictionary.cpp, line 256]
Event: 16.035 Thread 0x000001e3bfa4d2c0 Exception <a 'java/lang/ClassNotFoundException'{0x0000000083e3fcb8}: java/lang/ProcessImplCustomizer> (0x0000000083e3fcb8) 
thrown [s\open\src\hotspot\share\classfile\systemDictionary.cpp, line 256]
Event: 16.058 Thread 0x000001e3bfa4d2c0 Exception <a 'java/lang/ClassNotFoundException'{0x0000000083e8cae0}: java/io/InputStreamReaderBeanInfo> (0x0000000083e8cae0) 
thrown [s\open\src\hotspot\share\classfile\systemDictionary.cpp, line 256]
Event: 16.059 Thread 0x000001e3bfa4d2c0 Exception <a 'java/lang/ClassNotFoundException'{0x0000000083e923c8}: java/io/ReaderBeanInfo> (0x0000000083e923c8) 
thrown [s\open\src\hotspot\share\classfile\systemDictionary.cpp, line 256]
Event: 16.059 Thread 0x000001e3bfa4d2c0 Exception <a 'java/lang/ClassNotFoundException'{0x0000000083e97cc8}: java/io/ReaderCustomizer> (0x0000000083e97cc8) 
thrown [s\open\src\hotspot\share\classfile\systemDictionary.cpp, line 256]
Event: 16.060 Thread 0x000001e3bfa4d2c0 Exception <a 'java/lang/ClassNotFoundException'{0x0000000083ea3568}: java/io/InputStreamReaderCustomizer> (0x0000000083ea3568) 
thrown [s\open\src\hotspot\share\classfile\systemDictionary.cpp, line 256]
Event: 16.065 Thread 0x000001e3bfa4d2c0 Exception <a 'java/lang/ClassNotFoundException'{0x0000000083ec2170}: java/io/BufferedReaderBeanInfo> (0x0000000083ec2170) 
thrown [s\open\src\hotspot\share\classfile\systemDictionary.cpp, line 256]
Event: 16.066 Thread 0x000001e3bfa4d2c0 Exception <a 'java/lang/ClassNotFoundException'{0x0000000083ec7aa0}: java/io/BufferedReaderCustomizer> (0x0000000083ec7aa0) 
thrown [s\open\src\hotspot\share\classfile\systemDictionary.cpp, line 256]
Event: 16.082 Thread 0x000001e3bfa4d2c0 Exception <a 'java/lang/ClassNotFoundException'{0x0000000083dfd558}: java/lang/StringBufferBeanInfo> (0x0000000083dfd558) 
thrown [s\open\src\hotspot\share\classfile\systemDictionary.cpp, line 256]
Event: 16.083 Thread 0x000001e3bfa4d2c0 Exception <a 'java/lang/ClassNotFoundException'{0x0000000083c033f8}: java/lang/AbstractStringBuilderBeanInfo> (0x0000000083c033f8) 
thrown [s\open\src\hotspot\share\classfile\systemDictionary.cpp, line 256]
Event: 16.084 Thread 0x000001e3bfa4d2c0 Exception <a 'java/lang/ClassNotFoundException'{0x0000000083c08eb8}: java/lang/AbstractStringBuilderCustomizer> (0x0000000083c08eb8) 
thrown [s\open\src\hotspot\share\classfile\systemDictionary.cpp, line 256]
Event: 16.117 Thread 0x000001e3c0b514e0 Implicit null exception at 0x000001e3af7dbaf2 to 0x000001e3af7dc10c
Event: 16.119 Thread 0x000001e3c0b514e0 Implicit null exception at 0x000001e3af7dcbf2 to 0x000001e3af7dd20c
Event: 16.130 Thread 0x000001e3bfa4d2c0 Exception <a 'java/lang/ClassNotFoundException'{0x0000000083b28038}: java/lang/StringBufferCustomizer> (0x0000000083b28038) 
thrown [s\open\src\hotspot\share\classfile\systemDictionary.cpp, line 256]

VM Operations (20 events):
Event: 13.826 Executing VM operation: HandshakeAllThreads
Event: 13.827 Executing VM operation: HandshakeAllThreads done
Event: 13.841 Executing VM operation: HandshakeAllThreads
Event: 13.841 Executing VM operation: HandshakeAllThreads done
Event: 13.875 Executing VM operation: HandshakeAllThreads
Event: 13.875 Executing VM operation: HandshakeAllThreads done
Event: 13.943 Executing VM operation: HandshakeAllThreads
Event: 13.943 Executing VM operation: HandshakeAllThreads done
Event: 14.069 Executing VM operation: G1CollectForAllocation
Event: 14.077 Executing VM operation: G1CollectForAllocation done
Event: 14.128 Executing VM operation: HandshakeAllThreads
Event: 14.128 Executing VM operation: HandshakeAllThreads done
Event: 14.711 Executing VM operation: HandshakeAllThreads
Event: 14.711 Executing VM operation: HandshakeAllThreads done
Event: 14.999 Executing VM operation: ICBufferFull
Event: 15.000 Executing VM operation: ICBufferFull done
Event: 15.272 Executing VM operation: G1CollectForAllocation
Event: 15.284 Executing VM operation: G1CollectForAllocation done
Event: 16.133 Executing VM operation: HandshakeAllThreads
Event: 16.133 Executing VM operation: HandshakeAllThreads done

Events (20 events):
Event: 16.081 loading class java/lang/StringBufferBeanInfo
Event: 16.081 loading class java/lang/StringBufferBeanInfo done
Event: 16.082 loading class java/lang/StringBufferBeanInfo
Event: 16.082 loading class java/lang/StringBufferBeanInfo done
Event: 16.082 loading class java/lang/AbstractStringBuilderBeanInfo
Event: 16.082 loading class java/lang/AbstractStringBuilderBeanInfo done
Event: 16.082 loading class java/lang/AbstractStringBuilderBeanInfo
Event: 16.082 loading class java/lang/AbstractStringBuilderBeanInfo done
Event: 16.083 loading class java/lang/AbstractStringBuilderCustomizer
Event: 16.083 loading class java/lang/AbstractStringBuilderCustomizer done
Event: 16.083 loading class java/lang/AbstractStringBuilderCustomizer
Event: 16.083 loading class java/lang/AbstractStringBuilderCustomizer done
Event: 16.099 loading class java/util/concurrent/LinkedBlockingDeque$Itr
Event: 16.100 loading class java/util/concurrent/LinkedBlockingDeque$AbstractItr
Event: 16.100 loading class java/util/concurrent/LinkedBlockingDeque$AbstractItr done
Event: 16.100 loading class java/util/concurrent/LinkedBlockingDeque$Itr done
Event: 16.128 loading class java/lang/StringBufferCustomizer
Event: 16.128 loading class java/lang/StringBufferCustomizer done
Event: 16.130 loading class java/lang/StringBufferCustomizer
Event: 16.130 loading class java/lang/StringBufferCustomizer done


Dynamic libraries:
0x00007ff6ece00000 - 0x00007ff6ece10000 	C:\Program Files\Java\jdk-17.0.4\bin\java.exe
0x00007ffb7a2b0000 - 0x00007ffb7a4a8000 	C:\Windows\SYSTEM32\ntdll.dll
0x00007ffb795d0000 - 0x00007ffb7968d000 	C:\Windows\System32\KERNEL32.DLL
0x00007ffb77e20000 - 0x00007ffb78116000 	C:\Windows\System32\KERNELBASE.dll
0x00007ffb77ca0000 - 0x00007ffb77da0000 	C:\Windows\System32\ucrtbase.dll
0x00007ffb61460000 - 0x00007ffb61478000 	C:\Program Files\Java\jdk-17.0.4\bin\jli.dll
0x00007ffb6f4c0000 - 0x00007ffb6f4da000 	C:\Program Files\Java\jdk-17.0.4\bin\VCRUNTIME140.dll
0x00007ffb79910000 - 0x00007ffb799c3000 	C:\Windows\System32\ADVAPI32.dll
0x00007ffb78310000 - 0x00007ffb783ae000 	C:\Windows\System32\msvcrt.dll
0x00007ffb784e0000 - 0x00007ffb7857f000 	C:\Windows\System32\sechost.dll
0x00007ffb783b0000 - 0x00007ffb784d6000 	C:\Windows\System32\RPCRT4.dll
0x00007ffb77da0000 - 0x00007ffb77dc7000 	C:\Windows\System32\bcrypt.dll
0x00007ffb79370000 - 0x00007ffb7950e000 	C:\Windows\System32\USER32.dll
0x00007ffb61a00000 - 0x00007ffb61c9a000 	C:\Windows\WinSxS\amd64_microsoft.windows.common-controls_6595b64144ccf1df_6.0.19041.3636_none_60b6a03d71f818d5\COMCTL32.dll
0x00007ffb781b0000 - 0x00007ffb781d2000 	C:\Windows\System32\win32u.dll
0x00007ffb79810000 - 0x00007ffb7983c000 	C:\Windows\System32\GDI32.dll
0x00007ffb77a20000 - 0x00007ffb77b3a000 	C:\Windows\System32\gdi32full.dll
0x00007ffb77980000 - 0x00007ffb77a1d000 	C:\Windows\System32\msvcp_win.dll
0x00007ffb6eb80000 - 0x00007ffb6eb8a000 	C:\Windows\SYSTEM32\VERSION.dll
0x00007ffb79340000 - 0x00007ffb79370000 	C:\Windows\System32\IMM32.DLL
0x00007ffb732a0000 - 0x00007ffb732ac000 	C:\Program Files\Java\jdk-17.0.4\bin\vcruntime140_1.dll
0x00007ffb245a0000 - 0x00007ffb2462d000 	C:\Program Files\Java\jdk-17.0.4\bin\msvcp140.dll
0x00007ffb20f90000 - 0x00007ffb21b52000 	C:\Program Files\Java\jdk-17.0.4\bin\server\jvm.dll
0x00007ffb78300000 - 0x00007ffb78308000 	C:\Windows\System32\PSAPI.DLL
0x00007ffb64620000 - 0x00007ffb64647000 	C:\Windows\SYSTEM32\WINMM.dll
0x00007ffb61ca0000 - 0x00007ffb61ca9000 	C:\Windows\SYSTEM32\WSOCK32.dll
0x00007ffb79720000 - 0x00007ffb7978b000 	C:\Windows\System32\WS2_32.dll
0x00007ffb761c0000 - 0x00007ffb761d2000 	C:\Windows\SYSTEM32\kernel.appcore.dll
0x00007ffb53c70000 - 0x00007ffb53c7a000 	C:\Program Files\Java\jdk-17.0.4\bin\jimage.dll
0x00007ffb755f0000 - 0x00007ffb757d4000 	C:\Windows\SYSTEM32\DBGHELP.DLL
0x00007ffb576b0000 - 0x00007ffb576e4000 	C:\Windows\SYSTEM32\dbgcore.DLL
0x00007ffb78120000 - 0x00007ffb781a2000 	C:\Windows\System32\bcryptPrimitives.dll
0x00007ffb53170000 - 0x00007ffb5317e000 	C:\Program Files\Java\jdk-17.0.4\bin\instrument.dll
0x00007ffb3a080000 - 0x00007ffb3a0a5000 	C:\Program Files\Java\jdk-17.0.4\bin\java.dll
0x00007ffb244c0000 - 0x00007ffb24596000 	C:\Program Files\Java\jdk-17.0.4\bin\jsvml.dll
0x00007ffb78b90000 - 0x00007ffb792d5000 	C:\Windows\System32\SHELL32.dll
0x00007ffb75a10000 - 0x00007ffb761ab000 	C:\Windows\SYSTEM32\windows.storage.dll
0x00007ffb799d0000 - 0x00007ffb79d24000 	C:\Windows\System32\combase.dll
0x00007ffb772e0000 - 0x00007ffb7730d000 	C:\Windows\SYSTEM32\Wldp.dll
0x00007ffb79520000 - 0x00007ffb795cd000 	C:\Windows\System32\SHCORE.dll
0x00007ffb792e0000 - 0x00007ffb79335000 	C:\Windows\System32\shlwapi.dll
0x00007ffb778b0000 - 0x00007ffb778d5000 	C:\Windows\SYSTEM32\profapi.dll
0x00007ffb4ffe0000 - 0x00007ffb4fff8000 	C:\Program Files\Java\jdk-17.0.4\bin\zip.dll
0x00007ffb3a060000 - 0x00007ffb3a079000 	C:\Program Files\Java\jdk-17.0.4\bin\net.dll
0x00007ffb6dd70000 - 0x00007ffb6de7a000 	C:\Windows\SYSTEM32\WINHTTP.dll
0x00007ffb77040000 - 0x00007ffb770aa000 	C:\Windows\system32\mswsock.dll
0x00007ffb244a0000 - 0x00007ffb244b6000 	C:\Program Files\Java\jdk-17.0.4\bin\nio.dll
0x00007ffb4fef0000 - 0x00007ffb4ff00000 	C:\Program Files\Java\jdk-17.0.4\bin\verify.dll
0x00007ffb1fac0000 - 0x00007ffb1fae7000 	C:\Users\keita\.gradle\native\68d5fa5c4cc2d200863cafc0d521ce42e7d3e7ee720ec0a83991735586a16f82\windows-amd64\native-platform.dll
0x00007ffb20e40000 - 0x00007ffb20f84000 	C:\Users\keita\.gradle\native\e376f236ea51e6404a007f0833ffe2c6e607c4080706a723a18a27aeea778392\windows-amd64\native-platform-file-events.dll
0x00007ffb45080000 - 0x00007ffb45089000 	C:\Program Files\Java\jdk-17.0.4\bin\management.dll
0x00007ffb42150000 - 0x00007ffb4215b000 	C:\Program Files\Java\jdk-17.0.4\bin\management_ext.dll
0x00007ffb77240000 - 0x00007ffb77258000 	C:\Windows\SYSTEM32\CRYPTSP.dll
0x00007ffb76970000 - 0x00007ffb769a4000 	C:\Windows\system32\rsaenh.dll
0x00007ffb77830000 - 0x00007ffb7785e000 	C:\Windows\SYSTEM32\USERENV.dll
0x00007ffb77230000 - 0x00007ffb7723c000 	C:\Windows\SYSTEM32\CRYPTBASE.dll
0x00007ffb76d30000 - 0x00007ffb76d6b000 	C:\Windows\SYSTEM32\IPHLPAPI.DLL
0x00007ffb7a260000 - 0x00007ffb7a268000 	C:\Windows\System32\NSI.dll
0x00007ffb6fa30000 - 0x00007ffb6fa47000 	C:\Windows\SYSTEM32\dhcpcsvc6.DLL
0x00007ffb6fa10000 - 0x00007ffb6fa2d000 	C:\Windows\SYSTEM32\dhcpcsvc.DLL
0x00007ffb76d70000 - 0x00007ffb76e3a000 	C:\Windows\SYSTEM32\DNSAPI.dll
0x00007ffb3a050000 - 0x00007ffb3a05e000 	C:\Program Files\Java\jdk-17.0.4\bin\sunmscapi.dll
0x00007ffb77b40000 - 0x00007ffb77c9d000 	C:\Windows\System32\CRYPT32.dll
0x00007ffb77350000 - 0x00007ffb77378000 	C:\Windows\SYSTEM32\ncrypt.dll
0x00007ffb77310000 - 0x00007ffb7734b000 	C:\Windows\SYSTEM32\NTASN1.dll
0x00007ffb61450000 - 0x00007ffb61457000 	C:\Windows\system32\wshunix.dll

dbghelp: loaded successfully - version: 4.0.5 - missing functions: none
symbol engine: initialized successfully - sym options: 0x614 - pdb path: .;C:\Program Files\Java\jdk-17.0.4\bin;C:\Windows\SYSTEM32;C:\Windows\WinSxS\amd64_microsoft.windows.common-controls_6595b64144ccf1df_6.0.19041.3636_none_60b6a03d71f818d5;C:\Program Files\Java\jdk-17.0.4\bin\server;C:\Users\keita\.gradle\native\68d5fa5c4cc2d200863cafc0d521ce42e7d3e7ee720ec0a83991735586a16f82\windows-amd64;C:\Users\keita\.gradle\native\e376f236ea51e6404a007f0833ffe2c6e607c4080706a723a18a27aeea778392\windows-amd64

VM Arguments:
jvm_args: -XX:MaxMetaspaceSize=512m --add-opens=java.base/java.util=ALL-UNNAMED --add-opens=java.base/java.lang=ALL-UNNAMED --add-opens=java.base/java.lang.invoke=ALL-UNNAMED --add-opens=java.prefs/java.util.prefs=ALL-UNNAMED --add-opens=java.base/java.nio.charset=ALL-UNNAMED --add-opens=java.base/java.net=ALL-UNNAMED --add-opens=java.base/java.util.concurrent.atomic=ALL-UNNAMED -Xmx2048m -Dfile.encoding=windows-1252 -Duser.country=ML -Duser.language=fr -Duser.variant -javaagent:C:\Users\keita\.gradle\wrapper\dists\gradle-8.3-all\6en3ugtfdg5xnpx44z4qbwgas\gradle-8.3\lib\agents\gradle-instrumentation-agent-8.3.jar 
java_command: org.gradle.launcher.daemon.bootstrap.GradleDaemon 8.3
java_class_path (initial): C:\Users\keita\.gradle\wrapper\dists\gradle-8.3-all\6en3ugtfdg5xnpx44z4qbwgas\gradle-8.3\lib\gradle-launcher-8.3.jar
Launcher Type: SUN_STANDARD

[Global flags]
     intx CICompilerCount                          = 4                                         {product} {ergonomic}
   size_t CompressedClassSpaceSize                 = 432013312                                 {product} {ergonomic}
     uint ConcGCThreads                            = 2                                         {product} {ergonomic}
     uint G1ConcRefinementThreads                  = 8                                         {product} {ergonomic}
   size_t G1HeapRegionSize                         = 1048576                                   {product} {ergonomic}
    uintx GCDrainStackTargetSize                   = 64                                        {product} {ergonomic}
   size_t InitialHeapSize                          = 134217728                                 {product} {ergonomic}
   size_t MarkStackSize                            = 4194304                                   {product} {ergonomic}
   size_t MaxHeapSize                              = 2147483648                                {product} {command line}
   size_t MaxMetaspaceSize                         = 536870912                                 {product} {command line}
   size_t MaxNewSize                               = 1287651328                                {product} {ergonomic}
   size_t MinHeapDeltaBytes                        = 1048576                                   {product} {ergonomic}
   size_t MinHeapSize                              = 8388608                                   {product} {ergonomic}
    uintx NonNMethodCodeHeapSize                   = 5839372                                {pd product} {ergonomic}
    uintx NonProfiledCodeHeapSize                  = 122909434                              {pd product} {ergonomic}
    uintx ProfiledCodeHeapSize                     = 122909434                              {pd product} {ergonomic}
    uintx ReservedCodeCacheSize                    = 251658240                              {pd product} {ergonomic}
     bool SegmentedCodeCache                       = true                                      {product} {ergonomic}
   size_t SoftMaxHeapSize                          = 2147483648                             {manageable} {ergonomic}
     bool UseCompressedClassPointers               = true                           {product lp64_product} {ergonomic}
     bool UseCompressedOops                        = true                           {product lp64_product} {ergonomic}
     bool UseG1GC                                  = true                                      {product} {ergonomic}
     bool UseLargePagesIndividualAllocation        = false                                  {pd product} {ergonomic}

Logging:
Log output configuration:
 #0: stdout all=warning uptime,level,tags
 #1: stderr all=off uptime,level,tags

Environment Variables:
CLASSPATH=D:\keita\project\cours\react-native\Instagram\android\\gradle\wrapper\gradle-wrapper.jar
PATH=D:\keita\project\cours\react-native\Instagram\node_modules\.bin;D:\keita\project\cours\react-native\Instagram\node_modules\.bin;D:\keita\project\cours\react-native\node_modules\.bin;D:\keita\project\cours\node_modules\.bin;D:\keita\project\node_modules\.bin;D:\keita\node_modules\.bin;D:\node_modules\.bin;C:\Program Files\nodejs\node_modules\npm\node_modules\@npmcli\run-script\lib\node-gyp-bin;D:\keita\project\cours\react-native\Instagram\node_modules\.bin;D:\keita\project\cours\react-native\node_modules\.bin;D:\keita\project\cours\node_modules\.bin;D:\keita\project\node_modules\.bin;D:\keita\node_modules\.bin;D:\node_modules\.bin;C:\Program Files\nodejs\node_modules\npm\node_modules\@npmcli\run-script\lib\node-gyp-bin;C:\Program Files (x86)\VMware\VMware Workstation\bin\;C:\Program Files\Common Files\Oracle\Java\javapath;C:\Python311\Scripts\;C:\Python311\;C:\Windows\system32;C:\Windows;C:\Windows\System32\Wbem;C:\Windows\System32\WindowsPowerShell\v1.0\;C:\Windows\System32\OpenSSH\;C:\Program Files\nodejs\;C:\ProgramData\chocolatey\bin;C:\Program Files\Intel\WiFi\bin\;C:\Program Files\Common Files\Intel\WirelessCommon\;C:\Program Files\Git\cmd;C:\Users\keita\AppData\Local\Microsoft\WindowsApps;C:\Users\keita\AppData\Local\Programs\Microsoft VS Code\bin;C:\Users\keita\AppData\Roaming\npm;C:\Users\keita\AppData\Local\Google\Cloud SDK\google-cloud-sdk\bin;D:\programes\maven\bin;D:\programes\flutter\bin;C:\Program Files\Java\jdk-17.0.4\bin;
USERNAME=keita
LANG=en_US.UTF-8
OS=Windows_NT
PROCESSOR_IDENTIFIER=Intel64 Family 6 Model 142 Stepping 10, GenuineIntel



---------------  S Y S T E M  ---------------

OS:
 Windows 10 , 64 bit Build 19041 (10.0.19041.3636)
OS uptime: 0 days 0:53 hours

CPU: total 8 (initial active 8) (4 cores per cpu, 2 threads per core) family 6 model 142 stepping 10 microcode 0xf0, cx8, cmov, fxsr, ht, mmx, 3dnowpref, sse, sse2, sse3, ssse3, sse4.1, sse4.2, popcnt, lzcnt, tsc, tscinvbit, avx, avx2, aes, erms, clmul, bmi1, bmi2, adx, fma, vzeroupper, clflush, clflushopt

Memory: 4k page, system-wide physical 8086M (212M free)
TotalPageFile size 10134M (AvailPageFile size 84M)
current process WorkingSet (physical memory assigned to process): 205M, peak: 210M
current process commit charge ("private bytes"): 248M, peak: 282M

vm_info: Java HotSpot(TM) 64-Bit Server VM (17.0.4+11-LTS-179) for windows-amd64 JRE (17.0.4+11-LTS-179), built on Jun 28 2022 08:23:05 by "mach5one" with MS VC++ 16.8 / 16.9 (VS2019)

END.
