#
# There is insufficient memory for the Java Runtime Environment to continue.
# Native memory allocation (mmap) failed to map 13631488 bytes for G1 virtual space
# Possible reasons:
#   The system is out of physical RAM or swap space
#   The process is running with CompressedOops enabled, and the Java Heap may be blocking the growth of the native heap
# Possible solutions:
#   Reduce memory load on the system
#   Increase physical memory or swap space
#   Check if swap backing store is full
#   Decrease Java heap size (-Xmx/-Xms)
#   Decrease number of Java threads
#   Decrease Java thread stack sizes (-Xss)
#   Set larger code cache with -XX:ReservedCodeCacheSize=
#   JVM is running with Unscaled Compressed Oops mode in which the Java heap is
#     placed in the first 4GB address space. The Java Heap base address is the
#     maximum limit for the native heap growth. Please use -XX:HeapBaseMinAddress
#     to set the Java Heap base and to place the Java Heap above 4GB virtual address.
# This output file may be truncated or incomplete.
#
#  Out of Memory Error (os_windows.cpp:3535), pid=14676, tid=9248
#
# JRE version: Java(TM) SE Runtime Environment (17.0.4+11) (build 17.0.4+11-LTS-179)
# Java VM: Java HotSpot(TM) 64-Bit Server VM (17.0.4+11-LTS-179, mixed mode, sharing, tiered, compressed oops, compressed class ptrs, g1 gc, windows-amd64)
# No core dump will be written. Minidumps are not enabled by default on client versions of Windows
#

---------------  S U M M A R Y ------------

Command Line: -XX:MaxMetaspaceSize=512m --add-opens=java.base/java.util=ALL-UNNAMED --add-opens=java.base/java.lang=ALL-UNNAMED --add-opens=java.base/java.lang.invoke=ALL-UNNAMED --add-opens=java.prefs/java.util.prefs=ALL-UNNAMED --add-opens=java.base/java.nio.charset=ALL-UNNAMED --add-opens=java.base/java.net=ALL-UNNAMED --add-opens=java.base/java.util.concurrent.atomic=ALL-UNNAMED -Xmx2048m -Dfile.encoding=windows-1252 -Duser.country=ML -Duser.language=fr -Duser.variant -javaagent:C:\Users\keita\.gradle\wrapper\dists\gradle-8.3-all\6en3ugtfdg5xnpx44z4qbwgas\gradle-8.3\lib\agents\gradle-instrumentation-agent-8.3.jar org.gradle.launcher.daemon.bootstrap.GradleDaemon 8.3

Host: Intel(R) Core(TM) i5-8250U CPU @ 1.60GHz, 8 cores, 7G,  Windows 10 , 64 bit Build 19041 (10.0.19041.3636)
Time: Thu Feb  1 18:16:08 2024 Les Açores elapsed time: 41.842975 seconds (0d 0h 0m 41s)

---------------  T H R E A D  ---------------

Current thread (0x0000022a5ab0cb20):  VMThread "VM Thread" [stack: 0x000000e28f700000,0x000000e28f800000] [id=9248]

Stack: [0x000000e28f700000,0x000000e28f800000]
Native frames: (J=compiled Java code, j=interpreted, Vv=VM code, C=native code)
V  [jvm.dll+0x6723da]
V  [jvm.dll+0x7d1f74]
V  [jvm.dll+0x7d371e]
V  [jvm.dll+0x7d3d83]
V  [jvm.dll+0x242ed5]
V  [jvm.dll+0x66f2f9]
V  [jvm.dll+0x663c42]
V  [jvm.dll+0x30103b]
V  [jvm.dll+0x3085d6]
V  [jvm.dll+0x35844e]
V  [jvm.dll+0x35867f]
V  [jvm.dll+0x2d8258]
V  [jvm.dll+0x2db2d6]
V  [jvm.dll+0x2e5928]
V  [jvm.dll+0x3197b0]
V  [jvm.dll+0x7d825b]
V  [jvm.dll+0x7d8f94]
V  [jvm.dll+0x7d94ac]
V  [jvm.dll+0x7d9884]
V  [jvm.dll+0x7d9950]
V  [jvm.dll+0x78201a]
V  [jvm.dll+0x671265]
C  [ucrtbase.dll+0x21bb2]
C  [KERNEL32.DLL+0x17344]
C  [ntdll.dll+0x526b1]

VM_Operation (0x000000e28f3ffaa0): G1Concurrent, mode: safepoint, requested by thread 0x0000022a3c9ea8f0


---------------  P R O C E S S  ---------------

Threads class SMR info:
_java_thread_list=0x0000022a5c41e190, length=87, elements={
0x0000022a3c97f4b0, 0x0000022a5ab15640, 0x0000022a5ab183d0, 0x0000022a5ab27af0,
0x0000022a5ab299d0, 0x0000022a5ab2c3a0, 0x0000022a5ab2dc70, 0x0000022a5ab31e10,
0x0000022a5ab337d0, 0x0000022a5ab384e0, 0x0000022a5aaf9c30, 0x0000022a5b6a72a0,
0x0000022a5db203d0, 0x0000022a5ca459f0, 0x0000022a5ca46390, 0x0000022a5ca45ec0,
0x0000022a5ca44b80, 0x0000022a5ca45050, 0x0000022a5ca45520, 0x0000022a5d670cc0,
0x0000022a5d6741b0, 0x0000022a5d670320, 0x0000022a5d671b30, 0x0000022a5d672000,
0x0000022a5d6754f0, 0x0000022a5d676d00, 0x0000022a5d673ce0, 0x0000022a5d675e90,
0x0000022a5d66fe50, 0x0000022a5d676360, 0x0000022a5d6707f0, 0x0000022a5d6729a0,
0x0000022a5d676830, 0x0000022a5d66f4b0, 0x0000022a5d674b50, 0x0000022a5d673340,
0x0000022a5d674680, 0x0000022a5df12400, 0x0000022a5df12da0, 0x0000022a5df0ba20,
0x0000022a5df11a60, 0x0000022a5df13270, 0x0000022a5df0bef0, 0x0000022a5df0c3c0,
0x0000022a5df0f3e0, 0x0000022a5df0d700, 0x0000022a5df0c890, 0x0000022a5df11f30,
0x0000022a5df0f8b0, 0x0000022a5df0e570, 0x0000022a5df0dbd0, 0x0000022a5df110c0,
0x0000022a5df0e0a0, 0x0000022a5df0ef10, 0x0000022a5dcd19e0, 0x0000022a5dcd01d0,
0x0000022a5dcd06a0, 0x0000022a5dccd1b0, 0x0000022a5dcccce0, 0x0000022a5dcd1510,
0x0000022a5dcd2d20, 0x0000022a5dccf830, 0x0000022a5dcce9c0, 0x0000022a5dcd1eb0,
0x0000022a5dcce4f0, 0x0000022a5dcd0b70, 0x0000022a5dccd680, 0x0000022a5dcd2380,
0x0000022a5dccdb50, 0x0000022a5dcd2850, 0x0000022a5dcd4060, 0x0000022a5dcd31f0,
0x0000022a5dcce020, 0x0000022a5dccc810, 0x0000022a5dcd36c0, 0x0000022a5dccf360,
0x0000022a5dccfd00, 0x0000022a5dcd3b90, 0x0000022a5c6c2410, 0x0000022a5c6c8450,
0x0000022a5c6c6c40, 0x0000022a5c6c2db0, 0x0000022a5c6c4a90, 0x0000022a5c6c5900,
0x0000022a5c6c9790, 0x0000022a5c6c75e0, 0x0000022a5c6c92c0
}

Java Threads: ( => current thread )
  0x0000022a3c97f4b0 JavaThread "main" [_thread_blocked, id=14680, stack(0x000000e28f100000,0x000000e28f200000)]
  0x0000022a5ab15640 JavaThread "Reference Handler" daemon [_thread_blocked, id=14132, stack(0x000000e28f800000,0x000000e28f900000)]
  0x0000022a5ab183d0 JavaThread "Finalizer" daemon [_thread_blocked, id=856, stack(0x000000e28f900000,0x000000e28fa00000)]
  0x0000022a5ab27af0 JavaThread "Signal Dispatcher" daemon [_thread_blocked, id=13696, stack(0x000000e28fa00000,0x000000e28fb00000)]
  0x0000022a5ab299d0 JavaThread "Attach Listener" daemon [_thread_blocked, id=944, stack(0x000000e28fb00000,0x000000e28fc00000)]
  0x0000022a5ab2c3a0 JavaThread "Service Thread" daemon [_thread_blocked, id=14836, stack(0x000000e28fc00000,0x000000e28fd00000)]
  0x0000022a5ab2dc70 JavaThread "Monitor Deflation Thread" daemon [_thread_blocked, id=11056, stack(0x000000e28fd00000,0x000000e28fe00000)]
  0x0000022a5ab31e10 JavaThread "C2 CompilerThread0" daemon [_thread_blocked, id=12912, stack(0x000000e28fe00000,0x000000e28ff00000)]
  0x0000022a5ab337d0 JavaThread "C1 CompilerThread0" daemon [_thread_blocked, id=2064, stack(0x000000e28ff00000,0x000000e290000000)]
  0x0000022a5ab384e0 JavaThread "Sweeper thread" daemon [_thread_blocked, id=2904, stack(0x000000e290000000,0x000000e290100000)]
  0x0000022a5aaf9c30 JavaThread "Common-Cleaner" daemon [_thread_blocked, id=7156, stack(0x000000e290100000,0x000000e290200000)]
  0x0000022a5b6a72a0 JavaThread "Notification Thread" daemon [_thread_blocked, id=8936, stack(0x000000e290200000,0x000000e290300000)]
  0x0000022a5db203d0 JavaThread "Daemon health stats" [_thread_blocked, id=9828, stack(0x000000e290a00000,0x000000e290b00000)]
  0x0000022a5ca459f0 JavaThread "Incoming local TCP Connector on port 51949" [_thread_in_native, id=4728, stack(0x000000e290400000,0x000000e290500000)]
  0x0000022a5ca46390 JavaThread "Daemon periodic checks" [_thread_blocked, id=13616, stack(0x000000e290900000,0x000000e290a00000)]
  0x0000022a5ca45ec0 JavaThread "Daemon" [_thread_blocked, id=8468, stack(0x000000e290c00000,0x000000e290d00000)]
  0x0000022a5ca44b80 JavaThread "Handler for socket connection from /127.0.0.1:51949 to /127.0.0.1:51950" [_thread_in_native, id=13880, stack(0x000000e290d00000,0x000000e290e00000)]
  0x0000022a5ca45050 JavaThread "Cancel handler" [_thread_blocked, id=11948, stack(0x000000e290e00000,0x000000e290f00000)]
  0x0000022a5ca45520 JavaThread "Daemon worker" [_thread_blocked, id=2504, stack(0x000000e290f00000,0x000000e291000000)]
  0x0000022a5d670cc0 JavaThread "Asynchronous log dispatcher for DefaultDaemonConnection: socket connection from /127.0.0.1:51949 to /127.0.0.1:51950" [_thread_blocked, id=9744, stack(0x000000e290b00000,0x000000e290c00000)]
  0x0000022a5d6741b0 JavaThread "Stdin handler" [_thread_blocked, id=12284, stack(0x000000e291000000,0x000000e291100000)]
  0x0000022a5d670320 JavaThread "Daemon client event forwarder" [_thread_blocked, id=13680, stack(0x000000e291100000,0x000000e291200000)]
  0x0000022a5d671b30 JavaThread "Cache worker for journal cache (C:\Users\keita\.gradle\caches\journal-1)" [_thread_blocked, id=11660, stack(0x000000e291200000,0x000000e291300000)]
  0x0000022a5d672000 JavaThread "File lock request listener" [_thread_in_native, id=12548, stack(0x000000e291300000,0x000000e291400000)]
  0x0000022a5d6754f0 JavaThread "Cache worker for file hash cache (C:\Users\keita\.gradle\caches\8.3\fileHashes)" [_thread_blocked, id=11564, stack(0x000000e291500000,0x000000e291600000)]
  0x0000022a5d676d00 JavaThread "File watcher server" daemon [_thread_blocked, id=4260, stack(0x000000e291a00000,0x000000e291b00000)]
  0x0000022a5d673ce0 JavaThread "File watcher consumer" daemon [_thread_blocked, id=14692, stack(0x000000e291b00000,0x000000e291c00000)]
  0x0000022a5d675e90 JavaThread "Cache worker for checksums cache (D:\keita\project\cours\react-native\Instagram\android\.gradle\8.3\checksums)" [_thread_blocked, id=13708, stack(0x000000e291400000,0x000000e291500000)]
  0x0000022a5d66fe50 JavaThread "Cache worker for file hash cache (D:\keita\project\cours\react-native\Instagram\android\.gradle\8.3\fileHashes)" [_thread_blocked, id=13456, stack(0x000000e291900000,0x000000e291a00000)]
  0x0000022a5d676360 JavaThread "Cache worker for cache directory md-supplier (C:\Users\keita\.gradle\caches\8.3\md-supplier)" [_thread_blocked, id=2136, stack(0x000000e291c00000,0x000000e291d00000)]
  0x0000022a5d6707f0 JavaThread "Cache worker for file content cache (C:\Users\keita\.gradle\caches\8.3\fileContent)" [_thread_blocked, id=9932, stack(0x000000e291d00000,0x000000e291e00000)]
  0x0000022a5d6729a0 JavaThread "Cache worker for cache directory md-rule (C:\Users\keita\.gradle\caches\8.3\md-rule)" [_thread_blocked, id=14112, stack(0x000000e291f00000,0x000000e292000000)]
  0x0000022a5d676830 JavaThread "Cache worker for execution history cache (C:\Users\keita\.gradle\caches\8.3\executionHistory)" [_thread_blocked, id=10892, stack(0x000000e292000000,0x000000e292100000)]
  0x0000022a5d66f4b0 JavaThread "jar transforms" [_thread_blocked, id=15728, stack(0x000000e292300000,0x000000e292400000)]
  0x0000022a5d674b50 JavaThread "jar transforms Thread 2" [_thread_blocked, id=9084, stack(0x000000e292400000,0x000000e292500000)]
  0x0000022a5d673340 JavaThread "jar transforms Thread 3" [_thread_blocked, id=15544, stack(0x000000e292200000,0x000000e292300000)]
  0x0000022a5d674680 JavaThread "jar transforms Thread 4" [_thread_blocked, id=4284, stack(0x000000e292500000,0x000000e292600000)]
  0x0000022a5df12400 JavaThread "Cache worker for kotlin-dsl (C:\Users\keita\.gradle\caches\8.3\kotlin-dsl)" [_thread_blocked, id=10352, stack(0x000000e292600000,0x000000e292700000)]
  0x0000022a5df12da0 JavaThread "jar transforms Thread 5" [_thread_blocked, id=6032, stack(0x000000e292800000,0x000000e292900000)]
  0x0000022a5df0ba20 JavaThread "jar transforms Thread 6" [_thread_blocked, id=9304, stack(0x000000e292900000,0x000000e292a00000)]
  0x0000022a5df11a60 JavaThread "Unconstrained build operations" [_thread_blocked, id=12860, stack(0x000000e292700000,0x000000e292800000)]
  0x0000022a5df13270 JavaThread "Unconstrained build operations Thread 2" [_thread_blocked, id=15472, stack(0x000000e292a00000,0x000000e292b00000)]
  0x0000022a5df0bef0 JavaThread "jar transforms Thread 7" [_thread_blocked, id=9868, stack(0x000000e292b00000,0x000000e292c00000)]
  0x0000022a5df0c3c0 JavaThread "jar transforms Thread 8" [_thread_blocked, id=10580, stack(0x000000e292c00000,0x000000e292d00000)]
  0x0000022a5df0f3e0 JavaThread "Cache worker for dependencies-accessors (D:\keita\project\cours\react-native\Instagram\android\.gradle\8.3\dependencies-accessors)" [_thread_blocked, id=2760, stack(0x000000e292e00000,0x000000e292f00000)]
  0x0000022a5df0d700 JavaThread "Cache worker for Build Output Cleanup Cache (D:\keita\project\cours\react-native\Instagram\node_modules\@react-native\gradle-plugin\.gradle\buildOutputCleanup)" [_thread_blocked, id=11012, stack(0x000000e292d00000,0x000000e292e00000)]
  0x0000022a5df0c890 JavaThread "Unconstrained build operations Thread 3" [_thread_blocked, id=12392, stack(0x000000e292f00000,0x000000e293000000)]
  0x0000022a5df11f30 JavaThread "Unconstrained build operations Thread 4" [_thread_blocked, id=11572, stack(0x000000e293000000,0x000000e293100000)]
  0x0000022a5df0f8b0 JavaThread "Unconstrained build operations Thread 5" [_thread_blocked, id=12028, stack(0x000000e293100000,0x000000e293200000)]
  0x0000022a5df0e570 JavaThread "Unconstrained build operations Thread 6" [_thread_blocked, id=11128, stack(0x000000e293200000,0x000000e293300000)]
  0x0000022a5df0dbd0 JavaThread "Unconstrained build operations Thread 7" [_thread_blocked, id=4976, stack(0x000000e293300000,0x000000e293400000)]
  0x0000022a5df110c0 JavaThread "Unconstrained build operations Thread 8" [_thread_blocked, id=9200, stack(0x000000e293400000,0x000000e293500000)]
  0x0000022a5df0e0a0 JavaThread "Unconstrained build operations Thread 9" [_thread_blocked, id=14760, stack(0x000000e293500000,0x000000e293600000)]
  0x0000022a5df0ef10 JavaThread "Memory manager" [_thread_blocked, id=11020, stack(0x000000e293600000,0x000000e293700000)]
  0x0000022a5dcd19e0 JavaThread "Cache worker for Build Output Cleanup Cache (D:\keita\project\cours\react-native\Instagram\android\.gradle\buildOutputCleanup)" [_thread_blocked, id=2004, stack(0x000000e292100000,0x000000e292200000)]
  0x0000022a5dcd01d0 JavaThread "ForkJoinPool.commonPool-worker-1" daemon [_thread_blocked, id=13944, stack(0x000000e293900000,0x000000e293a00000)]
  0x0000022a5dcd06a0 JavaThread "ForkJoinPool.commonPool-worker-2" daemon [_thread_blocked, id=5768, stack(0x000000e293a00000,0x000000e293b00000)]
  0x0000022a5dccd1b0 JavaThread "ForkJoinPool.commonPool-worker-3" daemon [_thread_blocked, id=14344, stack(0x000000e293b00000,0x000000e293c00000)]
  0x0000022a5dcccce0 JavaThread "ForkJoinPool.commonPool-worker-5" daemon [_thread_blocked, id=588, stack(0x000000e293c00000,0x000000e293d00000)]
  0x0000022a5dcd1510 JavaThread "ForkJoinPool.commonPool-worker-4" daemon [_thread_blocked, id=540, stack(0x000000e293d00000,0x000000e293e00000)]
  0x0000022a5dcd2d20 JavaThread "ForkJoinPool.commonPool-worker-6" daemon [_thread_blocked, id=1740, stack(0x000000e293e00000,0x000000e293f00000)]
  0x0000022a5dccf830 JavaThread "ForkJoinPool.commonPool-worker-7" daemon [_thread_blocked, id=13360, stack(0x000000e293f00000,0x000000e294000000)]
  0x0000022a5dcce9c0 JavaThread "included builds" [_thread_blocked, id=8912, stack(0x000000e294000000,0x000000e294100000)]
  0x0000022a5dcd1eb0 JavaThread "Execution worker" [_thread_blocked, id=13108, stack(0x000000e294100000,0x000000e294200000)]
  0x0000022a5dcce4f0 JavaThread "Execution worker Thread 2" [_thread_blocked, id=4784, stack(0x000000e294200000,0x000000e294300000)]
  0x0000022a5dcd0b70 JavaThread "Execution worker Thread 3" [_thread_blocked, id=16096, stack(0x000000e294300000,0x000000e294400000)]
  0x0000022a5dccd680 JavaThread "Execution worker Thread 4" [_thread_blocked, id=3740, stack(0x000000e294400000,0x000000e294500000)]
  0x0000022a5dcd2380 JavaThread "Execution worker Thread 5" [_thread_blocked, id=5168, stack(0x000000e294500000,0x000000e294600000)]
  0x0000022a5dccdb50 JavaThread "Execution worker Thread 6" [_thread_blocked, id=10528, stack(0x000000e294600000,0x000000e294700000)]
  0x0000022a5dcd2850 JavaThread "Execution worker Thread 7" [_thread_blocked, id=16296, stack(0x000000e294700000,0x000000e294800000)]
  0x0000022a5dcd4060 JavaThread "Cache worker for execution history cache (D:\keita\project\cours\react-native\Instagram\node_modules\@react-native\gradle-plugin\.gradle\8.3\executionHistory)" [_thread_blocked, id=10624, stack(0x000000e294800000,0x000000e294900000)]
  0x0000022a5dcd31f0 JavaThread "Unconstrained build operations Thread 10" [_thread_blocked, id=12584, stack(0x000000e294900000,0x000000e294a00000)]
  0x0000022a5dcce020 JavaThread "Unconstrained build operations Thread 11" [_thread_blocked, id=9848, stack(0x000000e294a00000,0x000000e294b00000)]
  0x0000022a5dccc810 JavaThread "Unconstrained build operations Thread 12" [_thread_blocked, id=5752, stack(0x000000e294b00000,0x000000e294c00000)]
  0x0000022a5dcd36c0 JavaThread "Unconstrained build operations Thread 13" [_thread_blocked, id=16008, stack(0x000000e294c00000,0x000000e294d00000)]
  0x0000022a5dccf360 JavaThread "Unconstrained build operations Thread 14" [_thread_blocked, id=13132, stack(0x000000e294d00000,0x000000e294e00000)]
  0x0000022a5dccfd00 JavaThread "Unconstrained build operations Thread 15" [_thread_blocked, id=9424, stack(0x000000e294e00000,0x000000e294f00000)]
  0x0000022a5dcd3b90 JavaThread "Unconstrained build operations Thread 16" [_thread_blocked, id=11268, stack(0x000000e294f00000,0x000000e295000000)]
  0x0000022a5c6c2410 JavaThread "Unconstrained build operations Thread 17" [_thread_blocked, id=13976, stack(0x000000e295000000,0x000000e295100000)]
  0x0000022a5c6c8450 JavaThread "Unconstrained build operations Thread 18" [_thread_blocked, id=12332, stack(0x000000e295100000,0x000000e295200000)]
  0x0000022a5c6c6c40 JavaThread "Unconstrained build operations Thread 19" [_thread_blocked, id=14764, stack(0x000000e295200000,0x000000e295300000)]
  0x0000022a5c6c2db0 JavaThread "Unconstrained build operations Thread 20" [_thread_blocked, id=14160, stack(0x000000e295300000,0x000000e295400000)]
  0x0000022a5c6c4a90 JavaThread "Unconstrained build operations Thread 21" [_thread_blocked, id=12248, stack(0x000000e295400000,0x000000e295500000)]
  0x0000022a5c6c5900 JavaThread "Unconstrained build operations Thread 22" [_thread_blocked, id=15476, stack(0x000000e295500000,0x000000e295600000)]
  0x0000022a5c6c9790 JavaThread "Unconstrained build operations Thread 23" [_thread_blocked, id=12720, stack(0x000000e295600000,0x000000e295700000)]
  0x0000022a5c6c75e0 JavaThread "Unconstrained build operations Thread 24" [_thread_blocked, id=9652, stack(0x000000e295700000,0x000000e295800000)]
  0x0000022a5c6c92c0 JavaThread "Unconstrained build operations Thread 25" [_thread_blocked, id=12384, stack(0x000000e295800000,0x000000e295900000)]

Other Threads:
=>0x0000022a5ab0cb20 VMThread "VM Thread" [stack: 0x000000e28f700000,0x000000e28f800000] [id=9248]
  0x0000022a3c9f8820 WatcherThread [stack: 0x000000e290300000,0x000000e290400000] [id=8904]
  0x0000022a3c9d9aa0 GCTaskThread "GC Thread#0" [stack: 0x000000e28f200000,0x000000e28f300000] [id=13488]
  0x0000022a5c3a8df0 GCTaskThread "GC Thread#1" [stack: 0x000000e290500000,0x000000e290600000] [id=11852]
  0x0000022a5c0f8be0 GCTaskThread "GC Thread#2" [stack: 0x000000e290600000,0x000000e290700000] [id=4128]
  0x0000022a5bd68c10 GCTaskThread "GC Thread#3" [stack: 0x000000e290700000,0x000000e290800000] [id=2540]
  0x0000022a5b858360 GCTaskThread "GC Thread#4" [stack: 0x000000e290800000,0x000000e290900000] [id=13504]
  0x0000022a5caa7090 GCTaskThread "GC Thread#5" [stack: 0x000000e291600000,0x000000e291700000] [id=8632]
  0x0000022a5d19c5f0 GCTaskThread "GC Thread#6" [stack: 0x000000e291700000,0x000000e291800000] [id=15640]
  0x0000022a5d19c8a0 GCTaskThread "GC Thread#7" [stack: 0x000000e291800000,0x000000e291900000] [id=13092]
  0x0000022a3c9ea8f0 ConcurrentGCThread "G1 Main Marker" [stack: 0x000000e28f300000,0x000000e28f400000] [id=15828]
  0x0000022a3c9eb9b0 ConcurrentGCThread "G1 Conc#0" [stack: 0x000000e28f400000,0x000000e28f500000] [id=15720]
  0x0000022a5d746040 ConcurrentGCThread "G1 Conc#1" [stack: 0x000000e291e00000,0x000000e291f00000] [id=12040]
  0x0000022a3ca4e300 ConcurrentGCThread "G1 Refine#0" [stack: 0x000000e28f500000,0x000000e28f600000] [id=15608]
  0x0000022a3ca4ec30 ConcurrentGCThread "G1 Service" [stack: 0x000000e28f600000,0x000000e28f700000] [id=10380]

Threads with active compile tasks:

VM state: at safepoint (normal execution)

VM Mutex/Monitor currently owned by a thread:  ([mutex/lock_event])
[0x0000022a3c97b270] Threads_lock - owner thread: 0x0000022a5ab0cb20
[0x0000022a3c97b150] Heap_lock - owner thread: 0x0000022a3c9ea8f0

Heap address: 0x0000000080000000, size: 2048 MB, Compressed Oops mode: 32-bit

CDS archive(s) mapped at: [0x0000000800000000-0x0000000800bc0000-0x0000000800bc0000), size 12320768, SharedBaseAddress: 0x0000000800000000, ArchiveRelocationMode: 0.
Compressed class space mapped at: 0x0000000800c00000-0x000000081a800000, reserved size: 432013312
Narrow klass base: 0x0000000800000000, Narrow klass shift: 0, Narrow klass range: 0x100000000

GC Precious Log:
 CPUs: 8 total, 8 available
 Memory: 8086M
 Large Page Support: Disabled
 NUMA Support: Disabled
 Compressed Oops: Enabled (32-bit)
 Heap Region Size: 1M
 Heap Min Capacity: 8M
 Heap Initial Capacity: 128M
 Heap Max Capacity: 2G
 Pre-touch: Disabled
 Parallel Workers: 8
 Concurrent Workers: 2
 Concurrent Refinement Workers: 8
 Periodic GC: Disabled

Heap:
 garbage-first heap   total 111616K, used 72651K [0x0000000080000000, 0x0000000100000000)
  region size 1024K, 6 young (6144K), 3 survivors (3072K)
 Metaspace       used 65976K, committed 66624K, reserved 479232K
  class space    used 9363K, committed 9664K, reserved 421888K

Heap Regions: E=young(eden), S=young(survivor), O=old, HS=humongous(starts), HC=humongous(continues), CS=collection set, F=free, OA=open archive, CA=closed archive, TAMS=top-at-mark-start (previous, next)
|   0|0x0000000080000000, 0x0000000080100000, 0x0000000080100000|100%|HS|  |TAMS 0x0000000080100000, 0x0000000080000000| Complete 
|   1|0x0000000080100000, 0x0000000080200000, 0x0000000080200000|100%|HC|  |TAMS 0x0000000080200000, 0x0000000080100000| Complete 
|   2|0x0000000080200000, 0x0000000080300000, 0x0000000080300000|100%|HC|  |TAMS 0x0000000080300000, 0x0000000080200000| Complete 
|   3|0x0000000080300000, 0x0000000080400000, 0x0000000080400000|100%|HC|  |TAMS 0x0000000080400000, 0x0000000080300000| Complete 
|   4|0x0000000080400000, 0x0000000080500000, 0x0000000080500000|100%| O|  |TAMS 0x0000000080500000, 0x0000000080400000| Untracked 
|   5|0x0000000080500000, 0x0000000080600000, 0x0000000080600000|100%| O|  |TAMS 0x0000000080600000, 0x0000000080500000| Updating 
|   6|0x0000000080600000, 0x0000000080700000, 0x0000000080700000|100%| O|  |TAMS 0x0000000080700000, 0x0000000080600000| Untracked 
|   7|0x0000000080700000, 0x0000000080800000, 0x0000000080800000|100%| O|  |TAMS 0x0000000080800000, 0x0000000080700000| Untracked 
|   8|0x0000000080800000, 0x0000000080900000, 0x0000000080900000|100%| O|  |TAMS 0x0000000080900000, 0x0000000080800000| Updating 
|   9|0x0000000080900000, 0x0000000080a00000, 0x0000000080a00000|100%| O|  |TAMS 0x0000000080a00000, 0x0000000080900000| Untracked 
|  10|0x0000000080a00000, 0x0000000080b00000, 0x0000000080b00000|100%| O|  |TAMS 0x0000000080b00000, 0x0000000080a00000| Untracked 
|  11|0x0000000080b00000, 0x0000000080c00000, 0x0000000080c00000|100%| O|  |TAMS 0x0000000080c00000, 0x0000000080b00000| Untracked 
|  12|0x0000000080c00000, 0x0000000080d00000, 0x0000000080d00000|100%| O|  |TAMS 0x0000000080d00000, 0x0000000080c00000| Untracked 
|  13|0x0000000080d00000, 0x0000000080e00000, 0x0000000080e00000|100%| O|  |TAMS 0x0000000080e00000, 0x0000000080d00000| Untracked 
|  14|0x0000000080e00000, 0x0000000080f00000, 0x0000000080f00000|100%| O|  |TAMS 0x0000000080f00000, 0x0000000080e00000| Untracked 
|  15|0x0000000080f00000, 0x0000000081000000, 0x0000000081000000|100%| O|  |TAMS 0x0000000081000000, 0x0000000080f00000| Untracked 
|  16|0x0000000081000000, 0x0000000081100000, 0x0000000081100000|100%| O|  |TAMS 0x0000000081100000, 0x0000000081000000| Untracked 
|  17|0x0000000081100000, 0x0000000081200000, 0x0000000081200000|100%| O|  |TAMS 0x0000000081200000, 0x0000000081100000| Untracked 
|  18|0x0000000081200000, 0x0000000081300000, 0x0000000081300000|100%| O|  |TAMS 0x0000000081300000, 0x0000000081200000| Untracked 
|  19|0x0000000081300000, 0x00000000813c0800, 0x0000000081400000| 75%| O|  |TAMS 0x00000000813c0800, 0x0000000081300000| Updating 
|  20|0x0000000081400000, 0x0000000081500000, 0x0000000081500000|100%| O|  |TAMS 0x0000000081500000, 0x0000000081400000| Updating 
|  21|0x0000000081500000, 0x0000000081600000, 0x0000000081600000|100%| O|  |TAMS 0x0000000081600000, 0x0000000081500000| Untracked 
|  22|0x0000000081600000, 0x0000000081700000, 0x0000000081700000|100%| O|  |TAMS 0x0000000081700000, 0x0000000081600000| Untracked 
|  23|0x0000000081700000, 0x0000000081800000, 0x0000000081800000|100%| O|  |TAMS 0x0000000081800000, 0x0000000081700000| Updating 
|  24|0x0000000081800000, 0x0000000081900000, 0x0000000081900000|100%| O|  |TAMS 0x0000000081900000, 0x0000000081800000| Untracked 
|  25|0x0000000081900000, 0x0000000081a00000, 0x0000000081a00000|100%| O|  |TAMS 0x0000000081a00000, 0x0000000081900000| Untracked 
|  26|0x0000000081a00000, 0x0000000081b00000, 0x0000000081b00000|100%| O|  |TAMS 0x0000000081b00000, 0x0000000081a00000| Untracked 
|  27|0x0000000081b00000, 0x0000000081c00000, 0x0000000081c00000|100%| O|  |TAMS 0x0000000081c00000, 0x0000000081b00000| Untracked 
|  28|0x0000000081c00000, 0x0000000081d00000, 0x0000000081d00000|100%| O|  |TAMS 0x0000000081d00000, 0x0000000081c00000| Updating 
|  29|0x0000000081d00000, 0x0000000081e00000, 0x0000000081e00000|100%|HS|  |TAMS 0x0000000081e00000, 0x0000000081d00000| Complete 
|  30|0x0000000081e00000, 0x0000000081f00000, 0x0000000081f00000|100%|HC|  |TAMS 0x0000000081f00000, 0x0000000081e00000| Complete 
|  31|0x0000000081f00000, 0x0000000082000000, 0x0000000082000000|100%| O|  |TAMS 0x0000000082000000, 0x0000000081f00000| Untracked 
|  32|0x0000000082000000, 0x0000000082100000, 0x0000000082100000|100%| O|  |TAMS 0x0000000082100000, 0x0000000082000000| Untracked 
|  33|0x0000000082100000, 0x0000000082200000, 0x0000000082200000|100%| O|  |TAMS 0x0000000082200000, 0x0000000082100000| Untracked 
|  34|0x0000000082200000, 0x0000000082300000, 0x0000000082300000|100%| O|  |TAMS 0x0000000082300000, 0x0000000082200000| Untracked 
|  35|0x0000000082300000, 0x0000000082400000, 0x0000000082400000|100%| O|  |TAMS 0x0000000082400000, 0x0000000082300000| Untracked 
|  36|0x0000000082400000, 0x0000000082500000, 0x0000000082500000|100%| O|  |TAMS 0x0000000082500000, 0x0000000082400000| Untracked 
|  37|0x0000000082500000, 0x0000000082600000, 0x0000000082600000|100%|HS|  |TAMS 0x0000000082600000, 0x0000000082500000| Complete 
|  38|0x0000000082600000, 0x0000000082700000, 0x0000000082700000|100%|HC|  |TAMS 0x0000000082700000, 0x0000000082600000| Complete 
|  39|0x0000000082700000, 0x0000000082800000, 0x0000000082800000|100%| O|  |TAMS 0x0000000082800000, 0x0000000082700000| Untracked 
|  40|0x0000000082800000, 0x0000000082900000, 0x0000000082900000|100%| O|  |TAMS 0x0000000082900000, 0x0000000082800000| Updating 
|  41|0x0000000082900000, 0x0000000082a00000, 0x0000000082a00000|100%|HS|  |TAMS 0x0000000082a00000, 0x0000000082900000| Complete 
|  42|0x0000000082a00000, 0x0000000082b00000, 0x0000000082b00000|100%|HC|  |TAMS 0x0000000082b00000, 0x0000000082a00000| Complete 
|  43|0x0000000082b00000, 0x0000000082c00000, 0x0000000082c00000|100%|HC|  |TAMS 0x0000000082c00000, 0x0000000082b00000| Complete 
|  44|0x0000000082c00000, 0x0000000082d00000, 0x0000000082d00000|100%|HC|  |TAMS 0x0000000082d00000, 0x0000000082c00000| Complete 
|  45|0x0000000082d00000, 0x0000000082e00000, 0x0000000082e00000|100%| O|  |TAMS 0x0000000082e00000, 0x0000000082d00000| Untracked 
|  46|0x0000000082e00000, 0x0000000082f00000, 0x0000000082f00000|100%| O|  |TAMS 0x0000000082f00000, 0x0000000082e00000| Untracked 
|  47|0x0000000082f00000, 0x0000000083000000, 0x0000000083000000|100%| O|  |TAMS 0x0000000083000000, 0x0000000082f00000| Untracked 
|  48|0x0000000083000000, 0x0000000083100000, 0x0000000083100000|100%| O|  |TAMS 0x0000000083100000, 0x0000000083000000| Untracked 
|  49|0x0000000083100000, 0x0000000083200000, 0x0000000083200000|100%|HS|  |TAMS 0x0000000083200000, 0x0000000083100000| Complete 
|  50|0x0000000083200000, 0x0000000083300000, 0x0000000083300000|100%|HC|  |TAMS 0x0000000083300000, 0x0000000083200000| Complete 
|  51|0x0000000083300000, 0x0000000083400000, 0x0000000083400000|100%|HC|  |TAMS 0x0000000083400000, 0x0000000083300000| Complete 
|  52|0x0000000083400000, 0x0000000083500000, 0x0000000083500000|100%|HC|  |TAMS 0x0000000083500000, 0x0000000083400000| Complete 
|  53|0x0000000083500000, 0x0000000083600000, 0x0000000083600000|100%| O|  |TAMS 0x0000000083600000, 0x0000000083500000| Untracked 
|  54|0x0000000083600000, 0x0000000083700000, 0x0000000083700000|100%| O|  |TAMS 0x0000000083700000, 0x0000000083600000| Untracked 
|  55|0x0000000083700000, 0x0000000083800000, 0x0000000083800000|100%| O|  |TAMS 0x0000000083800000, 0x0000000083700000| Untracked 
|  56|0x0000000083800000, 0x0000000083900000, 0x0000000083900000|100%| O|  |TAMS 0x0000000083900000, 0x0000000083800000| Untracked 
|  57|0x0000000083900000, 0x0000000083a00000, 0x0000000083a00000|100%| O|  |TAMS 0x0000000083a00000, 0x0000000083900000| Untracked 
|  58|0x0000000083a00000, 0x0000000083b00000, 0x0000000083b00000|100%| O|  |TAMS 0x0000000083b00000, 0x0000000083a00000| Updating 
|  59|0x0000000083b00000, 0x0000000083c00000, 0x0000000083c00000|100%| O|  |TAMS 0x0000000083c00000, 0x0000000083b00000| Untracked 
|  60|0x0000000083c00000, 0x0000000083d00000, 0x0000000083d00000|100%| O|  |TAMS 0x0000000083d00000, 0x0000000083c00000| Untracked 
|  61|0x0000000083d00000, 0x0000000083e00000, 0x0000000083e00000|100%| O|  |TAMS 0x0000000083e00000, 0x0000000083d00000| Untracked 
|  62|0x0000000083e00000, 0x0000000083e70c00, 0x0000000083f00000| 44%| O|  |TAMS 0x0000000083e70c00, 0x0000000083e00000| Updating 
|  63|0x0000000083f00000, 0x0000000084000000, 0x0000000084000000|100%|HS|  |TAMS 0x0000000083f00000, 0x0000000083f00000| Complete 
|  64|0x0000000084000000, 0x0000000084100000, 0x0000000084100000|100%|HS|  |TAMS 0x0000000084000000, 0x0000000084000000| Complete 
|  65|0x0000000084100000, 0x0000000084200000, 0x0000000084200000|100%|HS|  |TAMS 0x0000000084100000, 0x0000000084100000| Complete 
|  66|0x0000000084200000, 0x0000000084300000, 0x0000000084300000|100%|HS|  |TAMS 0x0000000084200000, 0x0000000084200000| Complete 
|  67|0x0000000084300000, 0x0000000084300000, 0x0000000084400000|  0%| F|  |TAMS 0x0000000084300000, 0x0000000084300000| Untracked 
|  68|0x0000000084400000, 0x0000000084400000, 0x0000000084500000|  0%| F|  |TAMS 0x0000000084400000, 0x0000000084400000| Untracked 
|  69|0x0000000084500000, 0x0000000084500000, 0x0000000084600000|  0%| F|  |TAMS 0x0000000084500000, 0x0000000084500000| Untracked 
|  70|0x0000000084600000, 0x0000000084600000, 0x0000000084700000|  0%| F|  |TAMS 0x0000000084600000, 0x0000000084600000| Untracked 
|  71|0x0000000084700000, 0x0000000084700000, 0x0000000084800000|  0%| F|  |TAMS 0x0000000084700000, 0x0000000084700000| Untracked 
|  72|0x0000000084800000, 0x0000000084800000, 0x0000000084900000|  0%| F|  |TAMS 0x0000000084800000, 0x0000000084800000| Untracked 
|  73|0x0000000084900000, 0x0000000084900000, 0x0000000084a00000|  0%| F|  |TAMS 0x0000000084900000, 0x0000000084900000| Untracked 
|  74|0x0000000084a00000, 0x0000000084a00000, 0x0000000084b00000|  0%| F|  |TAMS 0x0000000084a00000, 0x0000000084a00000| Untracked 
|  75|0x0000000084b00000, 0x0000000084b00000, 0x0000000084c00000|  0%| F|  |TAMS 0x0000000084b00000, 0x0000000084b00000| Untracked 
|  76|0x0000000084c00000, 0x0000000084c00000, 0x0000000084d00000|  0%| F|  |TAMS 0x0000000084c00000, 0x0000000084c00000| Untracked 
|  77|0x0000000084d00000, 0x0000000084d00000, 0x0000000084e00000|  0%| F|  |TAMS 0x0000000084d00000, 0x0000000084d00000| Untracked 
|  78|0x0000000084e00000, 0x0000000084e00000, 0x0000000084f00000|  0%| F|  |TAMS 0x0000000084e00000, 0x0000000084e00000| Untracked 
|  79|0x0000000084f00000, 0x0000000084f00000, 0x0000000085000000|  0%| F|  |TAMS 0x0000000084f00000, 0x0000000084f00000| Untracked 
|  80|0x0000000085000000, 0x0000000085000000, 0x0000000085100000|  0%| F|  |TAMS 0x0000000085000000, 0x0000000085000000| Untracked 
|  81|0x0000000085100000, 0x0000000085100000, 0x0000000085200000|  0%| F|  |TAMS 0x0000000085100000, 0x0000000085100000| Untracked 
|  82|0x0000000085200000, 0x0000000085200000, 0x0000000085300000|  0%| F|  |TAMS 0x0000000085200000, 0x0000000085200000| Untracked 
|  83|0x0000000085300000, 0x0000000085300000, 0x0000000085400000|  0%| F|  |TAMS 0x0000000085300000, 0x0000000085300000| Untracked 
|  84|0x0000000085400000, 0x0000000085400000, 0x0000000085500000|  0%| F|  |TAMS 0x0000000085400000, 0x0000000085400000| Untracked 
|  85|0x0000000085500000, 0x0000000085500000, 0x0000000085600000|  0%| F|  |TAMS 0x0000000085500000, 0x0000000085500000| Untracked 
|  86|0x0000000085600000, 0x00000000856c1b40, 0x0000000085700000| 75%| S|CS|TAMS 0x0000000085600000, 0x0000000085600000| Complete 
|  87|0x0000000085700000, 0x0000000085800000, 0x0000000085800000|100%| S|CS|TAMS 0x0000000085700000, 0x0000000085700000| Complete 
|  88|0x0000000085800000, 0x0000000085900000, 0x0000000085900000|100%| S|CS|TAMS 0x0000000085800000, 0x0000000085800000| Complete 
|  89|0x0000000085900000, 0x0000000085900000, 0x0000000085a00000|  0%| F|  |TAMS 0x0000000085900000, 0x0000000085900000| Untracked 
|  90|0x0000000085a00000, 0x0000000085a00000, 0x0000000085b00000|  0%| F|  |TAMS 0x0000000085a00000, 0x0000000085a00000| Untracked 
|  91|0x0000000085b00000, 0x0000000085b00000, 0x0000000085c00000|  0%| F|  |TAMS 0x0000000085b00000, 0x0000000085b00000| Untracked 
|  92|0x0000000085c00000, 0x0000000085c00000, 0x0000000085d00000|  0%| F|  |TAMS 0x0000000085c00000, 0x0000000085c00000| Untracked 
|  93|0x0000000085d00000, 0x0000000085d00000, 0x0000000085e00000|  0%| F|  |TAMS 0x0000000085d00000, 0x0000000085d00000| Untracked 
|  94|0x0000000085e00000, 0x0000000085e00000, 0x0000000085f00000|  0%| F|  |TAMS 0x0000000085e00000, 0x0000000085e00000| Untracked 
|  95|0x0000000085f00000, 0x0000000085f00000, 0x0000000086000000|  0%| F|  |TAMS 0x0000000085f00000, 0x0000000085f00000| Untracked 
|  96|0x0000000086000000, 0x0000000086000000, 0x0000000086100000|  0%| F|  |TAMS 0x0000000086000000, 0x0000000086000000| Untracked 
|  97|0x0000000086100000, 0x0000000086100000, 0x0000000086200000|  0%| F|  |TAMS 0x0000000086100000, 0x0000000086100000| Untracked 
|  98|0x0000000086200000, 0x0000000086200000, 0x0000000086300000|  0%| F|  |TAMS 0x0000000086200000, 0x0000000086200000| Untracked 
|  99|0x0000000086300000, 0x0000000086300000, 0x0000000086400000|  0%| F|  |TAMS 0x0000000086300000, 0x0000000086300000| Untracked 
| 100|0x0000000086400000, 0x0000000086400000, 0x0000000086500000|  0%| F|  |TAMS 0x0000000086400000, 0x0000000086400000| Untracked 
| 101|0x0000000086500000, 0x0000000086500000, 0x0000000086600000|  0%| F|  |TAMS 0x0000000086500000, 0x0000000086500000| Untracked 
| 102|0x0000000086600000, 0x0000000086600000, 0x0000000086700000|  0%| F|  |TAMS 0x0000000086600000, 0x0000000086600000| Untracked 
| 103|0x0000000086700000, 0x0000000086700000, 0x0000000086800000|  0%| F|  |TAMS 0x0000000086700000, 0x0000000086700000| Untracked 
| 104|0x0000000086800000, 0x0000000086800000, 0x0000000086900000|  0%| F|  |TAMS 0x0000000086800000, 0x0000000086800000| Untracked 
| 105|0x0000000086900000, 0x0000000086900000, 0x0000000086a00000|  0%| F|  |TAMS 0x0000000086900000, 0x0000000086900000| Untracked 
| 106|0x0000000086a00000, 0x0000000086a525f0, 0x0000000086b00000| 32%| E|  |TAMS 0x0000000086a00000, 0x0000000086a00000| Complete 
| 107|0x0000000086b00000, 0x0000000086c00000, 0x0000000086c00000|100%| E|CS|TAMS 0x0000000086b00000, 0x0000000086b00000| Complete 
| 127|0x0000000087f00000, 0x0000000088000000, 0x0000000088000000|100%| E|CS|TAMS 0x0000000087f00000, 0x0000000087f00000| Complete 

Card table byte_map: [0x0000022a53920000,0x0000022a53d20000] _byte_map_base: 0x0000022a53520000

Marking Bits (Prev, Next): (CMBitMap*) 0x0000022a3c9d9fc0, (CMBitMap*) 0x0000022a3c9da000
 Prev Bits: [0x0000022a54120000, 0x0000022a56120000)
 Next Bits: [0x0000022a56120000, 0x0000022a58120000)

Polling page: 0x0000022a3a960000

Metaspace:

Usage:
  Non-class:     55.29 MB used.
      Class:      9.14 MB used.
       Both:     64.43 MB used.

Virtual space:
  Non-class space:       56.00 MB reserved,      55.62 MB (>99%) committed,  7 nodes.
      Class space:      412.00 MB reserved,       9.44 MB (  2%) committed,  1 nodes.
             Both:      468.00 MB reserved,      65.06 MB ( 14%) committed. 

Chunk freelists:
   Non-Class:  224.00 KB
       Class:  2.59 MB
        Both:  2.81 MB

MaxMetaspaceSize: 512.00 MB
CompressedClassSpaceSize: 412.00 MB
Initial GC threshold: 21.00 MB
Current GC threshold: 103.75 MB
CDS: on
MetaspaceReclaimPolicy: balanced
 - commit_granule_bytes: 65536.
 - commit_granule_words: 8192.
 - virtual_space_node_default_size: 1048576.
 - enlarge_chunks_in_place: 1.
 - new_chunks_are_fully_committed: 0.
 - uncommit_free_chunks: 1.
 - use_allocation_guard: 0.
 - handle_deallocations: 1.


Internal statistics:

num_allocs_failed_limit: 6.
num_arena_births: 826.
num_arena_deaths: 0.
num_vsnodes_births: 8.
num_vsnodes_deaths: 0.
num_space_committed: 1041.
num_space_uncommitted: 0.
num_chunks_returned_to_freelist: 6.
num_chunks_taken_from_freelist: 3542.
num_chunk_merges: 6.
num_chunk_splits: 2333.
num_chunks_enlarged: 1553.
num_purges: 0.
num_inconsistent_stats: 0.

CodeHeap 'non-profiled nmethods': size=120000Kb used=4097Kb max_used=4097Kb free=115902Kb
 bounds [0x0000022a4bcc0000, 0x0000022a4c0d0000, 0x0000022a531f0000]
CodeHeap 'profiled nmethods': size=120000Kb used=15844Kb max_used=15844Kb free=104155Kb
 bounds [0x0000022a44790000, 0x0000022a45710000, 0x0000022a4bcc0000]
CodeHeap 'non-nmethods': size=5760Kb used=2368Kb max_used=2439Kb free=3391Kb
 bounds [0x0000022a441f0000, 0x0000022a44470000, 0x0000022a44790000]
 total_blobs=8826 nmethods=7930 adapters=808
 compilation: enabled
              stopped_count=0, restarted_count=0
 full_count=0

Compilation events (20 events):
Event: 41.794 Thread 0x0000022a5ab31e10 8678       4       java.util.zip.ZipFile$ZipFileInflaterInputStream::<init> (41 bytes)
Event: 41.803 Thread 0x0000022a5ab337d0 8679       3       java.util.regex.Pattern$CharPropertyGreedy::study (45 bytes)
Event: 41.804 Thread 0x0000022a5ab337d0 nmethod 8679 0x0000022a45703990 code [0x0000022a45703b40, 0x0000022a45703d88]
Event: 41.809 Thread 0x0000022a5ab31e10 nmethod 8678 0x0000022a4c0bef90 code [0x0000022a4c0bf140, 0x0000022a4c0bfe08]
Event: 41.824 Thread 0x0000022a5ab337d0 8680       3       jdk.internal.loader.URLClassPath$3::run (172 bytes)
Event: 41.825 Thread 0x0000022a5ab31e10 8682       4       java.io.File::isInvalid (47 bytes)
Event: 41.826 Thread 0x0000022a5ab337d0 nmethod 8680 0x0000022a45703e90 code [0x0000022a457041c0, 0x0000022a457053a8]
Event: 41.826 Thread 0x0000022a5ab337d0 8681       3       jdk.internal.loader.URLClassPath$Loader::<init> (10 bytes)
Event: 41.826 Thread 0x0000022a5ab337d0 nmethod 8681 0x0000022a45705a10 code [0x0000022a45705ba0, 0x0000022a45705d58]
Event: 41.827 Thread 0x0000022a5ab337d0 8683   !   3       jdk.internal.loader.URLClassPath$JarLoader$1::run (175 bytes)
Event: 41.829 Thread 0x0000022a5ab337d0 nmethod 8683 0x0000022a45705e10 code [0x0000022a45706040, 0x0000022a457067b8]
Event: 41.829 Thread 0x0000022a5ab337d0 8684       3       jdk.internal.loader.URLClassPath$JarLoader::getJarFile (102 bytes)
Event: 41.830 Thread 0x0000022a5ab337d0 nmethod 8684 0x0000022a45706c10 code [0x0000022a45706ee0, 0x0000022a45707c08]
Event: 41.830 Thread 0x0000022a5ab337d0 8685       3       jdk.internal.loader.URLClassPath$JarLoader::isOptimizable (10 bytes)
Event: 41.830 Thread 0x0000022a5ab31e10 nmethod 8682 0x0000022a4c0c0110 code [0x0000022a4c0c02a0, 0x0000022a4c0c0558]
Event: 41.830 Thread 0x0000022a5ab337d0 nmethod 8685 0x0000022a45708110 code [0x0000022a457082c0, 0x0000022a45708428]
Event: 41.830 Thread 0x0000022a5ab337d0 8686       3       jdk.internal.loader.FileURLMapper::<init> (10 bytes)
Event: 41.830 Thread 0x0000022a5ab337d0 nmethod 8686 0x0000022a45708510 code [0x0000022a457086a0, 0x0000022a45708858]
Event: 41.830 Thread 0x0000022a5ab337d0 8687       3       jdk.internal.loader.FileURLMapper::exists (19 bytes)
Event: 41.831 Thread 0x0000022a5ab337d0 nmethod 8687 0x0000022a45708910 code [0x0000022a45708b20, 0x0000022a45709168]

GC Heap History (20 events):
Event: 33.840 GC heap before
{Heap before GC invocations=18 (full 0):
 garbage-first heap   total 81920K, used 67714K [0x0000000080000000, 0x0000000100000000)
  region size 1024K, 22 young (22528K), 4 survivors (4096K)
 Metaspace       used 50896K, committed 51520K, reserved 471040K
  class space    used 7195K, committed 7488K, reserved 421888K
}
Event: 33.846 GC heap after
{Heap after GC invocations=19 (full 0):
 garbage-first heap   total 81920K, used 50366K [0x0000000080000000, 0x0000000100000000)
  region size 1024K, 1 young (1024K), 1 survivors (1024K)
 Metaspace       used 50896K, committed 51520K, reserved 471040K
  class space    used 7195K, committed 7488K, reserved 421888K
}
Event: 34.203 GC heap before
{Heap before GC invocations=20 (full 0):
 garbage-first heap   total 91136K, used 59582K [0x0000000080000000, 0x0000000100000000)
  region size 1024K, 11 young (11264K), 1 survivors (1024K)
 Metaspace       used 51804K, committed 52480K, reserved 471040K
  class space    used 7349K, committed 7680K, reserved 421888K
}
Event: 34.211 GC heap after
{Heap after GC invocations=21 (full 0):
 garbage-first heap   total 91136K, used 50762K [0x0000000080000000, 0x0000000100000000)
  region size 1024K, 2 young (2048K), 2 survivors (2048K)
 Metaspace       used 51804K, committed 52480K, reserved 471040K
  class space    used 7349K, committed 7680K, reserved 421888K
}
Event: 35.172 GC heap before
{Heap before GC invocations=22 (full 0):
 garbage-first heap   total 97280K, used 77386K [0x0000000080000000, 0x0000000100000000)
  region size 1024K, 25 young (25600K), 2 survivors (2048K)
 Metaspace       used 53502K, committed 54144K, reserved 471040K
  class space    used 7571K, committed 7872K, reserved 421888K
}
Event: 35.177 GC heap after
{Heap after GC invocations=23 (full 0):
 garbage-first heap   total 97280K, used 55828K [0x0000000080000000, 0x0000000100000000)
  region size 1024K, 3 young (3072K), 3 survivors (3072K)
 Metaspace       used 53502K, committed 54144K, reserved 471040K
  class space    used 7571K, committed 7872K, reserved 421888K
}
Event: 35.967 GC heap before
{Heap before GC invocations=23 (full 0):
 garbage-first heap   total 97280K, used 79380K [0x0000000080000000, 0x0000000100000000)
  region size 1024K, 26 young (26624K), 3 survivors (3072K)
 Metaspace       used 55460K, committed 56128K, reserved 471040K
  class space    used 7851K, committed 8192K, reserved 421888K
}
Event: 35.973 GC heap after
{Heap after GC invocations=24 (full 0):
 garbage-first heap   total 97280K, used 56955K [0x0000000080000000, 0x0000000100000000)
  region size 1024K, 3 young (3072K), 3 survivors (3072K)
 Metaspace       used 55460K, committed 56128K, reserved 471040K
  class space    used 7851K, committed 8192K, reserved 421888K
}
Event: 36.736 GC heap before
{Heap before GC invocations=25 (full 0):
 garbage-first heap   total 101376K, used 80507K [0x0000000080000000, 0x0000000100000000)
  region size 1024K, 26 young (26624K), 3 survivors (3072K)
 Metaspace       used 58259K, committed 58880K, reserved 479232K
  class space    used 8212K, committed 8512K, reserved 421888K
}
Event: 36.741 GC heap after
{Heap after GC invocations=26 (full 0):
 garbage-first heap   total 101376K, used 57884K [0x0000000080000000, 0x0000000100000000)
  region size 1024K, 3 young (3072K), 3 survivors (3072K)
 Metaspace       used 58259K, committed 58880K, reserved 479232K
  class space    used 8212K, committed 8512K, reserved 421888K
}
Event: 37.855 GC heap before
{Heap before GC invocations=26 (full 0):
 garbage-first heap   total 101376K, used 83484K [0x0000000080000000, 0x0000000100000000)
  region size 1024K, 28 young (28672K), 3 survivors (3072K)
 Metaspace       used 59791K, committed 60480K, reserved 479232K
  class space    used 8438K, committed 8768K, reserved 421888K
}
Event: 37.860 GC heap after
{Heap after GC invocations=27 (full 0):
 garbage-first heap   total 101376K, used 59352K [0x0000000080000000, 0x0000000100000000)
  region size 1024K, 4 young (4096K), 4 survivors (4096K)
 Metaspace       used 59791K, committed 60480K, reserved 479232K
  class space    used 8438K, committed 8768K, reserved 421888K
}
Event: 38.400 GC heap before
{Heap before GC invocations=28 (full 0):
 garbage-first heap   total 109568K, used 83928K [0x0000000080000000, 0x0000000100000000)
  region size 1024K, 28 young (28672K), 4 survivors (4096K)
 Metaspace       used 61202K, committed 61888K, reserved 479232K
  class space    used 8661K, committed 8960K, reserved 421888K
}
Event: 38.406 GC heap after
{Heap after GC invocations=29 (full 0):
 garbage-first heap   total 109568K, used 60800K [0x0000000080000000, 0x0000000100000000)
  region size 1024K, 3 young (3072K), 3 survivors (3072K)
 Metaspace       used 61202K, committed 61888K, reserved 479232K
  class space    used 8661K, committed 8960K, reserved 421888K
}
Event: 39.640 GC heap before
{Heap before GC invocations=29 (full 0):
 garbage-first heap   total 109568K, used 90496K [0x0000000080000000, 0x0000000100000000)
  region size 1024K, 32 young (32768K), 3 survivors (3072K)
 Metaspace       used 63054K, committed 63744K, reserved 479232K
  class space    used 8928K, committed 9216K, reserved 421888K
}
Event: 39.651 GC heap after
{Heap after GC invocations=30 (full 0):
 garbage-first heap   total 109568K, used 63660K [0x0000000080000000, 0x0000000100000000)
  region size 1024K, 4 young (4096K), 4 survivors (4096K)
 Metaspace       used 63054K, committed 63744K, reserved 479232K
  class space    used 8928K, committed 9216K, reserved 421888K
}
Event: 41.106 GC heap before
{Heap before GC invocations=31 (full 0):
 garbage-first heap   total 111616K, used 89260K [0x0000000080000000, 0x0000000100000000)
  region size 1024K, 30 young (30720K), 4 survivors (4096K)
 Metaspace       used 65310K, committed 65984K, reserved 479232K
  class space    used 9288K, committed 9600K, reserved 421888K
}
Event: 41.119 GC heap after
{Heap after GC invocations=32 (full 0):
 garbage-first heap   total 111616K, used 65748K [0x0000000080000000, 0x0000000100000000)
  region size 1024K, 3 young (3072K), 3 survivors (3072K)
 Metaspace       used 65310K, committed 65984K, reserved 479232K
  class space    used 9288K, committed 9600K, reserved 421888K
}
Event: 41.751 GC heap before
{Heap before GC invocations=32 (full 0):
 garbage-first heap   total 111616K, used 84180K [0x0000000080000000, 0x0000000100000000)
  region size 1024K, 23 young (23552K), 3 survivors (3072K)
 Metaspace       used 65930K, committed 66560K, reserved 479232K
  class space    used 9359K, committed 9664K, reserved 421888K
}
Event: 41.755 GC heap after
{Heap after GC invocations=33 (full 0):
 garbage-first heap   total 111616K, used 66507K [0x0000000080000000, 0x0000000100000000)
  region size 1024K, 3 young (3072K), 3 survivors (3072K)
 Metaspace       used 65930K, committed 66560K, reserved 479232K
  class space    used 9359K, committed 9664K, reserved 421888K
}

Deoptimization events (20 events):
Event: 41.687 Thread 0x0000022a5ca45520 DEOPT PACKING pc=0x0000022a4482dc83 sp=0x000000e290ff8c70
Event: 41.687 Thread 0x0000022a5ca45520 DEOPT UNPACKING pc=0x0000022a44242b43 sp=0x000000e290ff81a8 mode 0
Event: 41.689 Thread 0x0000022a5ca45520 DEOPT PACKING pc=0x0000022a450ccc09 sp=0x000000e290ff8bf0
Event: 41.689 Thread 0x0000022a5ca45520 DEOPT UNPACKING pc=0x0000022a44242b43 sp=0x000000e290ff80e8 mode 0
Event: 41.692 Thread 0x0000022a5ca45520 DEOPT PACKING pc=0x0000022a4482dc83 sp=0x000000e290ff8c70
Event: 41.692 Thread 0x0000022a5ca45520 DEOPT UNPACKING pc=0x0000022a44242b43 sp=0x000000e290ff81a8 mode 0
Event: 41.694 Thread 0x0000022a5ca45520 DEOPT PACKING pc=0x0000022a450ccc09 sp=0x000000e290ff8bf0
Event: 41.694 Thread 0x0000022a5ca45520 DEOPT UNPACKING pc=0x0000022a44242b43 sp=0x000000e290ff80e8 mode 0
Event: 41.697 Thread 0x0000022a5ca45520 DEOPT PACKING pc=0x0000022a4482dc83 sp=0x000000e290ff8c70
Event: 41.697 Thread 0x0000022a5ca45520 DEOPT UNPACKING pc=0x0000022a44242b43 sp=0x000000e290ff81a8 mode 0
Event: 41.698 Thread 0x0000022a5ca45520 DEOPT PACKING pc=0x0000022a450ccc09 sp=0x000000e290ff8bf0
Event: 41.698 Thread 0x0000022a5ca45520 DEOPT UNPACKING pc=0x0000022a44242b43 sp=0x000000e290ff80e8 mode 0
Event: 41.763 Thread 0x0000022a5ca45520 Uncommon trap: trap_request=0xffffff45 fr.pc=0x0000022a4be70a4c relative=0x000000000000294c
Event: 41.763 Thread 0x0000022a5ca45520 Uncommon trap: reason=unstable_if action=reinterpret pc=0x0000022a4be70a4c method=java.util.zip.ZipFile.getInputStream(Ljava/util/zip/ZipEntry;)Ljava/io/InputStream; @ 101 c2
Event: 41.763 Thread 0x0000022a5ca45520 DEOPT PACKING pc=0x0000022a4be70a4c sp=0x000000e290ff8240
Event: 41.763 Thread 0x0000022a5ca45520 DEOPT UNPACKING pc=0x0000022a442423a3 sp=0x000000e290ff8208 mode 2
Event: 41.797 Thread 0x0000022a5ca45520 Uncommon trap: trap_request=0xffffffde fr.pc=0x0000022a4bf6bfcc relative=0x000000000000636c
Event: 41.797 Thread 0x0000022a5ca45520 Uncommon trap: reason=class_check action=maybe_recompile pc=0x0000022a4bf6bfcc method=java.util.jar.JarFile.getManifestFromReference()Ljava/util/jar/Manifest; @ 152 c2
Event: 41.797 Thread 0x0000022a5ca45520 DEOPT PACKING pc=0x0000022a4bf6bfcc sp=0x000000e290ff6600
Event: 41.797 Thread 0x0000022a5ca45520 DEOPT UNPACKING pc=0x0000022a442423a3 sp=0x000000e290ff63f8 mode 2

Classes unloaded (0 events):
No events

Classes redefined (0 events):
No events

Internal exceptions (20 events):
Event: 39.430 Thread 0x0000022a5ca45520 Exception <a 'java/lang/NoSuchMethodError'{0x0000000084fa9570}: 'java.lang.Object java.lang.invoke.DirectMethodHandle$Holder.invokeSpecial(java.lang.Object, java.lang.Object, java.lang.Object, java.lang.Object, java.lang.Object, java.lang.Object, java.lang.Object, int)'> (0x0000000084fa9570) 
thrown [s\open\src\hotspot\share\interpreter\linkResolver.cpp, line 759]
Event: 39.430 Thread 0x0000022a5ca45520 Exception <a 'java/lang/NoSuchMethodError'{0x0000000084faf140}: 'java.lang.Object java.lang.invoke.Invokers$Holder.linkToTargetMethod(java.lang.Object, java.lang.Object, java.lang.Object, java.lang.Object, java.lang.Object, int, java.lang.Object)'> (0x0000000084faf140) 
thrown [s\open\src\hotspot\share\interpreter\linkResolver.cpp, line 759]
Event: 39.465 Thread 0x0000022a5dcd01d0 Implicit null exception at 0x0000022a4be857a7 to 0x0000022a4be860fc
Event: 40.003 Thread 0x0000022a5dcce9c0 Exception <a 'java/lang/NoSuchMethodError'{0x0000000086525740}: 'java.lang.Object java.lang.invoke.DirectMethodHandle$Holder.newInvokeSpecial(java.lang.Object, java.lang.Object, java.lang.Object, java.lang.Object, int, java.lang.Object)'> (0x0000000086525740) 
thrown [s\open\src\hotspot\share\interpreter\linkResolver.cpp, line 759]
Event: 40.004 Thread 0x0000022a5dcce9c0 Exception <a 'java/lang/NoSuchMethodError'{0x0000000086529f58}: 'java.lang.Object java.lang.invoke.Invokers$Holder.linkToTargetMethod(java.lang.Object, java.lang.Object, java.lang.Object, int, java.lang.Object, java.lang.Object)'> (0x0000000086529f58) 
thrown [s\open\src\hotspot\share\interpreter\linkResolver.cpp, line 759]
Event: 40.024 Thread 0x0000022a5dcd2850 Exception <a 'java/lang/NoSuchMethodError'{0x00000000865a7c60}: 'void java.lang.invoke.DirectMethodHandle$Holder.invokeInterface(java.lang.Object, java.lang.Object, java.lang.Object, java.lang.Object)'> (0x00000000865a7c60) 
thrown [s\open\src\hotspot\share\interpreter\linkResolver.cpp, line 759]
Event: 40.125 Thread 0x0000022a5dcd2850 Exception <a 'java/lang/NoSuchMethodError'{0x00000000863a5a08}: 'int java.lang.invoke.DirectMethodHandle$Holder.invokeSpecial(java.lang.Object, java.lang.Object, java.lang.Object, java.lang.Object, java.lang.Object)'> (0x00000000863a5a08) 
thrown [s\open\src\hotspot\share\interpreter\linkResolver.cpp, line 759]
Event: 40.359 Thread 0x0000022a5dcd2850 Exception <a 'sun/nio/fs/WindowsException'{0x0000000085ddbf20}> (0x0000000085ddbf20) 
thrown [s\open\src\hotspot\share\prims\jni.cpp, line 516]
Event: 40.360 Thread 0x0000022a5dcd2850 Exception <a 'sun/nio/fs/WindowsException'{0x0000000085dde868}> (0x0000000085dde868) 
thrown [s\open\src\hotspot\share\prims\jni.cpp, line 516]
Event: 40.361 Thread 0x0000022a5dcd2850 Exception <a 'sun/nio/fs/WindowsException'{0x0000000085de0d70}> (0x0000000085de0d70) 
thrown [s\open\src\hotspot\share\prims\jni.cpp, line 516]
Event: 40.361 Thread 0x0000022a5dcd2850 Exception <a 'sun/nio/fs/WindowsException'{0x0000000085de2f70}> (0x0000000085de2f70) 
thrown [s\open\src\hotspot\share\prims\jni.cpp, line 516]
Event: 40.404 Thread 0x0000022a5dccd680 Exception <a 'java/lang/NoSuchMethodError'{0x0000000085c97470}: 'void java.lang.invoke.DirectMethodHandle$Holder.invokeVirtual(java.lang.Object, java.lang.Object)'> (0x0000000085c97470) 
thrown [s\open\src\hotspot\share\interpreter\linkResolver.cpp, line 759]
Event: 41.410 Thread 0x0000022a5d66f4b0 Exception <a 'sun/nio/fs/WindowsException'{0x0000000086818728}> (0x0000000086818728) 
thrown [s\open\src\hotspot\share\prims\jni.cpp, line 516]
Event: 41.439 Thread 0x0000022a5df0ba20 Exception <a 'sun/nio/fs/WindowsException'{0x00000000868f44d8}> (0x00000000868f44d8) 
thrown [s\open\src\hotspot\share\prims\jni.cpp, line 516]
Event: 41.650 Thread 0x0000022a5df0ba20 Exception <a 'sun/nio/fs/WindowsException'{0x0000000085e8d9b8}> (0x0000000085e8d9b8) 
thrown [s\open\src\hotspot\share\prims\jni.cpp, line 516]
Event: 41.651 Thread 0x0000022a5df0ba20 Exception <a 'sun/nio/fs/WindowsException'{0x0000000085e8dc10}> (0x0000000085e8dc10) 
thrown [s\open\src\hotspot\share\prims\jni.cpp, line 516]
Event: 41.713 Thread 0x0000022a5ca45520 Exception <a 'java/lang/ClassNotFoundException'{0x0000000085a29a58}: build_8nimh53uhj107fsvwuyop7nxwBeanInfo> (0x0000000085a29a58) 
thrown [s\open\src\hotspot\share\classfile\systemDictionary.cpp, line 256]
Event: 41.713 Thread 0x0000022a5ca45520 Exception <a 'java/lang/ClassNotFoundException'{0x0000000085a30438}: build_8nimh53uhj107fsvwuyop7nxwCustomizer> (0x0000000085a30438) 
thrown [s\open\src\hotspot\share\classfile\systemDictionary.cpp, line 256]
Event: 41.748 Thread 0x0000022a5ca45520 Exception <a 'java/lang/ClassNotFoundException'{0x0000000085943298}: build_66iiq8wgml05nh0vdiqfp7ix7BeanInfo> (0x0000000085943298) 
thrown [s\open\src\hotspot\share\classfile\systemDictionary.cpp, line 256]
Event: 41.749 Thread 0x0000022a5ca45520 Exception <a 'java/lang/ClassNotFoundException'{0x0000000085949cd8}: build_66iiq8wgml05nh0vdiqfp7ix7Customizer> (0x0000000085949cd8) 
thrown [s\open\src\hotspot\share\classfile\systemDictionary.cpp, line 256]

VM Operations (20 events):
Event: 40.559 Executing VM operation: HandshakeAllThreads done
Event: 40.653 Executing VM operation: HandshakeAllThreads
Event: 40.654 Executing VM operation: HandshakeAllThreads done
Event: 40.661 Executing VM operation: HandshakeAllThreads
Event: 40.661 Executing VM operation: HandshakeAllThreads done
Event: 41.106 Executing VM operation: G1CollectForAllocation
Event: 41.120 Executing VM operation: G1CollectForAllocation done
Event: 41.428 Executing VM operation: HandshakeAllThreads
Event: 41.428 Executing VM operation: HandshakeAllThreads done
Event: 41.433 Executing VM operation: HandshakeAllThreads
Event: 41.433 Executing VM operation: HandshakeAllThreads done
Event: 41.441 Executing VM operation: HandshakeAllThreads
Event: 41.441 Executing VM operation: HandshakeAllThreads done
Event: 41.605 Executing VM operation: HandshakeAllThreads
Event: 41.606 Executing VM operation: HandshakeAllThreads done
Event: 41.710 Executing VM operation: ICBufferFull
Event: 41.710 Executing VM operation: ICBufferFull done
Event: 41.751 Executing VM operation: G1TryInitiateConcMark
Event: 41.755 Executing VM operation: G1TryInitiateConcMark done
Event: 41.835 Executing VM operation: G1Concurrent

Events (20 events):
Event: 40.896 loading class sun/net/ProgressMeteringPolicy
Event: 40.896 loading class sun/net/ProgressMeteringPolicy done
Event: 40.896 loading class sun/net/DefaultProgressMeteringPolicy done
Event: 40.999 loading class java/util/concurrent/ConcurrentLinkedQueue$Itr
Event: 41.000 loading class java/util/concurrent/ConcurrentLinkedQueue$Itr done
Event: 41.011 Thread 0x0000022a5c6c6c40 Thread added: 0x0000022a5c6c6c40
Event: 41.011 Thread 0x0000022a5c6c2db0 Thread added: 0x0000022a5c6c2db0
Event: 41.011 Thread 0x0000022a5c6c4a90 Thread added: 0x0000022a5c6c4a90
Event: 41.011 Thread 0x0000022a5c6c5900 Thread added: 0x0000022a5c6c5900
Event: 41.012 Thread 0x0000022a5c6c9790 Thread added: 0x0000022a5c6c9790
Event: 41.012 Thread 0x0000022a5c6c75e0 Thread added: 0x0000022a5c6c75e0
Event: 41.012 Thread 0x0000022a5c6c92c0 Thread added: 0x0000022a5c6c92c0
Event: 41.405 loading class java/nio/file/StandardCopyOption
Event: 41.405 loading class java/nio/file/StandardCopyOption done
Event: 41.409 loading class sun/nio/fs/WindowsFileCopy
Event: 41.410 loading class sun/nio/fs/WindowsFileCopy done
Event: 41.413 loading class sun/nio/fs/WindowsSecurity$Privilege
Event: 41.414 loading class sun/nio/fs/WindowsSecurity$Privilege done
Event: 41.662 loading class java/util/stream/SortedOps$RefSortingSink
Event: 41.662 loading class java/util/stream/SortedOps$RefSortingSink done


Dynamic libraries:
0x00007ff6e0970000 - 0x00007ff6e0980000 	C:\Program Files\Java\jdk-17.0.4\bin\java.exe
0x00007ffb7a2b0000 - 0x00007ffb7a4a8000 	C:\Windows\SYSTEM32\ntdll.dll
0x00007ffb795d0000 - 0x00007ffb7968d000 	C:\Windows\System32\KERNEL32.DLL
0x00007ffb77e20000 - 0x00007ffb78116000 	C:\Windows\System32\KERNELBASE.dll
0x00007ffb77ca0000 - 0x00007ffb77da0000 	C:\Windows\System32\ucrtbase.dll
0x00007ffb71670000 - 0x00007ffb7168a000 	C:\Program Files\Java\jdk-17.0.4\bin\VCRUNTIME140.dll
0x00007ffb73050000 - 0x00007ffb73068000 	C:\Program Files\Java\jdk-17.0.4\bin\jli.dll
0x00007ffb79910000 - 0x00007ffb799c3000 	C:\Windows\System32\ADVAPI32.dll
0x00007ffb78310000 - 0x00007ffb783ae000 	C:\Windows\System32\msvcrt.dll
0x00007ffb784e0000 - 0x00007ffb7857f000 	C:\Windows\System32\sechost.dll
0x00007ffb783b0000 - 0x00007ffb784d6000 	C:\Windows\System32\RPCRT4.dll
0x00007ffb77da0000 - 0x00007ffb77dc7000 	C:\Windows\System32\bcrypt.dll
0x00007ffb79370000 - 0x00007ffb7950e000 	C:\Windows\System32\USER32.dll
0x00007ffb61a00000 - 0x00007ffb61c9a000 	C:\Windows\WinSxS\amd64_microsoft.windows.common-controls_6595b64144ccf1df_6.0.19041.3636_none_60b6a03d71f818d5\COMCTL32.dll
0x00007ffb781b0000 - 0x00007ffb781d2000 	C:\Windows\System32\win32u.dll
0x00007ffb79810000 - 0x00007ffb7983c000 	C:\Windows\System32\GDI32.dll
0x00007ffb77a20000 - 0x00007ffb77b3a000 	C:\Windows\System32\gdi32full.dll
0x00007ffb77980000 - 0x00007ffb77a1d000 	C:\Windows\System32\msvcp_win.dll
0x00007ffb6eb80000 - 0x00007ffb6eb8a000 	C:\Windows\SYSTEM32\VERSION.dll
0x00007ffb79340000 - 0x00007ffb79370000 	C:\Windows\System32\IMM32.DLL
0x00007ffb732a0000 - 0x00007ffb732ac000 	C:\Program Files\Java\jdk-17.0.4\bin\vcruntime140_1.dll
0x00007ffb6da50000 - 0x00007ffb6dadd000 	C:\Program Files\Java\jdk-17.0.4\bin\msvcp140.dll
0x00007ffb4af70000 - 0x00007ffb4bb32000 	C:\Program Files\Java\jdk-17.0.4\bin\server\jvm.dll
0x00007ffb78300000 - 0x00007ffb78308000 	C:\Windows\System32\PSAPI.DLL
0x00007ffb61ca0000 - 0x00007ffb61ca9000 	C:\Windows\SYSTEM32\WSOCK32.dll
0x00007ffb64620000 - 0x00007ffb64647000 	C:\Windows\SYSTEM32\WINMM.dll
0x00007ffb79720000 - 0x00007ffb7978b000 	C:\Windows\System32\WS2_32.dll
0x00007ffb761c0000 - 0x00007ffb761d2000 	C:\Windows\SYSTEM32\kernel.appcore.dll
0x00007ffb73040000 - 0x00007ffb7304a000 	C:\Program Files\Java\jdk-17.0.4\bin\jimage.dll
0x00007ffb755f0000 - 0x00007ffb757d4000 	C:\Windows\SYSTEM32\DBGHELP.DLL
0x00007ffb576b0000 - 0x00007ffb576e4000 	C:\Windows\SYSTEM32\dbgcore.DLL
0x00007ffb78120000 - 0x00007ffb781a2000 	C:\Windows\System32\bcryptPrimitives.dll
0x00007ffb619f0000 - 0x00007ffb619fe000 	C:\Program Files\Java\jdk-17.0.4\bin\instrument.dll
0x00007ffb6f3b0000 - 0x00007ffb6f3d5000 	C:\Program Files\Java\jdk-17.0.4\bin\java.dll
0x00007ffb5d700000 - 0x00007ffb5d7d6000 	C:\Program Files\Java\jdk-17.0.4\bin\jsvml.dll
0x00007ffb78b90000 - 0x00007ffb792d5000 	C:\Windows\System32\SHELL32.dll
0x00007ffb75a10000 - 0x00007ffb761ab000 	C:\Windows\SYSTEM32\windows.storage.dll
0x00007ffb799d0000 - 0x00007ffb79d24000 	C:\Windows\System32\combase.dll
0x00007ffb772e0000 - 0x00007ffb7730d000 	C:\Windows\SYSTEM32\Wldp.dll
0x00007ffb79520000 - 0x00007ffb795cd000 	C:\Windows\System32\SHCORE.dll
0x00007ffb792e0000 - 0x00007ffb79335000 	C:\Windows\System32\shlwapi.dll
0x00007ffb778b0000 - 0x00007ffb778d5000 	C:\Windows\SYSTEM32\profapi.dll
0x00007ffb6f4c0000 - 0x00007ffb6f4d8000 	C:\Program Files\Java\jdk-17.0.4\bin\zip.dll
0x00007ffb71650000 - 0x00007ffb71669000 	C:\Program Files\Java\jdk-17.0.4\bin\net.dll
0x00007ffb6dd70000 - 0x00007ffb6de7a000 	C:\Windows\SYSTEM32\WINHTTP.dll
0x00007ffb77040000 - 0x00007ffb770aa000 	C:\Windows\system32\mswsock.dll
0x00007ffb6f760000 - 0x00007ffb6f776000 	C:\Program Files\Java\jdk-17.0.4\bin\nio.dll
0x00007ffb62c40000 - 0x00007ffb62c50000 	C:\Program Files\Java\jdk-17.0.4\bin\verify.dll
0x00007ffb1fac0000 - 0x00007ffb1fae7000 	C:\Users\keita\.gradle\native\68d5fa5c4cc2d200863cafc0d521ce42e7d3e7ee720ec0a83991735586a16f82\windows-amd64\native-platform.dll
0x00007ffb3fbe0000 - 0x00007ffb3fd24000 	C:\Users\keita\.gradle\native\e376f236ea51e6404a007f0833ffe2c6e607c4080706a723a18a27aeea778392\windows-amd64\native-platform-file-events.dll
0x00007ffb730f0000 - 0x00007ffb730f9000 	C:\Program Files\Java\jdk-17.0.4\bin\management.dll
0x00007ffb730e0000 - 0x00007ffb730eb000 	C:\Program Files\Java\jdk-17.0.4\bin\management_ext.dll
0x00007ffb77240000 - 0x00007ffb77258000 	C:\Windows\SYSTEM32\CRYPTSP.dll
0x00007ffb76970000 - 0x00007ffb769a4000 	C:\Windows\system32\rsaenh.dll
0x00007ffb77830000 - 0x00007ffb7785e000 	C:\Windows\SYSTEM32\USERENV.dll
0x00007ffb77230000 - 0x00007ffb7723c000 	C:\Windows\SYSTEM32\CRYPTBASE.dll
0x00007ffb76d30000 - 0x00007ffb76d6b000 	C:\Windows\SYSTEM32\IPHLPAPI.DLL
0x00007ffb7a260000 - 0x00007ffb7a268000 	C:\Windows\System32\NSI.dll
0x00007ffb6fa30000 - 0x00007ffb6fa47000 	C:\Windows\SYSTEM32\dhcpcsvc6.DLL
0x00007ffb6fa10000 - 0x00007ffb6fa2d000 	C:\Windows\SYSTEM32\dhcpcsvc.DLL
0x00007ffb76d70000 - 0x00007ffb76e3a000 	C:\Windows\SYSTEM32\DNSAPI.dll
0x00007ffb71590000 - 0x00007ffb7159e000 	C:\Program Files\Java\jdk-17.0.4\bin\sunmscapi.dll
0x00007ffb77b40000 - 0x00007ffb77c9d000 	C:\Windows\System32\CRYPT32.dll
0x00007ffb77350000 - 0x00007ffb77378000 	C:\Windows\SYSTEM32\ncrypt.dll
0x00007ffb77310000 - 0x00007ffb7734b000 	C:\Windows\SYSTEM32\NTASN1.dll
0x00007ffb61450000 - 0x00007ffb61457000 	C:\Windows\system32\wshunix.dll
0x00007ffb5d690000 - 0x00007ffb5d6a7000 	C:\Windows\system32\napinsp.dll
0x00007ffb5d6b0000 - 0x00007ffb5d6cb000 	C:\Windows\system32\pnrpnsp.dll
0x00007ffb722a0000 - 0x00007ffb722b5000 	C:\Windows\system32\wshbth.dll
0x00007ffb72f90000 - 0x00007ffb72fad000 	C:\Windows\system32\NLAapi.dll
0x00007ffb5f9a0000 - 0x00007ffb5f9b2000 	C:\Windows\System32\winrnr.dll
0x000000005bac0000 - 0x000000005bae6000 	C:\Program Files\Bonjour\mdnsNSP.dll
0x00007ffb6eb90000 - 0x00007ffb6eb9a000 	C:\Windows\System32\rasadhlp.dll
0x00007ffb6d780000 - 0x00007ffb6d800000 	C:\Windows\System32\fwpuclnt.dll
0x00007ffb76ab0000 - 0x00007ffb76ae3000 	C:\Windows\SYSTEM32\ntmarta.dll

dbghelp: loaded successfully - version: 4.0.5 - missing functions: none
symbol engine: initialized successfully - sym options: 0x614 - pdb path: .;C:\Program Files\Java\jdk-17.0.4\bin;C:\Windows\SYSTEM32;C:\Windows\WinSxS\amd64_microsoft.windows.common-controls_6595b64144ccf1df_6.0.19041.3636_none_60b6a03d71f818d5;C:\Program Files\Java\jdk-17.0.4\bin\server;C:\Users\keita\.gradle\native\68d5fa5c4cc2d200863cafc0d521ce42e7d3e7ee720ec0a83991735586a16f82\windows-amd64;C:\Users\keita\.gradle\native\e376f236ea51e6404a007f0833ffe2c6e607c4080706a723a18a27aeea778392\windows-amd64;C:\Program Files\Bonjour

VM Arguments:
jvm_args: -XX:MaxMetaspaceSize=512m --add-opens=java.base/java.util=ALL-UNNAMED --add-opens=java.base/java.lang=ALL-UNNAMED --add-opens=java.base/java.lang.invoke=ALL-UNNAMED --add-opens=java.prefs/java.util.prefs=ALL-UNNAMED --add-opens=java.base/java.nio.charset=ALL-UNNAMED --add-opens=java.base/java.net=ALL-UNNAMED --add-opens=java.base/java.util.concurrent.atomic=ALL-UNNAMED -Xmx2048m -Dfile.encoding=windows-1252 -Duser.country=ML -Duser.language=fr -Duser.variant -javaagent:C:\Users\keita\.gradle\wrapper\dists\gradle-8.3-all\6en3ugtfdg5xnpx44z4qbwgas\gradle-8.3\lib\agents\gradle-instrumentation-agent-8.3.jar 
java_command: org.gradle.launcher.daemon.bootstrap.GradleDaemon 8.3
java_class_path (initial): C:\Users\keita\.gradle\wrapper\dists\gradle-8.3-all\6en3ugtfdg5xnpx44z4qbwgas\gradle-8.3\lib\gradle-launcher-8.3.jar
Launcher Type: SUN_STANDARD

[Global flags]
     intx CICompilerCount                          = 4                                         {product} {ergonomic}
   size_t CompressedClassSpaceSize                 = 432013312                                 {product} {ergonomic}
     uint ConcGCThreads                            = 2                                         {product} {ergonomic}
     uint G1ConcRefinementThreads                  = 8                                         {product} {ergonomic}
   size_t G1HeapRegionSize                         = 1048576                                   {product} {ergonomic}
    uintx GCDrainStackTargetSize                   = 64                                        {product} {ergonomic}
   size_t InitialHeapSize                          = 134217728                                 {product} {ergonomic}
   size_t MarkStackSize                            = 4194304                                   {product} {ergonomic}
   size_t MaxHeapSize                              = 2147483648                                {product} {command line}
   size_t MaxMetaspaceSize                         = 536870912                                 {product} {command line}
   size_t MaxNewSize                               = 1287651328                                {product} {ergonomic}
   size_t MinHeapDeltaBytes                        = 1048576                                   {product} {ergonomic}
   size_t MinHeapSize                              = 8388608                                   {product} {ergonomic}
    uintx NonNMethodCodeHeapSize                   = 5839372                                {pd product} {ergonomic}
    uintx NonProfiledCodeHeapSize                  = 122909434                              {pd product} {ergonomic}
    uintx ProfiledCodeHeapSize                     = 122909434                              {pd product} {ergonomic}
    uintx ReservedCodeCacheSize                    = 251658240                              {pd product} {ergonomic}
     bool SegmentedCodeCache                       = true                                      {product} {ergonomic}
   size_t SoftMaxHeapSize                          = 2147483648                             {manageable} {ergonomic}
     bool UseCompressedClassPointers               = true                           {product lp64_product} {ergonomic}
     bool UseCompressedOops                        = true                           {product lp64_product} {ergonomic}
     bool UseG1GC                                  = true                                      {product} {ergonomic}
     bool UseLargePagesIndividualAllocation        = false                                  {pd product} {ergonomic}

Logging:
Log output configuration:
 #0: stdout all=warning uptime,level,tags
 #1: stderr all=off uptime,level,tags

Environment Variables:
CLASSPATH=D:\keita\project\cours\react-native\Instagram\android\\gradle\wrapper\gradle-wrapper.jar
PATH=D:\keita\project\cours\react-native\Instagram\node_modules\.bin;D:\keita\project\cours\react-native\Instagram\node_modules\.bin;D:\keita\project\cours\react-native\node_modules\.bin;D:\keita\project\cours\node_modules\.bin;D:\keita\project\node_modules\.bin;D:\keita\node_modules\.bin;D:\node_modules\.bin;C:\Program Files\nodejs\node_modules\npm\node_modules\@npmcli\run-script\lib\node-gyp-bin;D:\keita\project\cours\react-native\Instagram\node_modules\.bin;D:\keita\project\cours\react-native\node_modules\.bin;D:\keita\project\cours\node_modules\.bin;D:\keita\project\node_modules\.bin;D:\keita\node_modules\.bin;D:\node_modules\.bin;C:\Program Files\nodejs\node_modules\npm\node_modules\@npmcli\run-script\lib\node-gyp-bin;C:\Program Files (x86)\VMware\VMware Workstation\bin\;C:\Program Files\Common Files\Oracle\Java\javapath;C:\Python311\Scripts\;C:\Python311\;C:\Windows\system32;C:\Windows;C:\Windows\System32\Wbem;C:\Windows\System32\WindowsPowerShell\v1.0\;C:\Windows\System32\OpenSSH\;C:\Program Files\nodejs\;C:\ProgramData\chocolatey\bin;C:\Program Files\Intel\WiFi\bin\;C:\Program Files\Common Files\Intel\WirelessCommon\;C:\Program Files\Git\cmd;C:\Users\keita\AppData\Local\Microsoft\WindowsApps;C:\Users\keita\AppData\Local\Programs\Microsoft VS Code\bin;C:\Users\keita\AppData\Roaming\npm;C:\Users\keita\AppData\Local\Google\Cloud SDK\google-cloud-sdk\bin;D:\programes\maven\bin;D:\programes\flutter\bin;C:\Program Files\Java\jdk-17.0.4\bin;
USERNAME=keita
LANG=en_US.UTF-8
OS=Windows_NT
PROCESSOR_IDENTIFIER=Intel64 Family 6 Model 142 Stepping 10, GenuineIntel



---------------  S Y S T E M  ---------------

OS:
 Windows 10 , 64 bit Build 19041 (10.0.19041.3636)
OS uptime: 0 days 5:39 hours

CPU: total 8 (initial active 8) (4 cores per cpu, 2 threads per core) family 6 model 142 stepping 10 microcode 0xf0, cx8, cmov, fxsr, ht, mmx, 3dnowpref, sse, sse2, sse3, ssse3, sse4.1, sse4.2, popcnt, lzcnt, tsc, tscinvbit, avx, avx2, aes, erms, clmul, bmi1, bmi2, adx, fma, vzeroupper, clflush, clflushopt

Memory: 4k page, system-wide physical 8086M (202M free)
TotalPageFile size 10134M (AvailPageFile size 0M)
current process WorkingSet (physical memory assigned to process): 310M, peak: 317M
current process commit charge ("private bytes"): 351M, peak: 364M

vm_info: Java HotSpot(TM) 64-Bit Server VM (17.0.4+11-LTS-179) for windows-amd64 JRE (17.0.4+11-LTS-179), built on Jun 28 2022 08:23:05 by "mach5one" with MS VC++ 16.8 / 16.9 (VS2019)

END.
